#
# A fatal error has been detected by the Java Runtime Environment:
#
#  EXCEPTION_ACCESS_VIOLATION (0xc0000005) at pc=0x00007ffaed5db024, pid=20820, tid=21276
#
# JRE version: OpenJDK Runtime Environment Temurin-17.0.16+8 (17.0.16+8) (build 17.0.16+8)
# Java VM: OpenJDK 64-Bit Server VM Temurin-17.0.16+8 (17.0.16+8, mixed mode, sharing, tiered, compressed oops, compressed class ptrs, g1 gc, windows-amd64)
# Problematic frame:
# V  [jvm.dll+0x14b024]
#
# No core dump will be written. Minidumps are not enabled by default on client versions of Windows
#
# If you would like to submit a bug report, please visit:
#   https://github.com/adoptium/adoptium-support/issues
#

---------------  S U M M A R Y ------------

Command Line: --add-opens=java.base/java.lang=ALL-UNNAMED --add-opens=java.base/java.lang.invoke=ALL-UNNAMED --add-opens=java.base/java.util=ALL-UNNAMED --add-opens=java.prefs/java.util.prefs=ALL-UNNAMED --add-exports=jdk.compiler/com.sun.tools.javac.api=ALL-UNNAMED --add-exports=jdk.compiler/com.sun.tools.javac.util=ALL-UNNAMED --add-opens=java.base/java.util=ALL-UNNAMED --add-opens=java.prefs/java.util.prefs=ALL-UNNAMED --add-opens=java.base/java.nio.charset=ALL-UNNAMED --add-opens=java.base/java.net=ALL-UNNAMED --add-opens=java.base/java.util.concurrent=ALL-UNNAMED --add-opens=java.base/java.util.concurrent.atomic=ALL-UNNAMED --add-opens=java.xml/javax.xml.namespace=ALL-UNNAMED --add-opens=java.base/java.time=ALL-UNNAMED -XX:MaxMetaspaceSize=384m -XX:+HeapDumpOnOutOfMemoryError -Xms256m -Xmx512m -Dfile.encoding=UTF-8 -Duser.country=US -Duser.language=en -Duser.variant -javaagent:C:\Users\Admin\.gradle\wrapper\dists\gradle-9.2.1-bin\2t0n5ozlw9xmuyvbp7dnzaxug\gradle-9.2.1\lib\agents\gradle-instrumentation-agent-9.2.1.jar org.gradle.launcher.daemon.bootstrap.GradleDaemon 9.2.1

Host: 12th Gen Intel(R) Core(TM) i5-12500H, 16 cores, 23G,  Windows 11 , 64 bit Build 22621 (10.0.22621.3958)
Time: Thu Dec 25 09:21:43 2025 SE Asia Standard Time elapsed time: 1.714606 seconds (0d 0h 0m 1s)

---------------  T H R E A D  ---------------

Current thread (0x000002a16c7162a0):  JavaThread "C1 CompilerThread1" daemon [_thread_in_native, id=21276, stack(0x000000a3d7900000,0x000000a3d7a00000)]


Current CompileTask:
C1:   1714 2573       3       org.gradle.util.internal.DefaultGradleVersion::compareTo (294 bytes)

Stack: [0x000000a3d7900000,0x000000a3d7a00000],  sp=0x000000a3d79fec80,  free space=1019k
Native frames: (J=compiled Java code, j=interpreted, Vv=VM code, C=native code)
V  [jvm.dll+0x14b024]
V  [jvm.dll+0x14be76]
V  [jvm.dll+0x149713]
V  [jvm.dll+0x14c470]
V  [jvm.dll+0x14a343]
V  [jvm.dll+0x134de7]
V  [jvm.dll+0x134f40]
V  [jvm.dll+0x135218]
V  [jvm.dll+0x1346a1]
V  [jvm.dll+0x13638d]
V  [jvm.dll+0x227b3c]
V  [jvm.dll+0x225ccb]
V  [jvm.dll+0x7ef2d8]
V  [jvm.dll+0x7e979c]
V  [jvm.dll+0x682047]
C  [ucrtbase.dll+0x29333]
C  [KERNEL32.DLL+0x1257d]
C  [ntdll.dll+0x5af08]


siginfo: EXCEPTION_ACCESS_VIOLATION (0xc0000005), reading address 0x0000000000000018


Registers:
RAX=0x0000000000000000, RBX=0x000002a17220fc00, RCX=0x000002a17220f640, RDX=0x000002a17220fc00
RSP=0x000000a3d79fec80, RBP=0x0000000000000000, RSI=0x000000a3d79fed60, RDI=0x000002a17220f640
R8 =0x00007ffaeddbdae8, R9 =0x0000000000000040, R10=0x00007ffb79310000, R11=0x00007ffb79321a6d
R12=0x000002a16c4eb9d0, R13=0x000000a3d79ff560, R14=0x000002a16c517c70, R15=0x000002a15f7cbc90
RIP=0x00007ffaed5db024, EFLAGS=0x0000000000010246

XMM[0]=0x0000000000000000 0x0000000000000000
XMM[1]=0x0000000000000000 0x0000000000000000
XMM[2]=0x0000000000000000 0x0000000000000000
XMM[3]=0x0000000000000000 0x0000000000000000
XMM[4]=0x0000000000000000 0x0000000000000000
XMM[5]=0x0000000000000000 0x0000000000000000
XMM[6]=0x0000000000000000 0x0000000000000000
XMM[7]=0x0000000000000000 0x0000000000000000
XMM[8]=0x0000000000000000 0x0000000000000000
XMM[9]=0x0000000000000000 0x0000000000000000
XMM[10]=0x0000000000000000 0x0000000000000000
XMM[11]=0x0000000000000000 0x0000000000000000
XMM[12]=0x0000000000000000 0x0000000000000000
XMM[13]=0x0000000000000000 0x0000000000000000
XMM[14]=0x0000000000000000 0x0000000000000000
XMM[15]=0x0000000000000000 0x0000000000000000
  MXCSR=0x00001fa0


Register to memory mapping:

RIP=0x00007ffaed5db024 jvm.dll
RAX=0x0 is NULL
RBX=0x000002a17220fc00 points into unknown readable memory: 0x000002a17220f640 | 40 f6 20 72 a1 02 00 00
RCX=0x000002a17220f640 points into unknown readable memory: 0x0000000000000000 | 00 00 00 00 00 00 00 00
RDX=0x000002a17220fc00 points into unknown readable memory: 0x000002a17220f640 | 40 f6 20 72 a1 02 00 00
RSP=0x000000a3d79fec80 is pointing into the stack for thread: 0x000002a16c7162a0
RBP=0x0 is NULL
RSI=0x000000a3d79fed60 is pointing into the stack for thread: 0x000002a16c7162a0
RDI=0x000002a17220f640 points into unknown readable memory: 0x0000000000000000 | 00 00 00 00 00 00 00 00
R8 =0x00007ffaeddbdae8 jvm.dll
R9 =0x0000000000000040 is an unknown value
R10=0x00007ffb79310000 VCRUNTIME140.dll
R11=0x00007ffb79321a6d VCRUNTIME140.dll
R12=0x000002a16c4eb9d0 points into unknown readable memory: 0x00007ffaeddb6610 | 10 66 db ed fa 7f 00 00
R13=0x000000a3d79ff560 is pointing into the stack for thread: 0x000002a16c7162a0
R14=0x000002a16c517c70 points into unknown readable memory: 0x00007ffaeddad490 | 90 d4 da ed fa 7f 00 00
R15=0x000002a15f7cbc90 is at code_begin+-112 in 
[CodeBlob (0x000002a15f7cbc90)]
Framesize: 0
BufferBlob (0x000002a15f7cbc90) used for C1 temporary CodeBuffer


Top of Stack: (sp=0x000000a3d79fec80)
0x000000a3d79fec80:   000002a16c4ebba0 000000a3d79fed09
0x000000a3d79fec90:   0000005900000042 000002a172629050
0x000000a3d79feca0:   000000a3d79fed60 00007ffaed5dbe76
0x000000a3d79fecb0:   0000000000000000 000002a17220fcc0
0x000000a3d79fecc0:   00007ffaeddbfde8 000000a3d79feda8
0x000000a3d79fecd0:   000002a17220fcc0 00007ffaed5d9713
0x000000a3d79fece0:   0000000000000041 000000a3d79fed70
0x000000a3d79fecf0:   000002a172627be0 0000000000000000
0x000000a3d79fed00:   000000a3d79fed70 00007ffaed5dc470
0x000000a3d79fed10:   000002a17220fcc0 0000000000000041
0x000000a3d79fed20:   000002a1713db5d0 000002a15f7cbc90
0x000000a3d79fed30:   000002a1713db5d0 00007ffaed5da343
0x000000a3d79fed40:   000002a172627b70 0000000000000042
0x000000a3d79fed50:   000002a172481a70 000000a3d79ff0e0
0x000000a3d79fed60:   00007ffaeddbdae8 00007ffaed5da60b
0x000000a3d79fed70:   00007ffaeddbdaf8 000002a172627b70
0x000000a3d79fed80:   000002a100000001 00000000000382c0
0x000000a3d79fed90:   0000000000000000 00007ffaed5c4de7
0x000000a3d79feda0:   000000a3d79ff0e0 000000a3d79fee09
0x000000a3d79fedb0:   00007ffaedfafc60 000002a16c517c70
0x000000a3d79fedc0:   00007ffaeddc0d18 000000a3d79ff0e0
0x000000a3d79fedd0:   000002a1713dff30 0000004200000042
0x000000a3d79fede0:   000002a1713db960 0000000000000000
0x000000a3d79fedf0:   000002a1713dbb70 0000000000000162
0x000000a3d79fee00:   0000000000000001 00007ffa00000005
0x000000a3d79fee10:   000002a16c4e0000 0000000000000000
0x000000a3d79fee20:   0000000000000002 00007ffaed5c4900
0x000000a3d79fee30:   0000000700000037 00007ffaedd28bc2
0x000000a3d79fee40:   0000000000000000 000002a16c7162a0
0x000000a3d79fee50:   0000000000000000 000000a300000006
0x000000a3d79fee60:   0000000000000000 00007ffaed5c4f40
0x000000a3d79fee70:   000000a3d79ff100 000000a3d79ff0e0 

Instructions: (pc=0x00007ffaed5db024)
0x00007ffaed5daf24:   48 83 c4 58 c3 cc cc cc cc cc cc cc 48 89 5c 24
0x00007ffaed5daf34:   08 57 48 83 ec 20 8b 41 20 48 8b fa ff c0 48 8b
0x00007ffaed5daf44:   d9 89 41 20 83 f8 14 7e 17 48 8b 49 18 e8 1a f7
0x00007ffaed5daf54:   fe ff ff 4b 20 48 8b 5c 24 30 48 83 c4 20 5f c3
0x00007ffaed5daf64:   48 8b 0a 48 8b d3 48 8b 01 ff 90 b0 01 00 00 48
0x00007ffaed5daf74:   8b 0f 48 8b 01 ff 90 38 01 00 00 48 85 c0 74 0f
0x00007ffaed5daf84:   48 8b 0f 48 8b d3 48 8b 01 ff 90 b8 01 00 00 ff
0x00007ffaed5daf94:   4b 20 48 8b 5c 24 30 48 83 c4 20 5f c3 cc cc cc
0x00007ffaed5dafa4:   cc cc cc cc cc cc cc cc cc cc cc cc 48 89 5c 24
0x00007ffaed5dafb4:   08 56 48 83 ec 20 48 8b 1a 48 8b f2 48 85 db 74
0x00007ffaed5dafc4:   21 48 83 7b 28 00 74 1a 48 8b 4b 28 e8 9b b7 ff
0x00007ffaed5dafd4:   ff 48 3b c3 74 0c 48 8b 4b 28 e8 8d b7 ff ff 48
0x00007ffaed5dafe4:   89 06 48 8b 5c 24 30 48 83 c4 20 5e c3 cc cc cc
0x00007ffaed5daff4:   cc cc cc cc cc cc cc cc cc cc cc cc 48 89 5c 24
0x00007ffaed5db004:   08 48 89 74 24 10 57 48 83 ec 20 48 8b 3a 48 8b
0x00007ffaed5db014:   da 48 8b f1 f6 47 3a 01 75 62 48 8b 07 48 8b cf
0x00007ffaed5db024:   ff 50 18 48 85 c0 75 54 48 8b 07 48 8b cf ff 50
0x00007ffaed5db034:   10 48 85 c0 75 46 65 48 8b 04 25 58 00 00 00 8b
0x00007ffaed5db044:   0d 2f 14 a8 00 48 8b 3c c8 b8 50 00 00 00 80 3c
0x00007ffaed5db054:   38 00 75 05 e8 6b a3 74 00 b8 20 00 00 00 48 8d
0x00007ffaed5db064:   15 97 2a 7e 00 48 8b 04 38 48 8b 88 d8 04 00 00
0x00007ffaed5db074:   48 8b 89 80 00 00 00 e8 80 9a fe ff 48 8b 03 83
0x00007ffaed5db084:   78 10 00 75 11 83 78 0c 00 7f 0b 48 8b d3 48 8b
0x00007ffaed5db094:   ce e8 96 fe ff ff 48 8b 03 48 8b 5c 24 30 48 8b
0x00007ffaed5db0a4:   74 24 38 ff 40 0c 48 83 c4 20 5f c3 48 89 5c 24
0x00007ffaed5db0b4:   20 55 56 57 48 83 ec 20 49 8b c0 49 8b f9 4c 8b
0x00007ffaed5db0c4:   44 24 70 8b da 48 8b d0 45 33 c9 48 8b f1 e8 19
0x00007ffaed5db0d4:   48 fe ff 81 4e 10 00 20 00 00 48 8d 05 a3 2a 7e
0x00007ffaed5db0e4:   00 89 5e 68 48 8b 5c 24 68 48 89 06 48 8b 44 24
0x00007ffaed5db0f4:   60 48 89 46 78 48 c7 46 60 00 00 00 00 48 89 7e
0x00007ffaed5db104:   70 48 89 9e 88 00 00 00 48 83 7b 10 00 75 1a 48
0x00007ffaed5db114:   8b 03 48 8b cb ff 50 20 84 c0 75 0d 8b 56 38 4c 


Stack slot to memory mapping:
stack at sp + 0 slots: 0x000002a16c4ebba0 points into unknown readable memory: 0x0000000000000000 | 00 00 00 00 00 00 00 00
stack at sp + 1 slots: 0x000000a3d79fed09 is pointing into the stack for thread: 0x000002a16c7162a0
stack at sp + 2 slots: 0x0000005900000042 is an unknown value
stack at sp + 3 slots: 0x000002a172629050 points into unknown readable memory: 0x000002a1713d8750 | 50 87 3d 71 a1 02 00 00
stack at sp + 4 slots: 0x000000a3d79fed60 is pointing into the stack for thread: 0x000002a16c7162a0
stack at sp + 5 slots: 0x00007ffaed5dbe76 jvm.dll
stack at sp + 6 slots: 0x0 is NULL
stack at sp + 7 slots: 0x000002a17220fcc0 points into unknown readable memory: 0x00007ffaeddbdb88 | 88 db db ed fa 7f 00 00


---------------  P R O C E S S  ---------------

Threads class SMR info:
_java_thread_list=0x000002a173b39540, length=31, elements={
0x000002a14ef1e6b0, 0x000002a16c4eed20, 0x000002a16c4efba0, 0x000002a16c507470,
0x000002a16c5090b0, 0x000002a16c50bb80, 0x000002a16c50d550, 0x000002a16c50e240,
0x000002a16c5106c0, 0x000002a16c513b00, 0x000002a16c711350, 0x000002a16c7162a0,
0x000002a16c71efd0, 0x000002a16c750330, 0x000002a16c82fae0, 0x000002a16c9613e0,
0x000002a17103c020, 0x000002a172ee6ac0, 0x000002a171fa5c10, 0x000002a17379c5f0,
0x000002a172b24970, 0x000002a172c251a0, 0x000002a173b2c8e0, 0x000002a173b2a570,
0x000002a173b2b4a0, 0x000002a173b2af90, 0x000002a173b2b9b0, 0x000002a173b29b50,
0x000002a173b2cdf0, 0x000002a173b2bec0, 0x000002a173b2c3d0
}

Java Threads: ( => current thread )
  0x000002a14ef1e6b0 JavaThread "main" [_thread_blocked, id=3892, stack(0x000000a3d6800000,0x000000a3d6900000)]
  0x000002a16c4eed20 JavaThread "Reference Handler" daemon [_thread_blocked, id=20000, stack(0x000000a3d6f00000,0x000000a3d7000000)]
  0x000002a16c4efba0 JavaThread "Finalizer" daemon [_thread_blocked, id=1764, stack(0x000000a3d7000000,0x000000a3d7100000)]
  0x000002a16c507470 JavaThread "Signal Dispatcher" daemon [_thread_blocked, id=4692, stack(0x000000a3d7100000,0x000000a3d7200000)]
  0x000002a16c5090b0 JavaThread "Attach Listener" daemon [_thread_blocked, id=11420, stack(0x000000a3d7200000,0x000000a3d7300000)]
  0x000002a16c50bb80 JavaThread "Service Thread" daemon [_thread_blocked, id=15928, stack(0x000000a3d7300000,0x000000a3d7400000)]
  0x000002a16c50d550 JavaThread "Monitor Deflation Thread" daemon [_thread_blocked, id=8408, stack(0x000000a3d7400000,0x000000a3d7500000)]
  0x000002a16c50e240 JavaThread "C2 CompilerThread0" daemon [_thread_in_native, id=21492, stack(0x000000a3d7500000,0x000000a3d7600000)]
  0x000002a16c5106c0 JavaThread "C1 CompilerThread0" daemon [_thread_blocked, id=11528, stack(0x000000a3d7600000,0x000000a3d7700000)]
  0x000002a16c513b00 JavaThread "Sweeper thread" daemon [_thread_blocked, id=22260, stack(0x000000a3d7700000,0x000000a3d7800000)]
  0x000002a16c711350 JavaThread "Common-Cleaner" daemon [_thread_blocked, id=11192, stack(0x000000a3d7800000,0x000000a3d7900000)]
=>0x000002a16c7162a0 JavaThread "C1 CompilerThread1" daemon [_thread_in_native, id=21276, stack(0x000000a3d7900000,0x000000a3d7a00000)]
  0x000002a16c71efd0 JavaThread "C1 CompilerThread2" daemon [_thread_blocked, id=14528, stack(0x000000a3d7a00000,0x000000a3d7b00000)]
  0x000002a16c750330 JavaThread "C2 CompilerThread1" daemon [_thread_in_native, id=9332, stack(0x000000a3d7b00000,0x000000a3d7c00000)]
  0x000002a16c82fae0 JavaThread "Notification Thread" daemon [_thread_blocked, id=1256, stack(0x000000a3d7c00000,0x000000a3d7d00000)]
  0x000002a16c9613e0 JavaThread "C2 CompilerThread2" daemon [_thread_blocked, id=1832, stack(0x000000a3d7e00000,0x000000a3d7f00000)]
  0x000002a17103c020 JavaThread "C2 CompilerThread3" daemon [_thread_in_native, id=1732, stack(0x000000a3d7f00000,0x000000a3d8000000)]
  0x000002a172ee6ac0 JavaThread "C1 CompilerThread3" daemon [_thread_blocked, id=23012, stack(0x000000a3d8600000,0x000000a3d8700000)]
  0x000002a171fa5c10 JavaThread "Daemon health stats" [_thread_blocked, id=19648, stack(0x000000a3d8700000,0x000000a3d8800000)]
  0x000002a17379c5f0 JavaThread "Incoming local TCP Connector on port 64467" [_thread_in_native, id=24424, stack(0x000000a3d8800000,0x000000a3d8900000)]
  0x000002a172b24970 JavaThread "Daemon periodic checks" [_thread_blocked, id=10260, stack(0x000000a3d8900000,0x000000a3d8a00000)]
  0x000002a172c251a0 JavaThread "Daemon" [_thread_blocked, id=22908, stack(0x000000a3d8a00000,0x000000a3d8b00000)]
  0x000002a173b2c8e0 JavaThread "Handler for socket connection from /127.0.0.1:64467 to /127.0.0.1:64468" [_thread_in_native, id=18664, stack(0x000000a3d8b00000,0x000000a3d8c00000)]
  0x000002a173b2a570 JavaThread "Cancel handler" [_thread_blocked, id=21536, stack(0x000000a3d8c00000,0x000000a3d8d00000)]
  0x000002a173b2b4a0 JavaThread "Daemon worker" [_thread_in_vm, id=1360, stack(0x000000a3d8d00000,0x000000a3d8e00000)]
  0x000002a173b2af90 JavaThread "Asynchronous log dispatcher for DefaultDaemonConnection: socket connection from /127.0.0.1:64467 to /127.0.0.1:64468" [_thread_blocked, id=12496, stack(0x000000a3d8e00000,0x000000a3d8f00000)]
  0x000002a173b2b9b0 JavaThread "Stdin handler" [_thread_blocked, id=15412, stack(0x000000a3d8f00000,0x000000a3d9000000)]
  0x000002a173b29b50 JavaThread "Daemon client event forwarder" [_thread_blocked, id=19928, stack(0x000000a3d9000000,0x000000a3d9100000)]
  0x000002a173b2cdf0 JavaThread "Cache worker for journal cache (C:\Users\Admin\.gradle\caches\journal-1)" [_thread_blocked, id=15204, stack(0x000000a3d8000000,0x000000a3d8100000)]
  0x000002a173b2bec0 JavaThread "File lock request listener" [_thread_in_native, id=20700, stack(0x000000a3d9800000,0x000000a3d9900000)]
  0x000002a173b2c3d0 JavaThread "Cache worker for file hash cache (C:\Users\Admin\.gradle\caches\9.2.1\fileHashes)" [_thread_blocked, id=11680, stack(0x000000a3d9900000,0x000000a3d9a00000)]

Other Threads:
  0x000002a16c4eaad0 VMThread "VM Thread" [stack: 0x000000a3d6e00000,0x000000a3d6f00000] [id=13992]
  0x000002a14ef1f440 WatcherThread [stack: 0x000000a3d7d00000,0x000000a3d7e00000] [id=7840]
  0x000002a14ef4eba0 GCTaskThread "GC Thread#0" [stack: 0x000000a3d6900000,0x000000a3d6a00000] [id=7044]
  0x000002a17113b250 GCTaskThread "GC Thread#1" [stack: 0x000000a3d8100000,0x000000a3d8200000] [id=11908]
  0x000002a17111d500 GCTaskThread "GC Thread#2" [stack: 0x000000a3d8200000,0x000000a3d8300000] [id=464]
  0x000002a17111d7c0 GCTaskThread "GC Thread#3" [stack: 0x000000a3d8300000,0x000000a3d8400000] [id=15000]
  0x000002a171112d80 GCTaskThread "GC Thread#4" [stack: 0x000000a3d8400000,0x000000a3d8500000] [id=22360]
  0x000002a171113040 GCTaskThread "GC Thread#5" [stack: 0x000000a3d8500000,0x000000a3d8600000] [id=21408]
  0x000002a171c3acc0 GCTaskThread "GC Thread#6" [stack: 0x000000a3d9100000,0x000000a3d9200000] [id=14636]
  0x000002a171c39f00 GCTaskThread "GC Thread#7" [stack: 0x000000a3d9200000,0x000000a3d9300000] [id=14224]
  0x000002a171c396c0 GCTaskThread "GC Thread#8" [stack: 0x000000a3d9300000,0x000000a3d9400000] [id=6268]
  0x000002a171c3af80 GCTaskThread "GC Thread#9" [stack: 0x000000a3d9400000,0x000000a3d9500000] [id=12292]
  0x000002a171c3b240 GCTaskThread "GC Thread#10" [stack: 0x000000a3d9500000,0x000000a3d9600000] [id=21680]
  0x000002a171c3a1c0 GCTaskThread "GC Thread#11" [stack: 0x000000a3d9600000,0x000000a3d9700000] [id=20656]
  0x000002a171c39980 GCTaskThread "GC Thread#12" [stack: 0x000000a3d9700000,0x000000a3d9800000] [id=13072]
  0x000002a14ef53af0 ConcurrentGCThread "G1 Main Marker" [stack: 0x000000a3d6a00000,0x000000a3d6b00000] [id=17760]
  0x000002a14ef54510 ConcurrentGCThread "G1 Conc#0" [stack: 0x000000a3d6b00000,0x000000a3d6c00000] [id=10072]
  0x000002a16c3ac540 ConcurrentGCThread "G1 Refine#0" [stack: 0x000000a3d6c00000,0x000000a3d6d00000] [id=1872]
  0x000002a16c3acd80 ConcurrentGCThread "G1 Service" [stack: 0x000000a3d6d00000,0x000000a3d6e00000] [id=23324]

Threads with active compile tasks:
C2 CompilerThread0     1741 2471       4       jdk.internal.org.objectweb.asm.Frame::execute (2305 bytes)
C1 CompilerThread1     1741 2573       3       org.gradle.util.internal.DefaultGradleVersion::compareTo (294 bytes)
C2 CompilerThread1     1741 2602       4       java.lang.StringLatin1::compareToCI (108 bytes)
C2 CompilerThread3     1741 2555   !   4       java.lang.ClassLoader::loadClass (121 bytes)

VM state: not at safepoint (normal execution)

VM Mutex/Monitor currently owned by a thread: None

Heap address: 0x00000000e0000000, size: 512 MB, Compressed Oops mode: 32-bit

CDS archive(s) mapped at: [0x000002a100000000-0x000002a100bb0000-0x000002a100bb0000), size 12255232, SharedBaseAddress: 0x000002a100000000, ArchiveRelocationMode: 1.
Compressed class space mapped at: 0x000002a101000000-0x000002a115000000, reserved size: 335544320
Narrow klass base: 0x000002a100000000, Narrow klass shift: 0, Narrow klass range: 0x100000000

GC Precious Log:
 CPUs: 16 total, 16 available
 Memory: 24280M
 Large Page Support: Disabled
 NUMA Support: Disabled
 Compressed Oops: Enabled (32-bit)
 Heap Region Size: 1M
 Heap Min Capacity: 256M
 Heap Initial Capacity: 256M
 Heap Max Capacity: 512M
 Pre-touch: Disabled
 Parallel Workers: 13
 Concurrent Workers: 3
 Concurrent Refinement Workers: 13
 Periodic GC: Disabled

Heap:
 garbage-first heap   total 262144K, used 31310K [0x00000000e0000000, 0x0000000100000000)
  region size 1024K, 24 young (24576K), 13 survivors (13312K)
 Metaspace       used 15625K, committed 15936K, reserved 393216K
  class space    used 2096K, committed 2240K, reserved 327680K

Heap Regions: E=young(eden), S=young(survivor), O=old, HS=humongous(starts), HC=humongous(continues), CS=collection set, F=free, OA=open archive, CA=closed archive, TAMS=top-at-mark-start (previous, next)
|   0|0x00000000e0000000, 0x00000000e0100000, 0x00000000e0100000|100%|HS|  |TAMS 0x00000000e0000000, 0x00000000e0000000| Complete 
|   1|0x00000000e0100000, 0x00000000e0200000, 0x00000000e0200000|100%|HC|  |TAMS 0x00000000e0100000, 0x00000000e0100000| Complete 
|   2|0x00000000e0200000, 0x00000000e0300000, 0x00000000e0300000|100%|HC|  |TAMS 0x00000000e0200000, 0x00000000e0200000| Complete 
|   3|0x00000000e0300000, 0x00000000e0400000, 0x00000000e0400000|100%|HC|  |TAMS 0x00000000e0300000, 0x00000000e0300000| Complete 
|   4|0x00000000e0400000, 0x00000000e0500000, 0x00000000e0500000|100%| O|  |TAMS 0x00000000e0400000, 0x00000000e0400000| Untracked 
|   5|0x00000000e0500000, 0x00000000e0600000, 0x00000000e0600000|100%| O|  |TAMS 0x00000000e0500000, 0x00000000e0500000| Untracked 
|   6|0x00000000e0600000, 0x00000000e0693a00, 0x00000000e0700000| 57%| O|  |TAMS 0x00000000e0600000, 0x00000000e0600000| Untracked 
|   7|0x00000000e0700000, 0x00000000e0800000, 0x00000000e0800000|100%|HS|  |TAMS 0x00000000e0700000, 0x00000000e0700000| Complete 
|   8|0x00000000e0800000, 0x00000000e0800000, 0x00000000e0900000|  0%| F|  |TAMS 0x00000000e0800000, 0x00000000e0800000| Untracked 
|   9|0x00000000e0900000, 0x00000000e0900000, 0x00000000e0a00000|  0%| F|  |TAMS 0x00000000e0900000, 0x00000000e0900000| Untracked 
|  10|0x00000000e0a00000, 0x00000000e0a00000, 0x00000000e0b00000|  0%| F|  |TAMS 0x00000000e0a00000, 0x00000000e0a00000| Untracked 
|  11|0x00000000e0b00000, 0x00000000e0b00000, 0x00000000e0c00000|  0%| F|  |TAMS 0x00000000e0b00000, 0x00000000e0b00000| Untracked 
|  12|0x00000000e0c00000, 0x00000000e0c00000, 0x00000000e0d00000|  0%| F|  |TAMS 0x00000000e0c00000, 0x00000000e0c00000| Untracked 
|  13|0x00000000e0d00000, 0x00000000e0d00000, 0x00000000e0e00000|  0%| F|  |TAMS 0x00000000e0d00000, 0x00000000e0d00000| Untracked 
|  14|0x00000000e0e00000, 0x00000000e0e00000, 0x00000000e0f00000|  0%| F|  |TAMS 0x00000000e0e00000, 0x00000000e0e00000| Untracked 
|  15|0x00000000e0f00000, 0x00000000e0f00000, 0x00000000e1000000|  0%| F|  |TAMS 0x00000000e0f00000, 0x00000000e0f00000| Untracked 
|  16|0x00000000e1000000, 0x00000000e1000000, 0x00000000e1100000|  0%| F|  |TAMS 0x00000000e1000000, 0x00000000e1000000| Untracked 
|  17|0x00000000e1100000, 0x00000000e1100000, 0x00000000e1200000|  0%| F|  |TAMS 0x00000000e1100000, 0x00000000e1100000| Untracked 
|  18|0x00000000e1200000, 0x00000000e1200000, 0x00000000e1300000|  0%| F|  |TAMS 0x00000000e1200000, 0x00000000e1200000| Untracked 
|  19|0x00000000e1300000, 0x00000000e1300000, 0x00000000e1400000|  0%| F|  |TAMS 0x00000000e1300000, 0x00000000e1300000| Untracked 
|  20|0x00000000e1400000, 0x00000000e1400000, 0x00000000e1500000|  0%| F|  |TAMS 0x00000000e1400000, 0x00000000e1400000| Untracked 
|  21|0x00000000e1500000, 0x00000000e1500000, 0x00000000e1600000|  0%| F|  |TAMS 0x00000000e1500000, 0x00000000e1500000| Untracked 
|  22|0x00000000e1600000, 0x00000000e1600000, 0x00000000e1700000|  0%| F|  |TAMS 0x00000000e1600000, 0x00000000e1600000| Untracked 
|  23|0x00000000e1700000, 0x00000000e1700000, 0x00000000e1800000|  0%| F|  |TAMS 0x00000000e1700000, 0x00000000e1700000| Untracked 
|  24|0x00000000e1800000, 0x00000000e1800000, 0x00000000e1900000|  0%| F|  |TAMS 0x00000000e1800000, 0x00000000e1800000| Untracked 
|  25|0x00000000e1900000, 0x00000000e1900000, 0x00000000e1a00000|  0%| F|  |TAMS 0x00000000e1900000, 0x00000000e1900000| Untracked 
|  26|0x00000000e1a00000, 0x00000000e1a00000, 0x00000000e1b00000|  0%| F|  |TAMS 0x00000000e1a00000, 0x00000000e1a00000| Untracked 
|  27|0x00000000e1b00000, 0x00000000e1b00000, 0x00000000e1c00000|  0%| F|  |TAMS 0x00000000e1b00000, 0x00000000e1b00000| Untracked 
|  28|0x00000000e1c00000, 0x00000000e1c00000, 0x00000000e1d00000|  0%| F|  |TAMS 0x00000000e1c00000, 0x00000000e1c00000| Untracked 
|  29|0x00000000e1d00000, 0x00000000e1d00000, 0x00000000e1e00000|  0%| F|  |TAMS 0x00000000e1d00000, 0x00000000e1d00000| Untracked 
|  30|0x00000000e1e00000, 0x00000000e1e00000, 0x00000000e1f00000|  0%| F|  |TAMS 0x00000000e1e00000, 0x00000000e1e00000| Untracked 
|  31|0x00000000e1f00000, 0x00000000e1f00000, 0x00000000e2000000|  0%| F|  |TAMS 0x00000000e1f00000, 0x00000000e1f00000| Untracked 
|  32|0x00000000e2000000, 0x00000000e2000000, 0x00000000e2100000|  0%| F|  |TAMS 0x00000000e2000000, 0x00000000e2000000| Untracked 
|  33|0x00000000e2100000, 0x00000000e2100000, 0x00000000e2200000|  0%| F|  |TAMS 0x00000000e2100000, 0x00000000e2100000| Untracked 
|  34|0x00000000e2200000, 0x00000000e2200000, 0x00000000e2300000|  0%| F|  |TAMS 0x00000000e2200000, 0x00000000e2200000| Untracked 
|  35|0x00000000e2300000, 0x00000000e2300000, 0x00000000e2400000|  0%| F|  |TAMS 0x00000000e2300000, 0x00000000e2300000| Untracked 
|  36|0x00000000e2400000, 0x00000000e2400000, 0x00000000e2500000|  0%| F|  |TAMS 0x00000000e2400000, 0x00000000e2400000| Untracked 
|  37|0x00000000e2500000, 0x00000000e2500000, 0x00000000e2600000|  0%| F|  |TAMS 0x00000000e2500000, 0x00000000e2500000| Untracked 
|  38|0x00000000e2600000, 0x00000000e2600000, 0x00000000e2700000|  0%| F|  |TAMS 0x00000000e2600000, 0x00000000e2600000| Untracked 
|  39|0x00000000e2700000, 0x00000000e2700000, 0x00000000e2800000|  0%| F|  |TAMS 0x00000000e2700000, 0x00000000e2700000| Untracked 
|  40|0x00000000e2800000, 0x00000000e2800000, 0x00000000e2900000|  0%| F|  |TAMS 0x00000000e2800000, 0x00000000e2800000| Untracked 
|  41|0x00000000e2900000, 0x00000000e2900000, 0x00000000e2a00000|  0%| F|  |TAMS 0x00000000e2900000, 0x00000000e2900000| Untracked 
|  42|0x00000000e2a00000, 0x00000000e2a00000, 0x00000000e2b00000|  0%| F|  |TAMS 0x00000000e2a00000, 0x00000000e2a00000| Untracked 
|  43|0x00000000e2b00000, 0x00000000e2b00000, 0x00000000e2c00000|  0%| F|  |TAMS 0x00000000e2b00000, 0x00000000e2b00000| Untracked 
|  44|0x00000000e2c00000, 0x00000000e2c00000, 0x00000000e2d00000|  0%| F|  |TAMS 0x00000000e2c00000, 0x00000000e2c00000| Untracked 
|  45|0x00000000e2d00000, 0x00000000e2d00000, 0x00000000e2e00000|  0%| F|  |TAMS 0x00000000e2d00000, 0x00000000e2d00000| Untracked 
|  46|0x00000000e2e00000, 0x00000000e2e00000, 0x00000000e2f00000|  0%| F|  |TAMS 0x00000000e2e00000, 0x00000000e2e00000| Untracked 
|  47|0x00000000e2f00000, 0x00000000e2f00000, 0x00000000e3000000|  0%| F|  |TAMS 0x00000000e2f00000, 0x00000000e2f00000| Untracked 
|  48|0x00000000e3000000, 0x00000000e3000000, 0x00000000e3100000|  0%| F|  |TAMS 0x00000000e3000000, 0x00000000e3000000| Untracked 
|  49|0x00000000e3100000, 0x00000000e3100000, 0x00000000e3200000|  0%| F|  |TAMS 0x00000000e3100000, 0x00000000e3100000| Untracked 
|  50|0x00000000e3200000, 0x00000000e3200000, 0x00000000e3300000|  0%| F|  |TAMS 0x00000000e3200000, 0x00000000e3200000| Untracked 
|  51|0x00000000e3300000, 0x00000000e3300000, 0x00000000e3400000|  0%| F|  |TAMS 0x00000000e3300000, 0x00000000e3300000| Untracked 
|  52|0x00000000e3400000, 0x00000000e3400000, 0x00000000e3500000|  0%| F|  |TAMS 0x00000000e3400000, 0x00000000e3400000| Untracked 
|  53|0x00000000e3500000, 0x00000000e3500000, 0x00000000e3600000|  0%| F|  |TAMS 0x00000000e3500000, 0x00000000e3500000| Untracked 
|  54|0x00000000e3600000, 0x00000000e3600000, 0x00000000e3700000|  0%| F|  |TAMS 0x00000000e3600000, 0x00000000e3600000| Untracked 
|  55|0x00000000e3700000, 0x00000000e3700000, 0x00000000e3800000|  0%| F|  |TAMS 0x00000000e3700000, 0x00000000e3700000| Untracked 
|  56|0x00000000e3800000, 0x00000000e3800000, 0x00000000e3900000|  0%| F|  |TAMS 0x00000000e3800000, 0x00000000e3800000| Untracked 
|  57|0x00000000e3900000, 0x00000000e3900000, 0x00000000e3a00000|  0%| F|  |TAMS 0x00000000e3900000, 0x00000000e3900000| Untracked 
|  58|0x00000000e3a00000, 0x00000000e3a00000, 0x00000000e3b00000|  0%| F|  |TAMS 0x00000000e3a00000, 0x00000000e3a00000| Untracked 
|  59|0x00000000e3b00000, 0x00000000e3b00000, 0x00000000e3c00000|  0%| F|  |TAMS 0x00000000e3b00000, 0x00000000e3b00000| Untracked 
|  60|0x00000000e3c00000, 0x00000000e3c00000, 0x00000000e3d00000|  0%| F|  |TAMS 0x00000000e3c00000, 0x00000000e3c00000| Untracked 
|  61|0x00000000e3d00000, 0x00000000e3d00000, 0x00000000e3e00000|  0%| F|  |TAMS 0x00000000e3d00000, 0x00000000e3d00000| Untracked 
|  62|0x00000000e3e00000, 0x00000000e3e00000, 0x00000000e3f00000|  0%| F|  |TAMS 0x00000000e3e00000, 0x00000000e3e00000| Untracked 
|  63|0x00000000e3f00000, 0x00000000e3f00000, 0x00000000e4000000|  0%| F|  |TAMS 0x00000000e3f00000, 0x00000000e3f00000| Untracked 
|  64|0x00000000e4000000, 0x00000000e4000000, 0x00000000e4100000|  0%| F|  |TAMS 0x00000000e4000000, 0x00000000e4000000| Untracked 
|  65|0x00000000e4100000, 0x00000000e4100000, 0x00000000e4200000|  0%| F|  |TAMS 0x00000000e4100000, 0x00000000e4100000| Untracked 
|  66|0x00000000e4200000, 0x00000000e4200000, 0x00000000e4300000|  0%| F|  |TAMS 0x00000000e4200000, 0x00000000e4200000| Untracked 
|  67|0x00000000e4300000, 0x00000000e4300000, 0x00000000e4400000|  0%| F|  |TAMS 0x00000000e4300000, 0x00000000e4300000| Untracked 
|  68|0x00000000e4400000, 0x00000000e4400000, 0x00000000e4500000|  0%| F|  |TAMS 0x00000000e4400000, 0x00000000e4400000| Untracked 
|  69|0x00000000e4500000, 0x00000000e4500000, 0x00000000e4600000|  0%| F|  |TAMS 0x00000000e4500000, 0x00000000e4500000| Untracked 
|  70|0x00000000e4600000, 0x00000000e4600000, 0x00000000e4700000|  0%| F|  |TAMS 0x00000000e4600000, 0x00000000e4600000| Untracked 
|  71|0x00000000e4700000, 0x00000000e4700000, 0x00000000e4800000|  0%| F|  |TAMS 0x00000000e4700000, 0x00000000e4700000| Untracked 
|  72|0x00000000e4800000, 0x00000000e4800000, 0x00000000e4900000|  0%| F|  |TAMS 0x00000000e4800000, 0x00000000e4800000| Untracked 
|  73|0x00000000e4900000, 0x00000000e4900000, 0x00000000e4a00000|  0%| F|  |TAMS 0x00000000e4900000, 0x00000000e4900000| Untracked 
|  74|0x00000000e4a00000, 0x00000000e4a00000, 0x00000000e4b00000|  0%| F|  |TAMS 0x00000000e4a00000, 0x00000000e4a00000| Untracked 
|  75|0x00000000e4b00000, 0x00000000e4b00000, 0x00000000e4c00000|  0%| F|  |TAMS 0x00000000e4b00000, 0x00000000e4b00000| Untracked 
|  76|0x00000000e4c00000, 0x00000000e4c00000, 0x00000000e4d00000|  0%| F|  |TAMS 0x00000000e4c00000, 0x00000000e4c00000| Untracked 
|  77|0x00000000e4d00000, 0x00000000e4d00000, 0x00000000e4e00000|  0%| F|  |TAMS 0x00000000e4d00000, 0x00000000e4d00000| Untracked 
|  78|0x00000000e4e00000, 0x00000000e4e00000, 0x00000000e4f00000|  0%| F|  |TAMS 0x00000000e4e00000, 0x00000000e4e00000| Untracked 
|  79|0x00000000e4f00000, 0x00000000e4f00000, 0x00000000e5000000|  0%| F|  |TAMS 0x00000000e4f00000, 0x00000000e4f00000| Untracked 
|  80|0x00000000e5000000, 0x00000000e5000000, 0x00000000e5100000|  0%| F|  |TAMS 0x00000000e5000000, 0x00000000e5000000| Untracked 
|  81|0x00000000e5100000, 0x00000000e5100000, 0x00000000e5200000|  0%| F|  |TAMS 0x00000000e5100000, 0x00000000e5100000| Untracked 
|  82|0x00000000e5200000, 0x00000000e5200000, 0x00000000e5300000|  0%| F|  |TAMS 0x00000000e5200000, 0x00000000e5200000| Untracked 
|  83|0x00000000e5300000, 0x00000000e5300000, 0x00000000e5400000|  0%| F|  |TAMS 0x00000000e5300000, 0x00000000e5300000| Untracked 
|  84|0x00000000e5400000, 0x00000000e5400000, 0x00000000e5500000|  0%| F|  |TAMS 0x00000000e5400000, 0x00000000e5400000| Untracked 
|  85|0x00000000e5500000, 0x00000000e5500000, 0x00000000e5600000|  0%| F|  |TAMS 0x00000000e5500000, 0x00000000e5500000| Untracked 
|  86|0x00000000e5600000, 0x00000000e5600000, 0x00000000e5700000|  0%| F|  |TAMS 0x00000000e5600000, 0x00000000e5600000| Untracked 
|  87|0x00000000e5700000, 0x00000000e5700000, 0x00000000e5800000|  0%| F|  |TAMS 0x00000000e5700000, 0x00000000e5700000| Untracked 
|  88|0x00000000e5800000, 0x00000000e5800000, 0x00000000e5900000|  0%| F|  |TAMS 0x00000000e5800000, 0x00000000e5800000| Untracked 
|  89|0x00000000e5900000, 0x00000000e5900000, 0x00000000e5a00000|  0%| F|  |TAMS 0x00000000e5900000, 0x00000000e5900000| Untracked 
|  90|0x00000000e5a00000, 0x00000000e5a00000, 0x00000000e5b00000|  0%| F|  |TAMS 0x00000000e5a00000, 0x00000000e5a00000| Untracked 
|  91|0x00000000e5b00000, 0x00000000e5b00000, 0x00000000e5c00000|  0%| F|  |TAMS 0x00000000e5b00000, 0x00000000e5b00000| Untracked 
|  92|0x00000000e5c00000, 0x00000000e5c00000, 0x00000000e5d00000|  0%| F|  |TAMS 0x00000000e5c00000, 0x00000000e5c00000| Untracked 
|  93|0x00000000e5d00000, 0x00000000e5d00000, 0x00000000e5e00000|  0%| F|  |TAMS 0x00000000e5d00000, 0x00000000e5d00000| Untracked 
|  94|0x00000000e5e00000, 0x00000000e5e00000, 0x00000000e5f00000|  0%| F|  |TAMS 0x00000000e5e00000, 0x00000000e5e00000| Untracked 
|  95|0x00000000e5f00000, 0x00000000e5f00000, 0x00000000e6000000|  0%| F|  |TAMS 0x00000000e5f00000, 0x00000000e5f00000| Untracked 
|  96|0x00000000e6000000, 0x00000000e6000000, 0x00000000e6100000|  0%| F|  |TAMS 0x00000000e6000000, 0x00000000e6000000| Untracked 
|  97|0x00000000e6100000, 0x00000000e6100000, 0x00000000e6200000|  0%| F|  |TAMS 0x00000000e6100000, 0x00000000e6100000| Untracked 
|  98|0x00000000e6200000, 0x00000000e6200000, 0x00000000e6300000|  0%| F|  |TAMS 0x00000000e6200000, 0x00000000e6200000| Untracked 
|  99|0x00000000e6300000, 0x00000000e6300000, 0x00000000e6400000|  0%| F|  |TAMS 0x00000000e6300000, 0x00000000e6300000| Untracked 
| 100|0x00000000e6400000, 0x00000000e6400000, 0x00000000e6500000|  0%| F|  |TAMS 0x00000000e6400000, 0x00000000e6400000| Untracked 
| 101|0x00000000e6500000, 0x00000000e6500000, 0x00000000e6600000|  0%| F|  |TAMS 0x00000000e6500000, 0x00000000e6500000| Untracked 
| 102|0x00000000e6600000, 0x00000000e6600000, 0x00000000e6700000|  0%| F|  |TAMS 0x00000000e6600000, 0x00000000e6600000| Untracked 
| 103|0x00000000e6700000, 0x00000000e6700000, 0x00000000e6800000|  0%| F|  |TAMS 0x00000000e6700000, 0x00000000e6700000| Untracked 
| 104|0x00000000e6800000, 0x00000000e6800000, 0x00000000e6900000|  0%| F|  |TAMS 0x00000000e6800000, 0x00000000e6800000| Untracked 
| 105|0x00000000e6900000, 0x00000000e6900000, 0x00000000e6a00000|  0%| F|  |TAMS 0x00000000e6900000, 0x00000000e6900000| Untracked 
| 106|0x00000000e6a00000, 0x00000000e6a00000, 0x00000000e6b00000|  0%| F|  |TAMS 0x00000000e6a00000, 0x00000000e6a00000| Untracked 
| 107|0x00000000e6b00000, 0x00000000e6b00000, 0x00000000e6c00000|  0%| F|  |TAMS 0x00000000e6b00000, 0x00000000e6b00000| Untracked 
| 108|0x00000000e6c00000, 0x00000000e6c00000, 0x00000000e6d00000|  0%| F|  |TAMS 0x00000000e6c00000, 0x00000000e6c00000| Untracked 
| 109|0x00000000e6d00000, 0x00000000e6d00000, 0x00000000e6e00000|  0%| F|  |TAMS 0x00000000e6d00000, 0x00000000e6d00000| Untracked 
| 110|0x00000000e6e00000, 0x00000000e6e00000, 0x00000000e6f00000|  0%| F|  |TAMS 0x00000000e6e00000, 0x00000000e6e00000| Untracked 
| 111|0x00000000e6f00000, 0x00000000e6f00000, 0x00000000e7000000|  0%| F|  |TAMS 0x00000000e6f00000, 0x00000000e6f00000| Untracked 
| 112|0x00000000e7000000, 0x00000000e7000000, 0x00000000e7100000|  0%| F|  |TAMS 0x00000000e7000000, 0x00000000e7000000| Untracked 
| 113|0x00000000e7100000, 0x00000000e7100000, 0x00000000e7200000|  0%| F|  |TAMS 0x00000000e7100000, 0x00000000e7100000| Untracked 
| 114|0x00000000e7200000, 0x00000000e7200000, 0x00000000e7300000|  0%| F|  |TAMS 0x00000000e7200000, 0x00000000e7200000| Untracked 
| 115|0x00000000e7300000, 0x00000000e7300000, 0x00000000e7400000|  0%| F|  |TAMS 0x00000000e7300000, 0x00000000e7300000| Untracked 
| 116|0x00000000e7400000, 0x00000000e7400000, 0x00000000e7500000|  0%| F|  |TAMS 0x00000000e7400000, 0x00000000e7400000| Untracked 
| 117|0x00000000e7500000, 0x00000000e7500000, 0x00000000e7600000|  0%| F|  |TAMS 0x00000000e7500000, 0x00000000e7500000| Untracked 
| 118|0x00000000e7600000, 0x00000000e7600000, 0x00000000e7700000|  0%| F|  |TAMS 0x00000000e7600000, 0x00000000e7600000| Untracked 
| 119|0x00000000e7700000, 0x00000000e7700000, 0x00000000e7800000|  0%| F|  |TAMS 0x00000000e7700000, 0x00000000e7700000| Untracked 
| 120|0x00000000e7800000, 0x00000000e7800000, 0x00000000e7900000|  0%| F|  |TAMS 0x00000000e7800000, 0x00000000e7800000| Untracked 
| 121|0x00000000e7900000, 0x00000000e7900000, 0x00000000e7a00000|  0%| F|  |TAMS 0x00000000e7900000, 0x00000000e7900000| Untracked 
| 122|0x00000000e7a00000, 0x00000000e7a00000, 0x00000000e7b00000|  0%| F|  |TAMS 0x00000000e7a00000, 0x00000000e7a00000| Untracked 
| 123|0x00000000e7b00000, 0x00000000e7b00000, 0x00000000e7c00000|  0%| F|  |TAMS 0x00000000e7b00000, 0x00000000e7b00000| Untracked 
| 124|0x00000000e7c00000, 0x00000000e7c00000, 0x00000000e7d00000|  0%| F|  |TAMS 0x00000000e7c00000, 0x00000000e7c00000| Untracked 
| 125|0x00000000e7d00000, 0x00000000e7d00000, 0x00000000e7e00000|  0%| F|  |TAMS 0x00000000e7d00000, 0x00000000e7d00000| Untracked 
| 126|0x00000000e7e00000, 0x00000000e7e00000, 0x00000000e7f00000|  0%| F|  |TAMS 0x00000000e7e00000, 0x00000000e7e00000| Untracked 
| 127|0x00000000e7f00000, 0x00000000e7f00000, 0x00000000e8000000|  0%| F|  |TAMS 0x00000000e7f00000, 0x00000000e7f00000| Untracked 
| 128|0x00000000e8000000, 0x00000000e8000000, 0x00000000e8100000|  0%| F|  |TAMS 0x00000000e8000000, 0x00000000e8000000| Untracked 
| 129|0x00000000e8100000, 0x00000000e8100000, 0x00000000e8200000|  0%| F|  |TAMS 0x00000000e8100000, 0x00000000e8100000| Untracked 
| 130|0x00000000e8200000, 0x00000000e8200000, 0x00000000e8300000|  0%| F|  |TAMS 0x00000000e8200000, 0x00000000e8200000| Untracked 
| 131|0x00000000e8300000, 0x00000000e8300000, 0x00000000e8400000|  0%| F|  |TAMS 0x00000000e8300000, 0x00000000e8300000| Untracked 
| 132|0x00000000e8400000, 0x00000000e8400000, 0x00000000e8500000|  0%| F|  |TAMS 0x00000000e8400000, 0x00000000e8400000| Untracked 
| 133|0x00000000e8500000, 0x00000000e8500000, 0x00000000e8600000|  0%| F|  |TAMS 0x00000000e8500000, 0x00000000e8500000| Untracked 
| 134|0x00000000e8600000, 0x00000000e8600000, 0x00000000e8700000|  0%| F|  |TAMS 0x00000000e8600000, 0x00000000e8600000| Untracked 
| 135|0x00000000e8700000, 0x00000000e8700000, 0x00000000e8800000|  0%| F|  |TAMS 0x00000000e8700000, 0x00000000e8700000| Untracked 
| 136|0x00000000e8800000, 0x00000000e8800000, 0x00000000e8900000|  0%| F|  |TAMS 0x00000000e8800000, 0x00000000e8800000| Untracked 
| 137|0x00000000e8900000, 0x00000000e8900000, 0x00000000e8a00000|  0%| F|  |TAMS 0x00000000e8900000, 0x00000000e8900000| Untracked 
| 138|0x00000000e8a00000, 0x00000000e8a00000, 0x00000000e8b00000|  0%| F|  |TAMS 0x00000000e8a00000, 0x00000000e8a00000| Untracked 
| 139|0x00000000e8b00000, 0x00000000e8b00000, 0x00000000e8c00000|  0%| F|  |TAMS 0x00000000e8b00000, 0x00000000e8b00000| Untracked 
| 140|0x00000000e8c00000, 0x00000000e8c00000, 0x00000000e8d00000|  0%| F|  |TAMS 0x00000000e8c00000, 0x00000000e8c00000| Untracked 
| 141|0x00000000e8d00000, 0x00000000e8e00000, 0x00000000e8e00000|100%| S|CS|TAMS 0x00000000e8d00000, 0x00000000e8d00000| Complete 
| 142|0x00000000e8e00000, 0x00000000e8f00000, 0x00000000e8f00000|100%| S|CS|TAMS 0x00000000e8e00000, 0x00000000e8e00000| Complete 
| 143|0x00000000e8f00000, 0x00000000e9000000, 0x00000000e9000000|100%| S|CS|TAMS 0x00000000e8f00000, 0x00000000e8f00000| Complete 
| 144|0x00000000e9000000, 0x00000000e9100000, 0x00000000e9100000|100%| S|CS|TAMS 0x00000000e9000000, 0x00000000e9000000| Complete 
| 145|0x00000000e9100000, 0x00000000e9200000, 0x00000000e9200000|100%| S|CS|TAMS 0x00000000e9100000, 0x00000000e9100000| Complete 
| 146|0x00000000e9200000, 0x00000000e9300000, 0x00000000e9300000|100%| S|CS|TAMS 0x00000000e9200000, 0x00000000e9200000| Complete 
| 147|0x00000000e9300000, 0x00000000e9400000, 0x00000000e9400000|100%| S|CS|TAMS 0x00000000e9300000, 0x00000000e9300000| Complete 
| 148|0x00000000e9400000, 0x00000000e9500000, 0x00000000e9500000|100%| S|CS|TAMS 0x00000000e9400000, 0x00000000e9400000| Complete 
| 149|0x00000000e9500000, 0x00000000e9600000, 0x00000000e9600000|100%| S|CS|TAMS 0x00000000e9500000, 0x00000000e9500000| Complete 
| 150|0x00000000e9600000, 0x00000000e9700000, 0x00000000e9700000|100%| S|CS|TAMS 0x00000000e9600000, 0x00000000e9600000| Complete 
| 151|0x00000000e9700000, 0x00000000e9800000, 0x00000000e9800000|100%| S|CS|TAMS 0x00000000e9700000, 0x00000000e9700000| Complete 
| 152|0x00000000e9800000, 0x00000000e9900000, 0x00000000e9900000|100%| S|CS|TAMS 0x00000000e9800000, 0x00000000e9800000| Complete 
| 153|0x00000000e9900000, 0x00000000e9a00000, 0x00000000e9a00000|100%| S|CS|TAMS 0x00000000e9900000, 0x00000000e9900000| Complete 
| 154|0x00000000e9a00000, 0x00000000e9a00000, 0x00000000e9b00000|  0%| F|  |TAMS 0x00000000e9a00000, 0x00000000e9a00000| Untracked 
| 155|0x00000000e9b00000, 0x00000000e9b00000, 0x00000000e9c00000|  0%| F|  |TAMS 0x00000000e9b00000, 0x00000000e9b00000| Untracked 
| 156|0x00000000e9c00000, 0x00000000e9c00000, 0x00000000e9d00000|  0%| F|  |TAMS 0x00000000e9c00000, 0x00000000e9c00000| Untracked 
| 157|0x00000000e9d00000, 0x00000000e9d00000, 0x00000000e9e00000|  0%| F|  |TAMS 0x00000000e9d00000, 0x00000000e9d00000| Untracked 
| 158|0x00000000e9e00000, 0x00000000e9e00000, 0x00000000e9f00000|  0%| F|  |TAMS 0x00000000e9e00000, 0x00000000e9e00000| Untracked 
| 159|0x00000000e9f00000, 0x00000000e9f00000, 0x00000000ea000000|  0%| F|  |TAMS 0x00000000e9f00000, 0x00000000e9f00000| Untracked 
| 160|0x00000000ea000000, 0x00000000ea000000, 0x00000000ea100000|  0%| F|  |TAMS 0x00000000ea000000, 0x00000000ea000000| Untracked 
| 161|0x00000000ea100000, 0x00000000ea100000, 0x00000000ea200000|  0%| F|  |TAMS 0x00000000ea100000, 0x00000000ea100000| Untracked 
| 162|0x00000000ea200000, 0x00000000ea200000, 0x00000000ea300000|  0%| F|  |TAMS 0x00000000ea200000, 0x00000000ea200000| Untracked 
| 163|0x00000000ea300000, 0x00000000ea300000, 0x00000000ea400000|  0%| F|  |TAMS 0x00000000ea300000, 0x00000000ea300000| Untracked 
| 164|0x00000000ea400000, 0x00000000ea400000, 0x00000000ea500000|  0%| F|  |TAMS 0x00000000ea400000, 0x00000000ea400000| Untracked 
| 165|0x00000000ea500000, 0x00000000ea500000, 0x00000000ea600000|  0%| F|  |TAMS 0x00000000ea500000, 0x00000000ea500000| Untracked 
| 166|0x00000000ea600000, 0x00000000ea600000, 0x00000000ea700000|  0%| F|  |TAMS 0x00000000ea600000, 0x00000000ea600000| Untracked 
| 167|0x00000000ea700000, 0x00000000ea700000, 0x00000000ea800000|  0%| F|  |TAMS 0x00000000ea700000, 0x00000000ea700000| Untracked 
| 168|0x00000000ea800000, 0x00000000ea800000, 0x00000000ea900000|  0%| F|  |TAMS 0x00000000ea800000, 0x00000000ea800000| Untracked 
| 169|0x00000000ea900000, 0x00000000ea900000, 0x00000000eaa00000|  0%| F|  |TAMS 0x00000000ea900000, 0x00000000ea900000| Untracked 
| 170|0x00000000eaa00000, 0x00000000eaa00000, 0x00000000eab00000|  0%| F|  |TAMS 0x00000000eaa00000, 0x00000000eaa00000| Untracked 
| 171|0x00000000eab00000, 0x00000000eab00000, 0x00000000eac00000|  0%| F|  |TAMS 0x00000000eab00000, 0x00000000eab00000| Untracked 
| 172|0x00000000eac00000, 0x00000000eac00000, 0x00000000ead00000|  0%| F|  |TAMS 0x00000000eac00000, 0x00000000eac00000| Untracked 
| 173|0x00000000ead00000, 0x00000000ead00000, 0x00000000eae00000|  0%| F|  |TAMS 0x00000000ead00000, 0x00000000ead00000| Untracked 
| 174|0x00000000eae00000, 0x00000000eae00000, 0x00000000eaf00000|  0%| F|  |TAMS 0x00000000eae00000, 0x00000000eae00000| Untracked 
| 175|0x00000000eaf00000, 0x00000000eaf00000, 0x00000000eb000000|  0%| F|  |TAMS 0x00000000eaf00000, 0x00000000eaf00000| Untracked 
| 176|0x00000000eb000000, 0x00000000eb000000, 0x00000000eb100000|  0%| F|  |TAMS 0x00000000eb000000, 0x00000000eb000000| Untracked 
| 177|0x00000000eb100000, 0x00000000eb100000, 0x00000000eb200000|  0%| F|  |TAMS 0x00000000eb100000, 0x00000000eb100000| Untracked 
| 178|0x00000000eb200000, 0x00000000eb200000, 0x00000000eb300000|  0%| F|  |TAMS 0x00000000eb200000, 0x00000000eb200000| Untracked 
| 179|0x00000000eb300000, 0x00000000eb300000, 0x00000000eb400000|  0%| F|  |TAMS 0x00000000eb300000, 0x00000000eb300000| Untracked 
| 180|0x00000000eb400000, 0x00000000eb400000, 0x00000000eb500000|  0%| F|  |TAMS 0x00000000eb400000, 0x00000000eb400000| Untracked 
| 181|0x00000000eb500000, 0x00000000eb500000, 0x00000000eb600000|  0%| F|  |TAMS 0x00000000eb500000, 0x00000000eb500000| Untracked 
| 182|0x00000000eb600000, 0x00000000eb600000, 0x00000000eb700000|  0%| F|  |TAMS 0x00000000eb600000, 0x00000000eb600000| Untracked 
| 183|0x00000000eb700000, 0x00000000eb700000, 0x00000000eb800000|  0%| F|  |TAMS 0x00000000eb700000, 0x00000000eb700000| Untracked 
| 184|0x00000000eb800000, 0x00000000eb800000, 0x00000000eb900000|  0%| F|  |TAMS 0x00000000eb800000, 0x00000000eb800000| Untracked 
| 185|0x00000000eb900000, 0x00000000eb900000, 0x00000000eba00000|  0%| F|  |TAMS 0x00000000eb900000, 0x00000000eb900000| Untracked 
| 186|0x00000000eba00000, 0x00000000eba00000, 0x00000000ebb00000|  0%| F|  |TAMS 0x00000000eba00000, 0x00000000eba00000| Untracked 
| 187|0x00000000ebb00000, 0x00000000ebb00000, 0x00000000ebc00000|  0%| F|  |TAMS 0x00000000ebb00000, 0x00000000ebb00000| Untracked 
| 188|0x00000000ebc00000, 0x00000000ebc00000, 0x00000000ebd00000|  0%| F|  |TAMS 0x00000000ebc00000, 0x00000000ebc00000| Untracked 
| 189|0x00000000ebd00000, 0x00000000ebd00000, 0x00000000ebe00000|  0%| F|  |TAMS 0x00000000ebd00000, 0x00000000ebd00000| Untracked 
| 190|0x00000000ebe00000, 0x00000000ebe00000, 0x00000000ebf00000|  0%| F|  |TAMS 0x00000000ebe00000, 0x00000000ebe00000| Untracked 
| 191|0x00000000ebf00000, 0x00000000ebf00000, 0x00000000ec000000|  0%| F|  |TAMS 0x00000000ebf00000, 0x00000000ebf00000| Untracked 
| 192|0x00000000ec000000, 0x00000000ec000000, 0x00000000ec100000|  0%| F|  |TAMS 0x00000000ec000000, 0x00000000ec000000| Untracked 
| 193|0x00000000ec100000, 0x00000000ec100000, 0x00000000ec200000|  0%| F|  |TAMS 0x00000000ec100000, 0x00000000ec100000| Untracked 
| 194|0x00000000ec200000, 0x00000000ec200000, 0x00000000ec300000|  0%| F|  |TAMS 0x00000000ec200000, 0x00000000ec200000| Untracked 
| 195|0x00000000ec300000, 0x00000000ec300000, 0x00000000ec400000|  0%| F|  |TAMS 0x00000000ec300000, 0x00000000ec300000| Untracked 
| 196|0x00000000ec400000, 0x00000000ec400000, 0x00000000ec500000|  0%| F|  |TAMS 0x00000000ec400000, 0x00000000ec400000| Untracked 
| 197|0x00000000ec500000, 0x00000000ec500000, 0x00000000ec600000|  0%| F|  |TAMS 0x00000000ec500000, 0x00000000ec500000| Untracked 
| 198|0x00000000ec600000, 0x00000000ec600000, 0x00000000ec700000|  0%| F|  |TAMS 0x00000000ec600000, 0x00000000ec600000| Untracked 
| 199|0x00000000ec700000, 0x00000000ec700000, 0x00000000ec800000|  0%| F|  |TAMS 0x00000000ec700000, 0x00000000ec700000| Untracked 
| 200|0x00000000ec800000, 0x00000000ec800000, 0x00000000ec900000|  0%| F|  |TAMS 0x00000000ec800000, 0x00000000ec800000| Untracked 
| 201|0x00000000ec900000, 0x00000000ec900000, 0x00000000eca00000|  0%| F|  |TAMS 0x00000000ec900000, 0x00000000ec900000| Untracked 
| 202|0x00000000eca00000, 0x00000000eca00000, 0x00000000ecb00000|  0%| F|  |TAMS 0x00000000eca00000, 0x00000000eca00000| Untracked 
| 203|0x00000000ecb00000, 0x00000000ecb00000, 0x00000000ecc00000|  0%| F|  |TAMS 0x00000000ecb00000, 0x00000000ecb00000| Untracked 
| 204|0x00000000ecc00000, 0x00000000ecc00000, 0x00000000ecd00000|  0%| F|  |TAMS 0x00000000ecc00000, 0x00000000ecc00000| Untracked 
| 205|0x00000000ecd00000, 0x00000000ecd00000, 0x00000000ece00000|  0%| F|  |TAMS 0x00000000ecd00000, 0x00000000ecd00000| Untracked 
| 206|0x00000000ece00000, 0x00000000ece00000, 0x00000000ecf00000|  0%| F|  |TAMS 0x00000000ece00000, 0x00000000ece00000| Untracked 
| 207|0x00000000ecf00000, 0x00000000ecf00000, 0x00000000ed000000|  0%| F|  |TAMS 0x00000000ecf00000, 0x00000000ecf00000| Untracked 
| 208|0x00000000ed000000, 0x00000000ed000000, 0x00000000ed100000|  0%| F|  |TAMS 0x00000000ed000000, 0x00000000ed000000| Untracked 
| 209|0x00000000ed100000, 0x00000000ed100000, 0x00000000ed200000|  0%| F|  |TAMS 0x00000000ed100000, 0x00000000ed100000| Untracked 
| 210|0x00000000ed200000, 0x00000000ed200000, 0x00000000ed300000|  0%| F|  |TAMS 0x00000000ed200000, 0x00000000ed200000| Untracked 
| 211|0x00000000ed300000, 0x00000000ed300000, 0x00000000ed400000|  0%| F|  |TAMS 0x00000000ed300000, 0x00000000ed300000| Untracked 
| 212|0x00000000ed400000, 0x00000000ed400000, 0x00000000ed500000|  0%| F|  |TAMS 0x00000000ed400000, 0x00000000ed400000| Untracked 
| 213|0x00000000ed500000, 0x00000000ed500000, 0x00000000ed600000|  0%| F|  |TAMS 0x00000000ed500000, 0x00000000ed500000| Untracked 
| 214|0x00000000ed600000, 0x00000000ed600000, 0x00000000ed700000|  0%| F|  |TAMS 0x00000000ed600000, 0x00000000ed600000| Untracked 
| 215|0x00000000ed700000, 0x00000000ed700000, 0x00000000ed800000|  0%| F|  |TAMS 0x00000000ed700000, 0x00000000ed700000| Untracked 
| 216|0x00000000ed800000, 0x00000000ed800000, 0x00000000ed900000|  0%| F|  |TAMS 0x00000000ed800000, 0x00000000ed800000| Untracked 
| 217|0x00000000ed900000, 0x00000000ed900000, 0x00000000eda00000|  0%| F|  |TAMS 0x00000000ed900000, 0x00000000ed900000| Untracked 
| 218|0x00000000eda00000, 0x00000000eda00000, 0x00000000edb00000|  0%| F|  |TAMS 0x00000000eda00000, 0x00000000eda00000| Untracked 
| 219|0x00000000edb00000, 0x00000000edb00000, 0x00000000edc00000|  0%| F|  |TAMS 0x00000000edb00000, 0x00000000edb00000| Untracked 
| 220|0x00000000edc00000, 0x00000000edc00000, 0x00000000edd00000|  0%| F|  |TAMS 0x00000000edc00000, 0x00000000edc00000| Untracked 
| 221|0x00000000edd00000, 0x00000000edd00000, 0x00000000ede00000|  0%| F|  |TAMS 0x00000000edd00000, 0x00000000edd00000| Untracked 
| 222|0x00000000ede00000, 0x00000000ede00000, 0x00000000edf00000|  0%| F|  |TAMS 0x00000000ede00000, 0x00000000ede00000| Untracked 
| 223|0x00000000edf00000, 0x00000000edf00000, 0x00000000ee000000|  0%| F|  |TAMS 0x00000000edf00000, 0x00000000edf00000| Untracked 
| 224|0x00000000ee000000, 0x00000000ee000000, 0x00000000ee100000|  0%| F|  |TAMS 0x00000000ee000000, 0x00000000ee000000| Untracked 
| 225|0x00000000ee100000, 0x00000000ee100000, 0x00000000ee200000|  0%| F|  |TAMS 0x00000000ee100000, 0x00000000ee100000| Untracked 
| 226|0x00000000ee200000, 0x00000000ee200000, 0x00000000ee300000|  0%| F|  |TAMS 0x00000000ee200000, 0x00000000ee200000| Untracked 
| 227|0x00000000ee300000, 0x00000000ee300000, 0x00000000ee400000|  0%| F|  |TAMS 0x00000000ee300000, 0x00000000ee300000| Untracked 
| 228|0x00000000ee400000, 0x00000000ee400000, 0x00000000ee500000|  0%| F|  |TAMS 0x00000000ee400000, 0x00000000ee400000| Untracked 
| 229|0x00000000ee500000, 0x00000000ee500000, 0x00000000ee600000|  0%| F|  |TAMS 0x00000000ee500000, 0x00000000ee500000| Untracked 
| 230|0x00000000ee600000, 0x00000000ee600000, 0x00000000ee700000|  0%| F|  |TAMS 0x00000000ee600000, 0x00000000ee600000| Untracked 
| 231|0x00000000ee700000, 0x00000000ee700000, 0x00000000ee800000|  0%| F|  |TAMS 0x00000000ee700000, 0x00000000ee700000| Untracked 
| 232|0x00000000ee800000, 0x00000000ee800000, 0x00000000ee900000|  0%| F|  |TAMS 0x00000000ee800000, 0x00000000ee800000| Untracked 
| 233|0x00000000ee900000, 0x00000000ee900000, 0x00000000eea00000|  0%| F|  |TAMS 0x00000000ee900000, 0x00000000ee900000| Untracked 
| 234|0x00000000eea00000, 0x00000000eea00000, 0x00000000eeb00000|  0%| F|  |TAMS 0x00000000eea00000, 0x00000000eea00000| Untracked 
| 235|0x00000000eeb00000, 0x00000000eeb00000, 0x00000000eec00000|  0%| F|  |TAMS 0x00000000eeb00000, 0x00000000eeb00000| Untracked 
| 236|0x00000000eec00000, 0x00000000eec00000, 0x00000000eed00000|  0%| F|  |TAMS 0x00000000eec00000, 0x00000000eec00000| Untracked 
| 237|0x00000000eed00000, 0x00000000eed00000, 0x00000000eee00000|  0%| F|  |TAMS 0x00000000eed00000, 0x00000000eed00000| Untracked 
| 238|0x00000000eee00000, 0x00000000eee00000, 0x00000000eef00000|  0%| F|  |TAMS 0x00000000eee00000, 0x00000000eee00000| Untracked 
| 239|0x00000000eef00000, 0x00000000eef00000, 0x00000000ef000000|  0%| F|  |TAMS 0x00000000eef00000, 0x00000000eef00000| Untracked 
| 240|0x00000000ef000000, 0x00000000ef000000, 0x00000000ef100000|  0%| F|  |TAMS 0x00000000ef000000, 0x00000000ef000000| Untracked 
| 241|0x00000000ef100000, 0x00000000ef100000, 0x00000000ef200000|  0%| F|  |TAMS 0x00000000ef100000, 0x00000000ef100000| Untracked 
| 242|0x00000000ef200000, 0x00000000ef200000, 0x00000000ef300000|  0%| F|  |TAMS 0x00000000ef200000, 0x00000000ef200000| Untracked 
| 243|0x00000000ef300000, 0x00000000ef300000, 0x00000000ef400000|  0%| F|  |TAMS 0x00000000ef300000, 0x00000000ef300000| Untracked 
| 244|0x00000000ef400000, 0x00000000ef400000, 0x00000000ef500000|  0%| F|  |TAMS 0x00000000ef400000, 0x00000000ef400000| Untracked 
| 245|0x00000000ef500000, 0x00000000ef5e6678, 0x00000000ef600000| 90%| E|  |TAMS 0x00000000ef500000, 0x00000000ef500000| Complete 
| 246|0x00000000ef600000, 0x00000000ef700000, 0x00000000ef700000|100%| E|CS|TAMS 0x00000000ef600000, 0x00000000ef600000| Complete 
| 247|0x00000000ef700000, 0x00000000ef800000, 0x00000000ef800000|100%| E|CS|TAMS 0x00000000ef700000, 0x00000000ef700000| Complete 
| 248|0x00000000ef800000, 0x00000000ef900000, 0x00000000ef900000|100%| E|CS|TAMS 0x00000000ef800000, 0x00000000ef800000| Complete 
| 249|0x00000000ef900000, 0x00000000efa00000, 0x00000000efa00000|100%| E|CS|TAMS 0x00000000ef900000, 0x00000000ef900000| Complete 
| 250|0x00000000efa00000, 0x00000000efb00000, 0x00000000efb00000|100%| E|CS|TAMS 0x00000000efa00000, 0x00000000efa00000| Complete 
| 251|0x00000000efb00000, 0x00000000efc00000, 0x00000000efc00000|100%| E|CS|TAMS 0x00000000efb00000, 0x00000000efb00000| Complete 
| 252|0x00000000efc00000, 0x00000000efd00000, 0x00000000efd00000|100%| E|CS|TAMS 0x00000000efc00000, 0x00000000efc00000| Complete 
| 253|0x00000000efd00000, 0x00000000efe00000, 0x00000000efe00000|100%| E|CS|TAMS 0x00000000efd00000, 0x00000000efd00000| Complete 
| 254|0x00000000efe00000, 0x00000000eff00000, 0x00000000eff00000|100%| E|CS|TAMS 0x00000000efe00000, 0x00000000efe00000| Complete 
| 255|0x00000000eff00000, 0x00000000f0000000, 0x00000000f0000000|100%| E|CS|TAMS 0x00000000eff00000, 0x00000000eff00000| Complete 

Card table byte_map: [0x000002a168320000,0x000002a168420000] _byte_map_base: 0x000002a167c20000

Marking Bits (Prev, Next): (CMBitMap*) 0x000002a14ef4f1c0, (CMBitMap*) 0x000002a14ef4f200
 Prev Bits: [0x000002a168520000, 0x000002a168d20000)
 Next Bits: [0x000002a168d20000, 0x000002a169520000)

Polling page: 0x000002a14efd0000

Metaspace:

Usage:
  Non-class:     13.23 MB used.
      Class:      2.05 MB used.
       Both:     15.29 MB used.

Virtual space:
  Non-class space:       64.00 MB reserved,      13.38 MB ( 21%) committed,  1 nodes.
      Class space:      320.00 MB reserved,       2.19 MB ( <1%) committed,  1 nodes.
             Both:      384.00 MB reserved,      15.56 MB (  4%) committed. 

Chunk freelists:
   Non-Class:  2.19 MB
       Class:  13.86 MB
        Both:  16.05 MB

MaxMetaspaceSize: 384.00 MB
CompressedClassSpaceSize: 320.00 MB
Initial GC threshold: 21.00 MB
Current GC threshold: 21.00 MB
CDS: on
MetaspaceReclaimPolicy: balanced
 - commit_granule_bytes: 65536.
 - commit_granule_words: 8192.
 - virtual_space_node_default_size: 8388608.
 - enlarge_chunks_in_place: 1.
 - new_chunks_are_fully_committed: 0.
 - uncommit_free_chunks: 1.
 - use_allocation_guard: 0.
 - handle_deallocations: 1.


Internal statistics:

num_allocs_failed_limit: 0.
num_arena_births: 202.
num_arena_deaths: 0.
num_vsnodes_births: 2.
num_vsnodes_deaths: 0.
num_space_committed: 249.
num_space_uncommitted: 0.
num_chunks_returned_to_freelist: 0.
num_chunks_taken_from_freelist: 707.
num_chunk_merges: 0.
num_chunk_splits: 452.
num_chunks_enlarged: 331.
num_inconsistent_stats: 0.

CodeHeap 'non-profiled nmethods': size=119168Kb used=1274Kb max_used=1274Kb free=117893Kb
 bounds [0x000002a15fe10000, 0x000002a160080000, 0x000002a167270000]
CodeHeap 'profiled nmethods': size=119104Kb used=5334Kb max_used=5334Kb free=113770Kb
 bounds [0x000002a158270000, 0x000002a1587b0000, 0x000002a15f6c0000]
CodeHeap 'non-nmethods': size=7488Kb used=2910Kb max_used=2925Kb free=4577Kb
 bounds [0x000002a15f6c0000, 0x000002a15f9a0000, 0x000002a15fe10000]
 total_blobs=3141 nmethods=2609 adapters=441
 compilation: enabled
              stopped_count=0, restarted_count=0
 full_count=0

Compilation events (20 events):
Event: 1.709 Thread 0x000002a16c5106c0 nmethod 2569 0x000002a15878cc90 code [0x000002a15878ce80, 0x000002a15878d428]
Event: 1.710 Thread 0x000002a16c5106c0 2578       3       java.util.regex.Matcher::<init> (95 bytes)
Event: 1.710 Thread 0x000002a16c71efd0 nmethod 2568 0x000002a15878d690 code [0x000002a15878d920, 0x000002a15878e408]
Event: 1.710 Thread 0x000002a16c71efd0 2581       3       java.util.regex.Pattern$BmpCharPropertyGreedy::match (89 bytes)
Event: 1.710 Thread 0x000002a172ee6ac0 nmethod 2574 0x000002a15878e810 code [0x000002a15878e9e0, 0x000002a15878eda8]
Event: 1.710 Thread 0x000002a172ee6ac0 2577       3       org.gradle.util.internal.DefaultGradleVersion::compareTo (9 bytes)
Event: 1.710 Thread 0x000002a16c5106c0 nmethod 2578 0x000002a15878ef90 code [0x000002a15878f160, 0x000002a15878f788]
Event: 1.710 Thread 0x000002a16c9613e0 nmethod 2571 0x000002a15ff4c110 code [0x000002a15ff4c2a0, 0x000002a15ff4c358]
Event: 1.710 Thread 0x000002a16c5106c0 2575       3       java.util.regex.Matcher::getSubSequence (12 bytes)
Event: 1.710 Thread 0x000002a172ee6ac0 nmethod 2577 0x000002a15878f910 code [0x000002a15878fac0, 0x000002a15878fce8]
Event: 1.710 Thread 0x000002a172ee6ac0 2579       3       java.util.TreeMap::setColor (10 bytes)
Event: 1.711 Thread 0x000002a16c5106c0 nmethod 2575 0x000002a15878fd90 code [0x000002a15878ff40, 0x000002a158790108]
Event: 1.711 Thread 0x000002a172ee6ac0 nmethod 2579 0x000002a158790210 code [0x000002a1587903a0, 0x000002a1587904d8]
Event: 1.711 Thread 0x000002a16c5106c0 2580       3       java.util.TreeMap::leftOf (13 bytes)
Event: 1.711 Thread 0x000002a172ee6ac0 2576       1       java.lang.Character::charValue (5 bytes)
Event: 1.711 Thread 0x000002a16c71efd0 nmethod 2581 0x000002a158790590 code [0x000002a158790780, 0x000002a158790dc8]
Event: 1.711 Thread 0x000002a172ee6ac0 nmethod 2576 0x000002a15ff4c410 code [0x000002a15ff4c5a0, 0x000002a15ff4c678]
Event: 1.711 Thread 0x000002a16c71efd0 2582       3       java.util.regex.Pattern$TreeInfo::reset (21 bytes)
Event: 1.711 Thread 0x000002a16c5106c0 nmethod 2580 0x000002a158791010 code [0x000002a1587911c0, 0x000002a158791338]
Event: 1.711 Thread 0x000002a16c71efd0 nmethod 2582 0x000002a158791410 code [0x000002a1587915a0, 0x000002a1587916b8]

GC Heap History (6 events):
Event: 0.267 GC heap before
{Heap before GC invocations=0 (full 0):
 garbage-first heap   total 262144K, used 23552K [0x00000000e0000000, 0x0000000100000000)
  region size 1024K, 23 young (23552K), 0 survivors (0K)
 Metaspace       used 834K, committed 960K, reserved 393216K
  class space    used 61K, committed 128K, reserved 327680K
}
Event: 0.269 GC heap after
{Heap after GC invocations=1 (full 0):
 garbage-first heap   total 262144K, used 1578K [0x00000000e0000000, 0x0000000100000000)
  region size 1024K, 2 young (2048K), 2 survivors (2048K)
 Metaspace       used 834K, committed 960K, reserved 393216K
  class space    used 61K, committed 128K, reserved 327680K
}
Event: 0.663 GC heap before
{Heap before GC invocations=1 (full 0):
 garbage-first heap   total 262144K, used 42538K [0x00000000e0000000, 0x0000000100000000)
  region size 1024K, 38 young (38912K), 2 survivors (2048K)
 Metaspace       used 4627K, committed 4736K, reserved 393216K
  class space    used 574K, committed 640K, reserved 327680K
}
Event: 0.673 GC heap after
{Heap after GC invocations=2 (full 0):
 garbage-first heap   total 262144K, used 11436K [0x00000000e0000000, 0x0000000100000000)
  region size 1024K, 5 young (5120K), 5 survivors (5120K)
 Metaspace       used 4627K, committed 4736K, reserved 393216K
  class space    used 574K, committed 640K, reserved 327680K
}
Event: 1.641 GC heap before
{Heap before GC invocations=2 (full 0):
 garbage-first heap   total 262144K, used 111788K [0x00000000e0000000, 0x0000000100000000)
  region size 1024K, 102 young (104448K), 5 survivors (5120K)
 Metaspace       used 14256K, committed 14528K, reserved 393216K
  class space    used 1926K, committed 2048K, reserved 327680K
}
Event: 1.659 GC heap after
{Heap after GC invocations=3 (full 0):
 garbage-first heap   total 262144K, used 21070K [0x00000000e0000000, 0x0000000100000000)
  region size 1024K, 13 young (13312K), 13 survivors (13312K)
 Metaspace       used 14256K, committed 14528K, reserved 393216K
  class space    used 1926K, committed 2048K, reserved 327680K
}

Dll operation events (15 events):
Event: 0.006 Loaded shared library C:\Program Files\Eclipse Adoptium\jdk-17.0.16.8-hotspot\bin\java.dll
Event: 0.030 Loaded shared library C:\Program Files\Eclipse Adoptium\jdk-17.0.16.8-hotspot\bin\jsvml.dll
Event: 0.099 Loaded shared library C:\Program Files\Eclipse Adoptium\jdk-17.0.16.8-hotspot\bin\zip.dll
Event: 0.102 Loaded shared library C:\Program Files\Eclipse Adoptium\jdk-17.0.16.8-hotspot\bin\instrument.dll
Event: 0.106 Loaded shared library C:\Program Files\Eclipse Adoptium\jdk-17.0.16.8-hotspot\bin\net.dll
Event: 0.108 Loaded shared library C:\Program Files\Eclipse Adoptium\jdk-17.0.16.8-hotspot\bin\nio.dll
Event: 0.110 Loaded shared library C:\Program Files\Eclipse Adoptium\jdk-17.0.16.8-hotspot\bin\zip.dll
Event: 0.270 Loaded shared library C:\Program Files\Eclipse Adoptium\jdk-17.0.16.8-hotspot\bin\jimage.dll
Event: 0.409 Loaded shared library C:\Program Files\Eclipse Adoptium\jdk-17.0.16.8-hotspot\bin\verify.dll
Event: 0.429 Loaded shared library C:\Users\Admin\.gradle\native\660c5614fbf4a5f2a75b1949f50a0caf5cd603558e7d8a26e50b933a0cfb79d1\windows-amd64\native-platform.dll
Event: 0.435 Loaded shared library C:\Users\Admin\.gradle\native\0.2.8\x86_64-windows-gnu\gradle-fileevents.dll
Event: 1.029 Loaded shared library C:\Program Files\Eclipse Adoptium\jdk-17.0.16.8-hotspot\bin\management.dll
Event: 1.031 Loaded shared library C:\Program Files\Eclipse Adoptium\jdk-17.0.16.8-hotspot\bin\management_ext.dll
Event: 1.162 Loaded shared library C:\Program Files\Eclipse Adoptium\jdk-17.0.16.8-hotspot\bin\extnet.dll
Event: 1.312 Loaded shared library C:\Program Files\Eclipse Adoptium\jdk-17.0.16.8-hotspot\bin\sunmscapi.dll

Deoptimization events (20 events):
Event: 1.687 Thread 0x000002a173b2b4a0 DEOPT PACKING pc=0x000002a15fe34c10 sp=0x000000a3d8dfbdd0
Event: 1.687 Thread 0x000002a173b2b4a0 DEOPT UNPACKING pc=0x000002a15f7169a3 sp=0x000000a3d8dfbd78 mode 2
Event: 1.694 Thread 0x000002a173b2b4a0 Uncommon trap: trap_request=0xffffffde fr.pc=0x000002a15fe34c10 relative=0x00000000000003b0
Event: 1.694 Thread 0x000002a173b2b4a0 Uncommon trap: reason=class_check action=maybe_recompile pc=0x000002a15fe34c10 method=java.util.regex.Matcher.match(II)Z @ 121 c2
Event: 1.694 Thread 0x000002a173b2b4a0 DEOPT PACKING pc=0x000002a15fe34c10 sp=0x000000a3d8dfb990
Event: 1.694 Thread 0x000002a173b2b4a0 DEOPT UNPACKING pc=0x000002a15f7169a3 sp=0x000000a3d8dfb938 mode 2
Event: 1.705 Thread 0x000002a173b2b4a0 Uncommon trap: trap_request=0xffffff45 fr.pc=0x000002a15fe54fb4 relative=0x0000000000000974
Event: 1.705 Thread 0x000002a173b2b4a0 Uncommon trap: reason=unstable_if action=reinterpret pc=0x000002a15fe54fb4 method=java.util.regex.Matcher.reset()Ljava/util/regex/Matcher; @ 47 c2
Event: 1.705 Thread 0x000002a173b2b4a0 DEOPT PACKING pc=0x000002a15fe54fb4 sp=0x000000a3d8dfa930
Event: 1.705 Thread 0x000002a173b2b4a0 DEOPT UNPACKING pc=0x000002a15f7169a3 sp=0x000000a3d8dfa878 mode 2
Event: 1.705 Thread 0x000002a173b2b4a0 Uncommon trap: trap_request=0xffffff45 fr.pc=0x000002a15fe34c7c relative=0x000000000000041c
Event: 1.705 Thread 0x000002a173b2b4a0 Uncommon trap: reason=unstable_if action=reinterpret pc=0x000002a15fe34c7c method=java.util.regex.Matcher.match(II)Z @ 76 c2
Event: 1.705 Thread 0x000002a173b2b4a0 DEOPT PACKING pc=0x000002a15fe34c7c sp=0x000000a3d8dfa960
Event: 1.705 Thread 0x000002a173b2b4a0 DEOPT UNPACKING pc=0x000002a15f7169a3 sp=0x000000a3d8dfa918 mode 2
Event: 1.705 Thread 0x000002a173b2b4a0 Uncommon trap: trap_request=0xffffff45 fr.pc=0x000002a15fe31acc relative=0x00000000000001ac
Event: 1.705 Thread 0x000002a173b2b4a0 Uncommon trap: reason=unstable_if action=reinterpret pc=0x000002a15fe31acc method=java.util.regex.Matcher.reset()Ljava/util/regex/Matcher; @ 47 c2
Event: 1.705 Thread 0x000002a173b2b4a0 DEOPT PACKING pc=0x000002a15fe31acc sp=0x000000a3d8dfa7f0
Event: 1.705 Thread 0x000002a173b2b4a0 DEOPT UNPACKING pc=0x000002a15f7169a3 sp=0x000000a3d8dfa780 mode 2
Event: 1.708 Thread 0x000002a173b2b4a0 DEOPT PACKING pc=0x000002a15836a1d7 sp=0x000000a3d8dfa5c0
Event: 1.708 Thread 0x000002a173b2b4a0 DEOPT UNPACKING pc=0x000002a15f717143 sp=0x000000a3d8df9a58 mode 0

Classes loaded (20 events):
Event: 1.683 Loading class java/nio/file/NoSuchFileException
Event: 1.683 Loading class java/nio/file/FileSystemException
Event: 1.683 Loading class java/nio/file/FileSystemException done
Event: 1.683 Loading class java/nio/file/NoSuchFileException done
Event: 1.684 Loading class java/nio/file/attribute/PosixFilePermissions
Event: 1.684 Loading class java/nio/file/attribute/PosixFilePermissions done
Event: 1.684 Loading class java/util/RegularEnumSet$EnumSetIterator
Event: 1.684 Loading class java/util/RegularEnumSet$EnumSetIterator done
Event: 1.684 Loading class java/nio/file/attribute/PosixFilePermissions$1
Event: 1.684 Loading class java/nio/file/attribute/PosixFilePermissions$1 done
Event: 1.686 Loading class sun/invoke/util/VerifyAccess$1
Event: 1.686 Loading class sun/invoke/util/VerifyAccess$1 done
Event: 1.696 Loading class java/util/concurrent/ArrayBlockingQueue
Event: 1.696 Loading class java/util/concurrent/ArrayBlockingQueue done
Event: 1.696 Loading class java/util/concurrent/locks/ReentrantLock$FairSync
Event: 1.696 Loading class java/util/concurrent/locks/ReentrantLock$FairSync done
Event: 1.700 Loading class java/net/DatagramPacket
Event: 1.700 Loading class java/net/DatagramPacket done
Event: 1.701 Loading class sun/nio/ch/DatagramSocketAdaptor$DatagramPackets
Event: 1.701 Loading class sun/nio/ch/DatagramSocketAdaptor$DatagramPackets done

Classes unloaded (0 events):
No events

Classes redefined (0 events):
No events

Internal exceptions (20 events):
Event: 1.163 Thread 0x000002a14ef1e6b0 Exception <a 'java/lang/NoSuchMethodError'{0x00000000ebbad460}: 'void java.lang.invoke.DirectMethodHandle$Holder.invokeStatic(java.lang.Object, java.lang.Object, java.lang.Object)'> (0x00000000ebbad460) 
thrown [s\src\hotspot\share\interpreter\linkResolver.cpp, line 759]
Event: 1.204 Thread 0x000002a14ef1e6b0 Exception <a 'java/lang/NoSuchMethodError'{0x00000000eb723660}: 'java.lang.Object java.lang.invoke.DirectMethodHandle$Holder.invokeStaticInit(java.lang.Object, int, int, int, int)'> (0x00000000eb723660) 
thrown [s\src\hotspot\share\interpreter\linkResolver.cpp, line 759]
Event: 1.237 Thread 0x000002a14ef1e6b0 Exception <a 'java/lang/NoSuchMethodError'{0x00000000eb61f570}: 'java.lang.Object java.lang.invoke.DirectMethodHandle$Holder.invokeStaticInit(java.lang.Object, java.lang.Object, int, int, int, int)'> (0x00000000eb61f570) 
thrown [s\src\hotspot\share\interpreter\linkResolver.cpp, line 759]
Event: 1.273 Thread 0x000002a14ef1e6b0 Exception <a 'java/io/IOException'{0x00000000eb345940}> (0x00000000eb345940) 
thrown [s\src\hotspot\share\prims\jni.cpp, line 516]
Event: 1.277 Thread 0x000002a14ef1e6b0 Implicit null exception at 0x000002a15fe610f2 to 0x000002a15fe616c8
Event: 1.280 Thread 0x000002a14ef1e6b0 Exception <a 'java/lang/NoSuchMethodError'{0x00000000eb3aef50}: 'java.lang.Object java.lang.invoke.DirectMethodHandle$Holder.newInvokeSpecial(java.lang.Object, java.lang.Object, java.lang.Object, java.lang.Object, java.lang.Object)'> (0x00000000eb3aef50) 
thrown [s\src\hotspot\share\interpreter\linkResolver.cpp, line 759]
Event: 1.349 Thread 0x000002a173b2c8e0 Exception <a 'java/lang/NoSuchMethodError'{0x00000000eae13528}: static Lorg/gradle/tooling/internal/provider/serialization/ClassLoaderDetails;.<clinit>()V> (0x00000000eae13528) 
thrown [s\src\hotspot\share\prims\jni.cpp, line 1112]
Event: 1.350 Thread 0x000002a173b2c8e0 Exception <a 'java/lang/NoSuchMethodError'{0x00000000eae2cc30}: static Lorg/gradle/internal/classloader/ClassLoaderSpec;.<clinit>()V> (0x00000000eae2cc30) 
thrown [s\src\hotspot\share\prims\jni.cpp, line 1112]
Event: 1.351 Thread 0x000002a173b2c8e0 Exception <a 'java/lang/NoSuchMethodError'{0x00000000eae363b8}: static Lorg/gradle/tooling/internal/provider/serialization/WellKnownClassLoaderRegistry$KnownClassLoaderSpec;.<clinit>()V> (0x00000000eae363b8) 
thrown [s\src\hotspot\share\prims\jni.cpp, line 1112]
Event: 1.352 Thread 0x000002a173b2c8e0 Exception <a 'java/lang/NoSuchMethodError'{0x00000000eae4ca00}: static Lorg/gradle/tooling/internal/provider/serialization/ClientOwnedClassLoaderSpec;.<clinit>()V> (0x00000000eae4ca00) 
thrown [s\src\hotspot\share\prims\jni.cpp, line 1112]
Event: 1.364 Thread 0x000002a172c251a0 Exception <a 'java/lang/NoSuchMethodError'{0x00000000eb071768}: 'void java.lang.invoke.DirectMethodHandle$Holder.invokeSpecial(java.lang.Object, java.lang.Object, java.lang.Object)'> (0x00000000eb071768) 
thrown [s\src\hotspot\share\interpreter\linkResolver.cpp, line 759]
Event: 1.404 Thread 0x000002a173b2b4a0 Exception <a 'java/lang/NoSuchMethodError'{0x00000000eaaf7ad8}: 'long java.lang.invoke.DirectMethodHandle$Holder.invokeInterface(java.lang.Object, java.lang.Object)'> (0x00000000eaaf7ad8) 
thrown [s\src\hotspot\share\interpreter\linkResolver.cpp, line 759]
Event: 1.452 Thread 0x000002a173b2b4a0 Exception <a 'java/lang/NoSuchMethodError'{0x00000000ea50c3f8}: 'void java.lang.invoke.DirectMethodHandle$Holder.invokeStatic(java.lang.Object, java.lang.Object)'> (0x00000000ea50c3f8) 
thrown [s\src\hotspot\share\interpreter\linkResolver.cpp, line 759]
Event: 1.488 Thread 0x000002a173b2b4a0 Exception <a 'java/lang/NoSuchMethodError'{0x00000000ea3587b8}: 'int java.lang.invoke.DirectMethodHandle$Holder.invokeVirtual(java.lang.Object, java.lang.Object, java.lang.Object)'> (0x00000000ea3587b8) 
thrown [s\src\hotspot\share\interpreter\linkResolver.cpp, line 759]
Event: 1.530 Thread 0x000002a173b2b4a0 Exception <a 'java/lang/NoSuchMethodError'{0x00000000ea01bd20}: 'java.lang.Object java.lang.invoke.DirectMethodHandle$Holder.newInvokeSpecial(java.lang.Object, java.lang.Object, java.lang.Object, java.lang.Object, java.lang.Object, java.lang.Object)'> (0x00000000ea01bd20) 
thrown [s\src\hotspot\share\interpreter\linkResolver.cpp, line 759]
Event: 1.590 Thread 0x000002a173b2b4a0 Exception <a 'java/lang/NoSuchMethodError'{0x00000000e9d010d0}: 'void java.lang.invoke.DelegatingMethodHandle$Holder.reinvoke_L(java.lang.Object, java.lang.Object, java.lang.Object, java.lang.Object, java.lang.Object, java.lang.Object, java.lang.Object, java.lang.Object, java.lang.Object, java.lang.Object)'> (0x00000000e9d010d0) 
thrown [s\src\hotspot\share\interpreter\linkResolver.cpp, line 759]
Event: 1.591 Thread 0x000002a173b2b4a0 Exception <a 'java/lang/NoSuchMethodError'{0x00000000e9d09540}: 'java.lang.Object java.lang.invoke.DirectMethodHandle$Holder.invokeSpecial(java.lang.Object, java.lang.Object, java.lang.Object, java.lang.Object, java.lang.Object, java.lang.Object, java.lang.Object, java.lang.Object, java.lang.Object, java.lang.Object)'> (0x00000000e9d09540) 
thrown [s\src\hotspot\share\interpreter\linkResolver.cpp, line 759]
Event: 1.591 Thread 0x000002a173b2b4a0 Exception <a 'java/lang/NoSuchMethodError'{0x00000000e9d0de10}: 'java.lang.Object java.lang.invoke.Invokers$Holder.invoker(java.lang.Object, java.lang.Object, java.lang.Object, java.lang.Object, java.lang.Object, java.lang.Object, java.lang.Object, java.lang.Object, java.lang.Object, java.lang.Object)'> (0x00000000e9d0de10) 
thrown [s\src\hotspot\share\interpreter\linkResolver.cpp, line 759]
Event: 1.591 Thread 0x000002a173b2b4a0 Exception <a 'java/lang/NoSuchMethodError'{0x00000000e9d13a18}: 'java.lang.Object java.lang.invoke.DirectMethodHandle$Holder.invokeSpecial(java.lang.Object, java.lang.Object, java.lang.Object, java.lang.Object, java.lang.Object, java.lang.Object, java.lang.Object, java.lang.Object, java.lang.Object, java.lang.Object, java.lang.Object)'> (0x00000000e9d13a18) 
thrown [s\src\hotspot\share\interpreter\linkResolver.cpp, line 759]
Event: 1.697 Thread 0x000002a173b2b4a0 Exception <a 'java/lang/NoSuchMethodError'{0x00000000efaef4e0}: 'java.lang.Object java.lang.invoke.DirectMethodHandle$Holder.newInvokeSpecial(java.lang.Object, java.lang.Object, int)'> (0x00000000efaef4e0) 
thrown [s\src\hotspot\share\interpreter\linkResolver.cpp, line 759]

VM Operations (20 events):
Event: 1.041 Executing VM operation: HandshakeAllThreads
Event: 1.041 Executing VM operation: HandshakeAllThreads done
Event: 1.066 Executing VM operation: HandshakeAllThreads
Event: 1.066 Executing VM operation: HandshakeAllThreads done
Event: 1.160 Executing VM operation: HandshakeAllThreads
Event: 1.160 Executing VM operation: HandshakeAllThreads done
Event: 1.178 Executing VM operation: ICBufferFull
Event: 1.178 Executing VM operation: ICBufferFull done
Event: 1.195 Executing VM operation: HandshakeAllThreads
Event: 1.195 Executing VM operation: HandshakeAllThreads done
Event: 1.208 Executing VM operation: HandshakeAllThreads
Event: 1.208 Executing VM operation: HandshakeAllThreads done
Event: 1.230 Executing VM operation: HandshakeAllThreads
Event: 1.230 Executing VM operation: HandshakeAllThreads done
Event: 1.302 Executing VM operation: HandshakeAllThreads
Event: 1.302 Executing VM operation: HandshakeAllThreads done
Event: 1.603 Executing VM operation: ICBufferFull
Event: 1.603 Executing VM operation: ICBufferFull done
Event: 1.639 Executing VM operation: G1CollectForAllocation
Event: 1.659 Executing VM operation: G1CollectForAllocation done

Memory protections (0 events):
No events

Nmethod flushes (0 events):
No events

Events (20 events):
Event: 0.083 Thread 0x000002a16c7162a0 Thread added: 0x000002a16c71efd0
Event: 0.092 Thread 0x000002a16c71efd0 Thread added: 0x000002a16c750330
Event: 0.118 Thread 0x000002a14ef1e6b0 Thread added: 0x000002a16c82fae0
Event: 0.259 Thread 0x000002a16c71efd0 Thread added: 0x000002a16c9613e0
Event: 0.265 Thread 0x000002a16c50e240 Thread added: 0x000002a17103c020
Event: 0.265 Thread 0x000002a16c50e240 Thread added: 0x000002a16c8b26c0
Event: 0.565 Thread 0x000002a16c7162a0 Thread added: 0x000002a172ee6ac0
Event: 1.052 Thread 0x000002a14ef1e6b0 Thread added: 0x000002a171fa5c10
Event: 1.246 Thread 0x000002a14ef1e6b0 Thread added: 0x000002a17379c5f0
Event: 1.282 Thread 0x000002a14ef1e6b0 Thread added: 0x000002a172b24970
Event: 1.325 Thread 0x000002a17379c5f0 Thread added: 0x000002a172c251a0
Event: 1.327 Thread 0x000002a172c251a0 Thread added: 0x000002a173b2c8e0
Event: 1.361 Thread 0x000002a172c251a0 Thread added: 0x000002a173b2a570
Event: 1.365 Thread 0x000002a172c251a0 Thread added: 0x000002a173b2b4a0
Event: 1.372 Thread 0x000002a173b2b4a0 Thread added: 0x000002a173b2af90
Event: 1.375 Thread 0x000002a173b2b4a0 Thread added: 0x000002a173b2b9b0
Event: 1.379 Thread 0x000002a173b2b4a0 Thread added: 0x000002a173b29b50
Event: 1.659 Thread 0x000002a16c8b26c0 Thread exited: 0x000002a16c8b26c0
Event: 1.696 Thread 0x000002a173b2b4a0 Thread added: 0x000002a173b2cdf0
Event: 1.700 Thread 0x000002a173b2b4a0 Thread added: 0x000002a173b2bec0


Dynamic libraries:
0x00007ff717840000 - 0x00007ff71784e000 	C:\Program Files\Eclipse Adoptium\jdk-17.0.16.8-hotspot\bin\java.exe
0x00007ffb85690000 - 0x00007ffb858a7000 	C:\Windows\SYSTEM32\ntdll.dll
0x00007ffb844c0000 - 0x00007ffb84584000 	C:\Windows\System32\KERNEL32.DLL
0x00007ffb829a0000 - 0x00007ffb82d57000 	C:\Windows\System32\KERNELBASE.dll
0x00007ffb82f30000 - 0x00007ffb83041000 	C:\Windows\System32\ucrtbase.dll
0x00007ffb7f3e0000 - 0x00007ffb7f3f7000 	C:\Program Files\Eclipse Adoptium\jdk-17.0.16.8-hotspot\bin\jli.dll
0x00007ffb79310000 - 0x00007ffb7932e000 	C:\Program Files\Eclipse Adoptium\jdk-17.0.16.8-hotspot\bin\VCRUNTIME140.dll
0x00007ffb834a0000 - 0x00007ffb8364f000 	C:\Windows\System32\USER32.dll
0x00007ffb68690000 - 0x00007ffb68923000 	C:\Windows\WinSxS\amd64_microsoft.windows.common-controls_6595b64144ccf1df_6.0.22621.3672_none_2713b9d173822955\COMCTL32.dll
0x00007ffb832d0000 - 0x00007ffb832f6000 	C:\Windows\System32\win32u.dll
0x00007ffb84c90000 - 0x00007ffb84d37000 	C:\Windows\System32\msvcrt.dll
0x00007ffb84b30000 - 0x00007ffb84b59000 	C:\Windows\System32\GDI32.dll
0x00007ffb82de0000 - 0x00007ffb82ef8000 	C:\Windows\System32\gdi32full.dll
0x00007ffb83050000 - 0x00007ffb830ea000 	C:\Windows\System32\msvcp_win.dll
0x00007ffb84640000 - 0x00007ffb84671000 	C:\Windows\System32\IMM32.DLL
0x00007ffb7eba0000 - 0x00007ffb7ebac000 	C:\Program Files\Eclipse Adoptium\jdk-17.0.16.8-hotspot\bin\vcruntime140_1.dll
0x00007ffb69ba0000 - 0x00007ffb69c2d000 	C:\Program Files\Eclipse Adoptium\jdk-17.0.16.8-hotspot\bin\msvcp140.dll
0x00007ffaed490000 - 0x00007ffaee0fb000 	C:\Program Files\Eclipse Adoptium\jdk-17.0.16.8-hotspot\bin\server\jvm.dll
0x00007ffb83960000 - 0x00007ffb83a12000 	C:\Windows\System32\ADVAPI32.dll
0x00007ffb84590000 - 0x00007ffb84638000 	C:\Windows\System32\sechost.dll
0x00007ffb82f00000 - 0x00007ffb82f28000 	C:\Windows\System32\bcrypt.dll
0x00007ffb84680000 - 0x00007ffb84794000 	C:\Windows\System32\RPCRT4.dll
0x00007ffb84d40000 - 0x00007ffb84db1000 	C:\Windows\System32\WS2_32.dll
0x00007ffb81810000 - 0x00007ffb8185d000 	C:\Windows\SYSTEM32\POWRPROF.dll
0x00007ffb78fb0000 - 0x00007ffb78fe4000 	C:\Windows\SYSTEM32\WINMM.dll
0x00007ffb77a90000 - 0x00007ffb77a9a000 	C:\Windows\SYSTEM32\VERSION.dll
0x00007ffb817f0000 - 0x00007ffb81803000 	C:\Windows\SYSTEM32\UMPDC.dll
0x00007ffb81a40000 - 0x00007ffb81a58000 	C:\Windows\SYSTEM32\kernel.appcore.dll
0x00007ffb7e0a0000 - 0x00007ffb7e0aa000 	C:\Program Files\Eclipse Adoptium\jdk-17.0.16.8-hotspot\bin\jimage.dll
0x00007ffb7fb50000 - 0x00007ffb7fd82000 	C:\Windows\SYSTEM32\DBGHELP.DLL
0x00007ffb83aa0000 - 0x00007ffb83e2e000 	C:\Windows\System32\combase.dll
0x00007ffb833c0000 - 0x00007ffb83497000 	C:\Windows\System32\OLEAUT32.dll
0x00007ffb66ae0000 - 0x00007ffb66b12000 	C:\Windows\SYSTEM32\dbgcore.DLL
0x00007ffb82d60000 - 0x00007ffb82ddb000 	C:\Windows\System32\bcryptPrimitives.dll
0x00007ffb79300000 - 0x00007ffb7930e000 	C:\Program Files\Eclipse Adoptium\jdk-17.0.16.8-hotspot\bin\instrument.dll
0x00007ffb6bdf0000 - 0x00007ffb6be15000 	C:\Program Files\Eclipse Adoptium\jdk-17.0.16.8-hotspot\bin\java.dll
0x00007ffb69ac0000 - 0x00007ffb69b97000 	C:\Program Files\Eclipse Adoptium\jdk-17.0.16.8-hotspot\bin\jsvml.dll
0x00007ffb84de0000 - 0x00007ffb85649000 	C:\Windows\System32\SHELL32.dll
0x00007ffb808d0000 - 0x00007ffb811cf000 	C:\Windows\SYSTEM32\windows.storage.dll
0x00007ffb80790000 - 0x00007ffb808cf000 	C:\Windows\SYSTEM32\wintypes.dll
0x00007ffb849d0000 - 0x00007ffb84ac9000 	C:\Windows\System32\SHCORE.dll
0x00007ffb84960000 - 0x00007ffb849be000 	C:\Windows\System32\shlwapi.dll
0x00007ffb828d0000 - 0x00007ffb828f7000 	C:\Windows\SYSTEM32\profapi.dll
0x00007ffb69aa0000 - 0x00007ffb69ab8000 	C:\Program Files\Eclipse Adoptium\jdk-17.0.16.8-hotspot\bin\zip.dll
0x00007ffb4b530000 - 0x00007ffb4b549000 	C:\Program Files\Eclipse Adoptium\jdk-17.0.16.8-hotspot\bin\net.dll
0x00007ffb7c2b0000 - 0x00007ffb7c3e6000 	C:\Windows\SYSTEM32\WINHTTP.dll
0x00007ffb81f00000 - 0x00007ffb81f69000 	C:\Windows\system32\mswsock.dll
0x00007ffb3c4b0000 - 0x00007ffb3c4c6000 	C:\Program Files\Eclipse Adoptium\jdk-17.0.16.8-hotspot\bin\nio.dll
0x00007ffb6b580000 - 0x00007ffb6b590000 	C:\Program Files\Eclipse Adoptium\jdk-17.0.16.8-hotspot\bin\verify.dll
0x00007ffb285b0000 - 0x00007ffb285d7000 	C:\Users\Admin\.gradle\native\660c5614fbf4a5f2a75b1949f50a0caf5cd603558e7d8a26e50b933a0cfb79d1\windows-amd64\native-platform.dll
0x00007ffb28530000 - 0x00007ffb285a7000 	C:\Users\Admin\.gradle\native\0.2.8\x86_64-windows-gnu\gradle-fileevents.dll
0x00007ffb69a90000 - 0x00007ffb69a9a000 	C:\Program Files\Eclipse Adoptium\jdk-17.0.16.8-hotspot\bin\management.dll
0x00007ffb69a40000 - 0x00007ffb69a4b000 	C:\Program Files\Eclipse Adoptium\jdk-17.0.16.8-hotspot\bin\management_ext.dll
0x00007ffb84b60000 - 0x00007ffb84b68000 	C:\Windows\System32\PSAPI.DLL
0x00007ffb814a0000 - 0x00007ffb814cd000 	C:\Windows\SYSTEM32\IPHLPAPI.DLL
0x00007ffb849c0000 - 0x00007ffb849c9000 	C:\Windows\System32\NSI.dll
0x00007ffb7c110000 - 0x00007ffb7c129000 	C:\Windows\SYSTEM32\dhcpcsvc6.DLL
0x00007ffb7c0f0000 - 0x00007ffb7c10f000 	C:\Windows\SYSTEM32\dhcpcsvc.DLL
0x00007ffb81510000 - 0x00007ffb81612000 	C:\Windows\SYSTEM32\DNSAPI.dll
0x00007ffb63590000 - 0x00007ffb63599000 	C:\Program Files\Eclipse Adoptium\jdk-17.0.16.8-hotspot\bin\extnet.dll
0x00007ffb82150000 - 0x00007ffb8216b000 	C:\Windows\SYSTEM32\CRYPTSP.dll
0x00007ffb81a00000 - 0x00007ffb81a35000 	C:\Windows\system32\rsaenh.dll
0x00007ffb81fb0000 - 0x00007ffb81fd8000 	C:\Windows\SYSTEM32\USERENV.dll
0x00007ffb82110000 - 0x00007ffb8211c000 	C:\Windows\SYSTEM32\CRYPTBASE.dll
0x00007ffb51d30000 - 0x00007ffb51d3e000 	C:\Program Files\Eclipse Adoptium\jdk-17.0.16.8-hotspot\bin\sunmscapi.dll
0x00007ffb830f0000 - 0x00007ffb83256000 	C:\Windows\System32\CRYPT32.dll
0x00007ffb82340000 - 0x00007ffb8236d000 	C:\Windows\SYSTEM32\ncrypt.dll
0x00007ffb82300000 - 0x00007ffb82337000 	C:\Windows\SYSTEM32\NTASN1.dll
0x00007ffb4c020000 - 0x00007ffb4c028000 	C:\Windows\system32\wshunix.dll

dbghelp: loaded successfully - version: 4.0.5 - missing functions: none
symbol engine: initialized successfully - sym options: 0x614 - pdb path: .;C:\Program Files\Eclipse Adoptium\jdk-17.0.16.8-hotspot\bin;C:\Windows\SYSTEM32;C:\Windows\WinSxS\amd64_microsoft.windows.common-controls_6595b64144ccf1df_6.0.22621.3672_none_2713b9d173822955;C:\Program Files\Eclipse Adoptium\jdk-17.0.16.8-hotspot\bin\server;C:\Users\Admin\.gradle\native\660c5614fbf4a5f2a75b1949f50a0caf5cd603558e7d8a26e50b933a0cfb79d1\windows-amd64;C:\Users\Admin\.gradle\native\0.2.8\x86_64-windows-gnu

VM Arguments:
jvm_args: --add-opens=java.base/java.lang=ALL-UNNAMED --add-opens=java.base/java.lang.invoke=ALL-UNNAMED --add-opens=java.base/java.util=ALL-UNNAMED --add-opens=java.prefs/java.util.prefs=ALL-UNNAMED --add-exports=jdk.compiler/com.sun.tools.javac.api=ALL-UNNAMED --add-exports=jdk.compiler/com.sun.tools.javac.util=ALL-UNNAMED --add-opens=java.base/java.util=ALL-UNNAMED --add-opens=java.prefs/java.util.prefs=ALL-UNNAMED --add-opens=java.base/java.nio.charset=ALL-UNNAMED --add-opens=java.base/java.net=ALL-UNNAMED --add-opens=java.base/java.util.concurrent=ALL-UNNAMED --add-opens=java.base/java.util.concurrent.atomic=ALL-UNNAMED --add-opens=java.xml/javax.xml.namespace=ALL-UNNAMED --add-opens=java.base/java.time=ALL-UNNAMED -XX:MaxMetaspaceSize=384m -XX:+HeapDumpOnOutOfMemoryError -Xms256m -Xmx512m -Dfile.encoding=UTF-8 -Duser.country=US -Duser.language=en -Duser.variant -javaagent:C:\Users\Admin\.gradle\wrapper\dists\gradle-9.2.1-bin\2t0n5ozlw9xmuyvbp7dnzaxug\gradle-9.2.1\lib\agents\gradle-instrumentation-agent-9.2.1.jar 
java_command: org.gradle.launcher.daemon.bootstrap.GradleDaemon 9.2.1
java_class_path (initial): C:\Users\Admin\.gradle\wrapper\dists\gradle-9.2.1-bin\2t0n5ozlw9xmuyvbp7dnzaxug\gradle-9.2.1\lib\gradle-daemon-main-9.2.1.jar
Launcher Type: SUN_STANDARD

[Global flags]
     intx CICompilerCount                          = 12                                        {product} {ergonomic}
   size_t CompressedClassSpaceSize                 = 335544320                                 {product} {ergonomic}
     uint ConcGCThreads                            = 3                                         {product} {ergonomic}
     uint G1ConcRefinementThreads                  = 13                                        {product} {ergonomic}
   size_t G1HeapRegionSize                         = 1048576                                   {product} {ergonomic}
    uintx GCDrainStackTargetSize                   = 64                                        {product} {ergonomic}
     bool HeapDumpOnOutOfMemoryError               = true                                   {manageable} {command line}
   size_t InitialHeapSize                          = 268435456                                 {product} {command line}
   size_t MarkStackSize                            = 4194304                                   {product} {ergonomic}
   size_t MaxHeapSize                              = 536870912                                 {product} {command line}
   size_t MaxMetaspaceSize                         = 402653184                                 {product} {command line}
   size_t MaxNewSize                               = 321912832                                 {product} {ergonomic}
   size_t MinHeapDeltaBytes                        = 1048576                                   {product} {ergonomic}
   size_t MinHeapSize                              = 268435456                                 {product} {command line}
    uintx NonNMethodCodeHeapSize                   = 7602480                                {pd product} {ergonomic}
    uintx NonProfiledCodeHeapSize                  = 122027880                              {pd product} {ergonomic}
    uintx ProfiledCodeHeapSize                     = 122027880                              {pd product} {ergonomic}
    uintx ReservedCodeCacheSize                    = 251658240                              {pd product} {ergonomic}
     bool SegmentedCodeCache                       = true                                      {product} {ergonomic}
   size_t SoftMaxHeapSize                          = 536870912                              {manageable} {ergonomic}
     bool UseCompressedClassPointers               = true                           {product lp64_product} {ergonomic}
     bool UseCompressedOops                        = true                           {product lp64_product} {ergonomic}
     bool UseG1GC                                  = true                                      {product} {ergonomic}
     bool UseLargePagesIndividualAllocation        = false                                  {pd product} {ergonomic}

Logging:
Log output configuration:
 #0: stdout all=warning uptime,level,tags
 #1: stderr all=off uptime,level,tags

Environment Variables:
JAVA_HOME=C:\Program Files\Eclipse Adoptium\jdk-17.0.16.8-hotspot\
PATH=C:\Program Files\Eclipse Adoptium\jdk-17.0.16.8-hotspot\bin;C:\Program Files\Common Files\Oracle\Java\javapath;C:\Windows\system32;C:\Windows;C:\Windows\System32\Wbem;C:\Windows\System32\WindowsPowerShell\v1.0\;C:\Windows\System32\OpenSSH\;C:\Program Files\Eclipse Adoptium\jdk-17.0.16.8-hotspot\\bin;D:\Git\cmd;C:\Users\Admin\AppData\Local\Programs\Python\Python314\;C:\Users\Admin\AppData\Local\Programs\Python\Python314\Scripts\;;C:\Program Files\NVIDIA Corporation\NVIDIA App\NvDLISR;C:\Program Files (x86)\NVIDIA Corporation\PhysX\Common;C:\Program Files\dotnet\;C:\Program Files\Microsoft SQL Server\170\Tools\Binn\;C:\Program Files\Microsoft SQL Server\Client SDK\ODBC\170\Tools\Binn\;C:\Program Files (x86)\Microsoft SQL Server\170\Tools\Binn\;C:\Program Files\Microsoft SQL Server\Client SDK\ODBC\180\Tools\Binn\;C:\Program Files\Microsoft SQL Server\170\DTS\Binn\;C:\Program Files\nodejs\;C:\ProgramData\chocolatey\bin;C:\Program Files\Docker\Docker\resources\bin;C:\Program Files (x86)\Microsoft SQL Server\160\DTS\Binn\;C:\Program Files\cursor\resources\app\bin;C:\Program Files\Eclipse Adoptium\jdk-17.0.16.8-hotspot\bin;C:\Program Files\Common Files\Oracle\Java\javapath;C:\Windows\system32;C:\Windows;C:\Windows\System32\Wbem;C:\Windows\System32\WindowsPowerShell\v1.0\;C:\Windows\System32\OpenSSH\;C:\Program Files\Eclipse Adoptium\jdk-17.0.16.8-hotspot\\bin;D:\Git\cmd;C:\Program Files\NVIDIA Corporation\NVIDIA App\NvDLISR;C:\Program Files\Docker\Docker\resources\bin;C:\Users\Admin\AppData\Local\Programs\Python\Python314\;C:\Users\Admin\AppData\Local\Programs\Python\Python314\Scripts\;C:\Users\Admin\AppData\Local\Microsoft\WindowsApps;D:\Microsoft VS Code\bin;C:\Users\Admin\AppData\Local\Python\bin;C:\Users\Admin\AppData\Local\Python\pythoncore-3.14-64\;C:\Users\Admin\AppData\Local\Python\pythoncore-3.14-64\Scripts";C:\Users\Admin\.dotnet\tools;C:\Users\Admin\AppData\Roaming\npm;C:\Users\Admin\AppData\Local\Programs\Antigravity\bin
USERNAME=Admin
OS=Windows_NT
PROCESSOR_IDENTIFIER=Intel64 Family 6 Model 154 Stepping 3, GenuineIntel
TMP=C:\Users\Admin\AppData\Local\Temp
TEMP=C:\Users\Admin\AppData\Local\Temp



Periodic native trim disabled


---------------  S Y S T E M  ---------------

OS:
 Windows 11 , 64 bit Build 22621 (10.0.22621.3958)
OS uptime: 0 days 23:58 hours
Hyper-V role detected

CPU: total 16 (initial active 16) (8 cores per cpu, 2 threads per core) family 6 model 154 stepping 3 microcode 0x41b, cx8, cmov, fxsr, ht, mmx, 3dnowpref, sse, sse2, sse3, ssse3, sse4.1, sse4.2, popcnt, lzcnt, tsc, tscinvbit, avx, avx2, aes, erms, clmul, bmi1, bmi2, adx, sha, fma, vzeroupper, clflush, clflushopt, clwb, hv
Processor Information for processor 0
  Max Mhz: 3100, Current Mhz: 3100, Mhz Limit: 3100
Processor Information for processor 1
  Max Mhz: 3100, Current Mhz: 3100, Mhz Limit: 3100
Processor Information for processor 2
  Max Mhz: 3100, Current Mhz: 3100, Mhz Limit: 3100
Processor Information for processor 3
  Max Mhz: 3100, Current Mhz: 3100, Mhz Limit: 3100
Processor Information for processor 4
  Max Mhz: 3100, Current Mhz: 3100, Mhz Limit: 3100
Processor Information for processor 5
  Max Mhz: 3100, Current Mhz: 3100, Mhz Limit: 3100
Processor Information for processor 6
  Max Mhz: 3100, Current Mhz: 3100, Mhz Limit: 3100
Processor Information for processor 7
  Max Mhz: 3100, Current Mhz: 3100, Mhz Limit: 3100
Processor Information for processor 8
  Max Mhz: 3100, Current Mhz: 2232, Mhz Limit: 2232
Processor Information for processor 9
  Max Mhz: 3100, Current Mhz: 2232, Mhz Limit: 2232
Processor Information for processor 10
  Max Mhz: 3100, Current Mhz: 2232, Mhz Limit: 2232
Processor Information for processor 11
  Max Mhz: 3100, Current Mhz: 2232, Mhz Limit: 2232
Processor Information for processor 12
  Max Mhz: 3100, Current Mhz: 2232, Mhz Limit: 2232
Processor Information for processor 13
  Max Mhz: 3100, Current Mhz: 2232, Mhz Limit: 2232
Processor Information for processor 14
  Max Mhz: 3100, Current Mhz: 2232, Mhz Limit: 2232
Processor Information for processor 15
  Max Mhz: 3100, Current Mhz: 1488, Mhz Limit: 2232

Memory: 4k page, system-wide physical 24280M (12316M free)
TotalPageFile size 27736M (AvailPageFile size 14711M)
current process WorkingSet (physical memory assigned to process): 235M, peak: 235M
current process commit charge ("private bytes"): 432M, peak: 432M

vm_info: OpenJDK 64-Bit Server VM (17.0.16+8) for windows-amd64 JRE (17.0.16+8), built on Jul 16 2025 10:37:56 by "admin" with MS VC++ 17.7 (VS2022)

END.
