#
# A fatal error has been detected by the Java Runtime Environment:
#
#  EXCEPTION_ACCESS_VIOLATION (0xc0000005) at pc=0x00007ffae6a9d69d, pid=19980, tid=8340
#
# JRE version: OpenJDK Runtime Environment Temurin-17.0.16+8 (17.0.16+8) (build 17.0.16+8)
# Java VM: OpenJDK 64-Bit Server VM Temurin-17.0.16+8 (17.0.16+8, mixed mode, sharing, tiered, compressed oops, compressed class ptrs, g1 gc, windows-amd64)
# Problematic frame:
# V  [jvm.dll+0x1bd69d]
#
# No core dump will be written. Minidumps are not enabled by default on client versions of Windows
#
# If you would like to submit a bug report, please visit:
#   https://github.com/adoptium/adoptium-support/issues
#

---------------  S U M M A R Y ------------

Command Line: --add-opens=java.base/java.lang=ALL-UNNAMED --add-opens=java.base/java.lang.invoke=ALL-UNNAMED --add-opens=java.base/java.util=ALL-UNNAMED --add-opens=java.prefs/java.util.prefs=ALL-UNNAMED --add-exports=jdk.compiler/com.sun.tools.javac.api=ALL-UNNAMED --add-exports=jdk.compiler/com.sun.tools.javac.util=ALL-UNNAMED --add-opens=java.base/java.util=ALL-UNNAMED --add-opens=java.prefs/java.util.prefs=ALL-UNNAMED --add-opens=java.base/java.nio.charset=ALL-UNNAMED --add-opens=java.base/java.net=ALL-UNNAMED --add-opens=java.base/java.util.concurrent=ALL-UNNAMED --add-opens=java.base/java.util.concurrent.atomic=ALL-UNNAMED --add-opens=java.xml/javax.xml.namespace=ALL-UNNAMED --add-opens=java.base/java.time=ALL-UNNAMED -XX:MaxMetaspaceSize=384m -XX:+HeapDumpOnOutOfMemoryError -Xms256m -Xmx512m -Dfile.encoding=UTF-8 -Duser.country=US -Duser.language=en -Duser.variant -javaagent:C:\Users\Admin\.gradle\wrapper\dists\gradle-9.2.1-bin\2t0n5ozlw9xmuyvbp7dnzaxug\gradle-9.2.1\lib\agents\gradle-instrumentation-agent-9.2.1.jar org.gradle.launcher.daemon.bootstrap.GradleDaemon 9.2.1

Host: 12th Gen Intel(R) Core(TM) i5-12500H, 16 cores, 23G,  Windows 11 , 64 bit Build 22621 (10.0.22621.3958)
Time: Thu Dec 25 09:20:37 2025 SE Asia Standard Time elapsed time: 1.989062 seconds (0d 0h 0m 1s)

---------------  T H R E A D  ---------------

Current thread (0x000001f2423f0130):  JavaThread "C2 CompilerThread0" daemon [_thread_in_native, id=8340, stack(0x000000873ef00000,0x000000873f000000)]


Current CompileTask:
C2:   1989 2618       4       java.net.URLClassLoader$1::run (5 bytes)

Stack: [0x000000873ef00000,0x000000873f000000],  sp=0x000000873effbbc0,  free space=1006k
Native frames: (J=compiled Java code, j=interpreted, Vv=VM code, C=native code)
V  [jvm.dll+0x1bd69d]
V  [jvm.dll+0x32ff6d]
V  [jvm.dll+0x32f47a]
V  [jvm.dll+0x21831f]
V  [jvm.dll+0x21775f]
V  [jvm.dll+0x1a32a0]
V  [jvm.dll+0x227b3c]
V  [jvm.dll+0x225ccb]
V  [jvm.dll+0x7ef2d8]
V  [jvm.dll+0x7e979c]
V  [jvm.dll+0x682047]
C  [ucrtbase.dll+0x29333]
C  [KERNEL32.DLL+0x1257d]
C  [ntdll.dll+0x5af08]


siginfo: EXCEPTION_ACCESS_VIOLATION (0xc0000005), reading address 0x0000000400000079


Registers:
RAX=0x0000000400000001, RBX=0x000001f2607b3cd0, RCX=0x000001f2607b3cd0, RDX=0x0000000000000000
RSP=0x000000873effbbc0, RBP=0x0000000000003176, RSI=0x0000000000000000, RDI=0x000001f26116c5c0
R8 =0x0000000000000000, R9 =0x0000000000000000, R10=0x0000000000000000, R11=0x000000873effbbd0
R12=0x000000000000000f, R13=0x000000873effbcf0, R14=0x0000000000000000, R15=0x0000000000000403
RIP=0x00007ffae6a9d69d, EFLAGS=0x0000000000010287

XMM[0]=0x0000000000000000 0x0000000000000000
XMM[1]=0x0000000000000000 0x0000000000000000
XMM[2]=0x0000000000000000 0x0000000000000000
XMM[3]=0x0000000000000000 0x0000000000000000
XMM[4]=0x0000000000000000 0x0000000000000000
XMM[5]=0x0000000000000000 0x0000000000000000
XMM[6]=0x0000000000000000 0x0000000000000000
XMM[7]=0x0000000000000000 0x0000000000000000
XMM[8]=0x0000000000000000 0x0000000000000000
XMM[9]=0x0000000000000000 0x0000000000000000
XMM[10]=0x0000000000000000 0x0000000000000000
XMM[11]=0x0000000000000000 0x0000000000000000
XMM[12]=0x0000000000000000 0x0000000000000000
XMM[13]=0x0000000000000000 0x0000000000000000
XMM[14]=0x0000000000000000 0x0000000000000000
XMM[15]=0x0000000000000000 0x0000000000000000
  MXCSR=0x00001fa0


Register to memory mapping:

RIP=0x00007ffae6a9d69d jvm.dll
RAX=0x0000000400000001 is an unknown value
RBX=0x000001f2607b3cd0 points into unknown readable memory: 0x0000000400000001 | 01 00 00 00 04 00 00 00
RCX=0x000001f2607b3cd0 points into unknown readable memory: 0x0000000400000001 | 01 00 00 00 04 00 00 00
RDX=0x0 is NULL
RSP=0x000000873effbbc0 is pointing into the stack for thread: 0x000001f2423f0130
RBP=0x0000000000003176 is an unknown value
RSI=0x0 is NULL
RDI=0x000001f26116c5c0 points into unknown readable memory: 0x00007ffae7201530 | 30 15 20 e7 fa 7f 00 00
R8 =0x0 is NULL
R9 =0x0 is NULL
R10=0x0 is NULL
R11=0x000000873effbbd0 is pointing into the stack for thread: 0x000001f2423f0130
R12=0x000000000000000f is an unknown value
R13=0x000000873effbcf0 is pointing into the stack for thread: 0x000001f2423f0130
R14=0x0 is NULL
R15=0x0000000000000403 is an unknown value


Top of Stack: (sp=0x000000873effbbc0)
0x000000873effbbc0:   000001f2610dee78 000001f2422ecba0
0x000000873effbbd0:   000000873effbc58 00007ffae6c4407a
0x000000873effbbe0:   0000000000000000 000001f242a07380
0x000000873effbbf0:   000001f242a07370 000001f242a07758
0x000000873effbc00:   000000873effbd10 00007ffae6c0ff6d
0x000000873effbc10:   00000000ffffff01 00000000000003d8
0x000000873effbc20:   000000873effc0e0 0000000000000000
0x000000873effbc30:   000001f27fffff01 0000000000000010
0x000000873effbc40:   0000000024930001 0000000000000001
0x000000873effbc50:   0000000000000400 0000000000000006
0x000000873effbc60:   000001f242a07370 000001f242a07370
0x000000873effbc70:   000001f242a07380 000001f242a07758
0x000000873effbc80:   00000000000003d8 000001f25e2380f0
0x000000873effbc90:   000001f25e244740 000001f25e238100
0x000000873effbca0:   000001f2422ecba0 000001f200000200
0x000000873effbcb0:   000001f2602f3e10 0000000000000200
0x000000873effbcc0:   000001f2422ecba0 000001f26002f440
0x000000873effbcd0:   0000000000226e20 00007ffb829d9cee
0x000000873effbce0:   0000000000023ec0 0000000000000000
0x000000873effbcf0:   00007ffae7215bf0 0000000000000009
0x000000873effbd00:   000000873effeac0 0000000000000000
0x000000873effbd10:   0000000000000000 00007ffb00000002
0x000000873effbd20:   000001f25d0b6570 0000000000000002
0x000000873effbd30:   000001f2422ecba0 000000873effc0e0
0x000000873effbd40:   00000000deadbeef 000000873effc2f0
0x000000873effbd50:   0000000000000000 0000000000000000
0x000000873effbd60:   000000873effc0e0 0000000000000002
0x000000873effbd70:   000001f25d0b6580 00007ffb00000002
0x000000873effbd80:   000001f2422ecba0 00007ffa00000002
0x000000873effbd90:   000001f25d0b6590 0000000000000002
0x000000873effbda0:   000001f2422ecba0 0000000000000000
0x000000873effbdb0:   0000000000000000 0000000000003177 

Instructions: (pc=0x00007ffae6a9d69d)
0x00007ffae6a9d59d:   06 80 e1 3f 83 e7 03 48 d3 e2 49 8b 0c f8 48 8b
0x00007ffae6a9d5ad:   c1 48 0b c2 49 89 04 f8 48 8b 7c 24 30 48 23 ca
0x00007ffae6a9d5bd:   75 02 ff 03 48 85 c9 0f 94 c0 48 83 c4 20 5b c3
0x00007ffae6a9d5cd:   cc cc cc 44 8b d2 41 3b d0 7c 49 41 8d 80 c0 02
0x00007ffae6a9d5dd:   00 00 3b d0 7d 3e 44 8b ca 45 2b c8 41 8b c1 83
0x00007ffae6a9d5ed:   e0 3f 0f b6 d0 41 8b c1 48 c1 e8 06 48 8b 44 c1
0x00007ffae6a9d5fd:   38 48 0f a3 d0 73 1d 0f b7 81 9c 00 00 00 83 f8
0x00007ffae6a9d60d:   01 74 0e 8d 48 ff 8b c1 41 23 c2 3b c1 0f 94 c0
0x00007ffae6a9d61d:   c3 b0 01 c3 32 c0 c3 cc cc cc cc cc cc cc cc cc
0x00007ffae6a9d62d:   cc cc cc 40 55 41 55 41 57 48 83 ec 30 48 8b 41
0x00007ffae6a9d63d:   48 33 ed 45 33 ff 4c 8b e9 39 68 40 0f 86 c7 00
0x00007ffae6a9d64d:   00 00 48 89 5c 24 50 48 89 74 24 58 48 89 7c 24
0x00007ffae6a9d65d:   60 4c 89 64 24 28 4c 89 74 24 20 0f 1f 84 00 00
0x00007ffae6a9d66d:   00 00 00 48 8b 40 30 33 f6 4a 8b 3c f8 44 8b 67
0x00007ffae6a9d67d:   28 45 85 e4 74 69 45 33 f6 3b 77 18 73 0a 48 8b
0x00007ffae6a9d68d:   47 20 49 8b 1c 06 eb 02 33 db 48 8b 03 48 8b cb
0x00007ffae6a9d69d:   ff 50 78 45 33 c0 44 8b 48 5c 8b 48 58 41 3b c9
0x00007ffae6a9d6ad:   77 18 90 8b d1 ff c1 4c 0b 04 d0 41 3b c9 76 f3
0x00007ffae6a9d6bd:   4d 85 c0 74 05 8b 53 28 eb 02 33 d2 49 8b 85 08
0x00007ffae6a9d6cd:   01 00 00 48 63 4b 28 89 14 88 8b 43 28 3b c5 0f
0x00007ffae6a9d6dd:   46 c5 ff c6 49 83 c6 08 8b e8 41 3b f4 72 9a 49
0x00007ffae6a9d6ed:   8b 45 48 41 ff c7 44 3b 78 40 0f 82 73 ff ff ff
0x00007ffae6a9d6fd:   4c 8b 74 24 20 4c 8b 64 24 28 48 8b 7c 24 60 48
0x00007ffae6a9d70d:   8b 74 24 58 48 8b 5c 24 50 8d 55 01 49 8d 8d e0
0x00007ffae6a9d71d:   00 00 00 89 11 48 83 c4 30 41 5f 41 5d 5d e9 f0
0x00007ffae6a9d72d:   00 00 00 48 89 5c 24 08 57 48 83 ec 20 8b 52 28
0x00007ffae6a9d73d:   48 8b d9 49 63 f8 48 81 c1 e0 00 00 00 44 8b c7
0x00007ffae6a9d74d:   e8 3e ec ff ff 48 81 c3 e8 00 00 00 3b 3b 7c 4b
0x00007ffae6a9d75d:   3b 7b 04 7c 0a 8b d7 48 8b cb e8 94 cd ef ff 48
0x00007ffae6a9d76d:   63 13 3b d7 7d 30 8b c7 48 8d 0c 95 00 00 00 00
0x00007ffae6a9d77d:   2b c2 8b d0 45 33 c0 0f 1f 40 00 0f 1f 84 00 00
0x00007ffae6a9d78d:   00 00 00 48 8b 43 08 48 8d 49 04 44 89 44 01 fc 


Stack slot to memory mapping:
stack at sp + 0 slots: 0x000001f2610dee78 points into unknown readable memory: 0x00007ffae71fc928 | 28 c9 1f e7 fa 7f 00 00
stack at sp + 1 slots: 0x000001f2422ecba0 points into unknown readable memory: 0x0000000000000006 | 06 00 00 00 00 00 00 00
stack at sp + 2 slots: 0x000000873effbc58 is pointing into the stack for thread: 0x000001f2423f0130
stack at sp + 3 slots: 0x00007ffae6c4407a jvm.dll
stack at sp + 4 slots: 0x0 is NULL
stack at sp + 5 slots: 0x000001f242a07380 points into unknown readable memory: 0x00000087400ff058 | 58 f0 0f 40 87 00 00 00
stack at sp + 6 slots: 0x000001f242a07370 points into unknown readable memory: 0x0000000000000000 | 00 00 00 00 00 00 00 00
stack at sp + 7 slots: 0x000001f242a07758 points into unknown readable memory: 0x00007ffae746cec8 | c8 ce 46 e7 fa 7f 00 00


---------------  P R O C E S S  ---------------

Threads class SMR info:
_java_thread_list=0x000001f25df754c0, length=31, elements={
0x000001f226c3e8b0, 0x000001f2422cb740, 0x000001f2422cc5c0, 0x000001f2422e7330,
0x000001f2422e8f00, 0x000001f2422ec1f0, 0x000001f2422d1300, 0x000001f2423f0130,
0x000001f2423f1790, 0x000001f2422d08e0, 0x000001f2422d4090, 0x000001f24251f460,
0x000001f242534dd0, 0x000001f242537120, 0x000001f2422d2230, 0x000001f242844f10,
0x000001f24278a840, 0x000001f25d2b1a70, 0x000001f2422d0df0, 0x000001f2422d1810,
0x000001f2422d3b80, 0x000001f2422d1d20, 0x000001f2422d2c50, 0x000001f2422d2740,
0x000001f2422d3160, 0x000001f25e16fae0, 0x000001f25e168b80, 0x000001f25e16a4d0,
0x000001f25e169090, 0x000001f25e169ab0, 0x000001f25e16e190
}

Java Threads: ( => current thread )
  0x000001f226c3e8b0 JavaThread "main" [_thread_blocked, id=18912, stack(0x000000873e200000,0x000000873e300000)]
  0x000001f2422cb740 JavaThread "Reference Handler" daemon [_thread_blocked, id=15528, stack(0x000000873e900000,0x000000873ea00000)]
  0x000001f2422cc5c0 JavaThread "Finalizer" daemon [_thread_blocked, id=6408, stack(0x000000873ea00000,0x000000873eb00000)]
  0x000001f2422e7330 JavaThread "Signal Dispatcher" daemon [_thread_blocked, id=24396, stack(0x000000873eb00000,0x000000873ec00000)]
  0x000001f2422e8f00 JavaThread "Attach Listener" daemon [_thread_blocked, id=11876, stack(0x000000873ec00000,0x000000873ed00000)]
  0x000001f2422ec1f0 JavaThread "Service Thread" daemon [_thread_blocked, id=4208, stack(0x000000873ed00000,0x000000873ee00000)]
  0x000001f2422d1300 JavaThread "Monitor Deflation Thread" daemon [_thread_blocked, id=5540, stack(0x000000873ee00000,0x000000873ef00000)]
=>0x000001f2423f0130 JavaThread "C2 CompilerThread0" daemon [_thread_in_native, id=8340, stack(0x000000873ef00000,0x000000873f000000)]
  0x000001f2423f1790 JavaThread "C1 CompilerThread0" daemon [_thread_blocked, id=4532, stack(0x000000873f000000,0x000000873f100000)]
  0x000001f2422d08e0 JavaThread "Sweeper thread" daemon [_thread_blocked, id=2652, stack(0x000000873f100000,0x000000873f200000)]
  0x000001f2422d4090 JavaThread "Common-Cleaner" daemon [_thread_blocked, id=20908, stack(0x000000873f200000,0x000000873f300000)]
  0x000001f24251f460 JavaThread "C1 CompilerThread1" daemon [_thread_blocked, id=19116, stack(0x000000873f300000,0x000000873f400000)]
  0x000001f242534dd0 JavaThread "C1 CompilerThread2" daemon [_thread_blocked, id=23392, stack(0x000000873f400000,0x000000873f500000)]
  0x000001f242537120 JavaThread "C2 CompilerThread1" daemon [_thread_blocked, id=15296, stack(0x000000873f500000,0x000000873f600000)]
  0x000001f2422d2230 JavaThread "Notification Thread" daemon [_thread_blocked, id=10136, stack(0x000000873f600000,0x000000873f700000)]
  0x000001f242844f10 JavaThread "C2 CompilerThread2" daemon [_thread_in_native, id=12072, stack(0x000000873f800000,0x000000873f900000)]
  0x000001f24278a840 JavaThread "C2 CompilerThread3" daemon [_thread_blocked, id=4544, stack(0x000000873f900000,0x000000873fa00000)]
  0x000001f25d2b1a70 JavaThread "C1 CompilerThread3" daemon [_thread_blocked, id=8336, stack(0x0000008740000000,0x0000008740100000)]
  0x000001f2422d0df0 JavaThread "Daemon health stats" [_thread_blocked, id=22292, stack(0x0000008740100000,0x0000008740200000)]
  0x000001f2422d1810 JavaThread "Incoming local TCP Connector on port 64456" [_thread_in_native, id=19660, stack(0x0000008740200000,0x0000008740300000)]
  0x000001f2422d3b80 JavaThread "Daemon periodic checks" [_thread_blocked, id=14716, stack(0x0000008740300000,0x0000008740400000)]
  0x000001f2422d1d20 JavaThread "Daemon" [_thread_blocked, id=4172, stack(0x0000008740400000,0x0000008740500000)]
  0x000001f2422d2c50 JavaThread "Handler for socket connection from /127.0.0.1:64456 to /127.0.0.1:64457" [_thread_in_native, id=3412, stack(0x0000008740500000,0x0000008740600000)]
  0x000001f2422d2740 JavaThread "Cancel handler" [_thread_blocked, id=10396, stack(0x0000008740600000,0x0000008740700000)]
  0x000001f2422d3160 JavaThread "Daemon worker" [_thread_in_Java, id=11408, stack(0x0000008740700000,0x0000008740800000)]
  0x000001f25e16fae0 JavaThread "Asynchronous log dispatcher for DefaultDaemonConnection: socket connection from /127.0.0.1:64456 to /127.0.0.1:64457" [_thread_blocked, id=10320, stack(0x0000008740800000,0x0000008740900000)]
  0x000001f25e168b80 JavaThread "Stdin handler" [_thread_blocked, id=10520, stack(0x0000008740900000,0x0000008740a00000)]
  0x000001f25e16a4d0 JavaThread "Daemon client event forwarder" [_thread_blocked, id=14744, stack(0x0000008740a00000,0x0000008740b00000)]
  0x000001f25e169090 JavaThread "Cache worker for journal cache (C:\Users\Admin\.gradle\caches\journal-1)" [_thread_blocked, id=5380, stack(0x0000008741200000,0x0000008741300000)]
  0x000001f25e169ab0 JavaThread "File lock request listener" [_thread_in_native, id=13028, stack(0x0000008741300000,0x0000008741400000)]
  0x000001f25e16e190 JavaThread "Cache worker for file hash cache (C:\Users\Admin\.gradle\caches\9.2.1\fileHashes)" [_thread_blocked, id=812, stack(0x000000873fa00000,0x000000873fb00000)]

Other Threads:
  0x000001f2422c4cc0 VMThread "VM Thread" [stack: 0x000000873e800000,0x000000873e900000] [id=7448]
  0x000001f2425e6a40 WatcherThread [stack: 0x000000873f700000,0x000000873f800000] [id=12436]
  0x000001f226c6eef0 GCTaskThread "GC Thread#0" [stack: 0x000000873e300000,0x000000873e400000] [id=23664]
  0x000001f242aa4e80 GCTaskThread "GC Thread#1" [stack: 0x000000873fb00000,0x000000873fc00000] [id=23072]
  0x000001f242834150 GCTaskThread "GC Thread#2" [stack: 0x000000873fc00000,0x000000873fd00000] [id=21020]
  0x000001f242834410 GCTaskThread "GC Thread#3" [stack: 0x000000873fd00000,0x000000873fe00000] [id=1376]
  0x000001f2428346d0 GCTaskThread "GC Thread#4" [stack: 0x000000873fe00000,0x000000873ff00000] [id=18196]
  0x000001f242834990 GCTaskThread "GC Thread#5" [stack: 0x000000873ff00000,0x0000008740000000] [id=18984]
  0x000001f25dfa5a20 GCTaskThread "GC Thread#6" [stack: 0x0000008740b00000,0x0000008740c00000] [id=22032]
  0x000001f25dfa5ce0 GCTaskThread "GC Thread#7" [stack: 0x0000008740c00000,0x0000008740d00000] [id=23856]
  0x000001f25dfa67e0 GCTaskThread "GC Thread#8" [stack: 0x0000008740d00000,0x0000008740e00000] [id=20336]
  0x000001f25dfa6aa0 GCTaskThread "GC Thread#9" [stack: 0x0000008740e00000,0x0000008740f00000] [id=22084]
  0x000001f25dfa5fa0 GCTaskThread "GC Thread#10" [stack: 0x0000008740f00000,0x0000008741000000] [id=6304]
  0x000001f25dfa7020 GCTaskThread "GC Thread#11" [stack: 0x0000008741000000,0x0000008741100000] [id=19380]
  0x000001f25dfa6260 GCTaskThread "GC Thread#12" [stack: 0x0000008741100000,0x0000008741200000] [id=22656]
  0x000001f226c73e40 ConcurrentGCThread "G1 Main Marker" [stack: 0x000000873e400000,0x000000873e500000] [id=21016]
  0x000001f226c74860 ConcurrentGCThread "G1 Conc#0" [stack: 0x000000873e500000,0x000000873e600000] [id=18576]
  0x000001f226cee9d0 ConcurrentGCThread "G1 Refine#0" [stack: 0x000000873e600000,0x000000873e700000] [id=13456]
  0x000001f24216a6f0 ConcurrentGCThread "G1 Service" [stack: 0x000000873e700000,0x000000873e800000] [id=14976]

Threads with active compile tasks:
C2 CompilerThread0     2013 2618       4       java.net.URLClassLoader$1::run (5 bytes)
C2 CompilerThread2     2013 2617   !   4       java.net.URLClassLoader::findClass (47 bytes)

VM state: not at safepoint (normal execution)

VM Mutex/Monitor currently owned by a thread: None

Heap address: 0x00000000e0000000, size: 512 MB, Compressed Oops mode: 32-bit

CDS archive(s) mapped at: [0x000001f243000000-0x000001f243bb0000-0x000001f243bb0000), size 12255232, SharedBaseAddress: 0x000001f243000000, ArchiveRelocationMode: 1.
Compressed class space mapped at: 0x000001f244000000-0x000001f258000000, reserved size: 335544320
Narrow klass base: 0x000001f243000000, Narrow klass shift: 0, Narrow klass range: 0x100000000

GC Precious Log:
 CPUs: 16 total, 16 available
 Memory: 24280M
 Large Page Support: Disabled
 NUMA Support: Disabled
 Compressed Oops: Enabled (32-bit)
 Heap Region Size: 1M
 Heap Min Capacity: 256M
 Heap Initial Capacity: 256M
 Heap Max Capacity: 512M
 Pre-touch: Disabled
 Parallel Workers: 13
 Concurrent Workers: 3
 Concurrent Refinement Workers: 13
 Periodic GC: Disabled

Heap:
 garbage-first heap   total 262144K, used 58738K [0x00000000e0000000, 0x0000000100000000)
  region size 1024K, 50 young (51200K), 13 survivors (13312K)
 Metaspace       used 18655K, committed 18944K, reserved 393216K
  class space    used 2503K, committed 2624K, reserved 327680K

Heap Regions: E=young(eden), S=young(survivor), O=old, HS=humongous(starts), HC=humongous(continues), CS=collection set, F=free, OA=open archive, CA=closed archive, TAMS=top-at-mark-start (previous, next)
|   0|0x00000000e0000000, 0x00000000e0100000, 0x00000000e0100000|100%|HS|  |TAMS 0x00000000e0000000, 0x00000000e0000000| Complete 
|   1|0x00000000e0100000, 0x00000000e0200000, 0x00000000e0200000|100%|HC|  |TAMS 0x00000000e0100000, 0x00000000e0100000| Complete 
|   2|0x00000000e0200000, 0x00000000e0300000, 0x00000000e0300000|100%|HC|  |TAMS 0x00000000e0200000, 0x00000000e0200000| Complete 
|   3|0x00000000e0300000, 0x00000000e0400000, 0x00000000e0400000|100%|HC|  |TAMS 0x00000000e0300000, 0x00000000e0300000| Complete 
|   4|0x00000000e0400000, 0x00000000e0500000, 0x00000000e0500000|100%| O|  |TAMS 0x00000000e0400000, 0x00000000e0400000| Untracked 
|   5|0x00000000e0500000, 0x00000000e0600000, 0x00000000e0600000|100%| O|  |TAMS 0x00000000e0500000, 0x00000000e0500000| Untracked 
|   6|0x00000000e0600000, 0x00000000e065c800, 0x00000000e0700000| 36%| O|  |TAMS 0x00000000e0600000, 0x00000000e0600000| Untracked 
|   7|0x00000000e0700000, 0x00000000e0800000, 0x00000000e0800000|100%|HS|  |TAMS 0x00000000e0700000, 0x00000000e0700000| Complete 
|   8|0x00000000e0800000, 0x00000000e0900000, 0x00000000e0900000|100%|HS|  |TAMS 0x00000000e0800000, 0x00000000e0800000| Complete 
|   9|0x00000000e0900000, 0x00000000e0a00000, 0x00000000e0a00000|100%|HS|  |TAMS 0x00000000e0900000, 0x00000000e0900000| Complete 
|  10|0x00000000e0a00000, 0x00000000e0a00000, 0x00000000e0b00000|  0%| F|  |TAMS 0x00000000e0a00000, 0x00000000e0a00000| Untracked 
|  11|0x00000000e0b00000, 0x00000000e0b00000, 0x00000000e0c00000|  0%| F|  |TAMS 0x00000000e0b00000, 0x00000000e0b00000| Untracked 
|  12|0x00000000e0c00000, 0x00000000e0c00000, 0x00000000e0d00000|  0%| F|  |TAMS 0x00000000e0c00000, 0x00000000e0c00000| Untracked 
|  13|0x00000000e0d00000, 0x00000000e0d00000, 0x00000000e0e00000|  0%| F|  |TAMS 0x00000000e0d00000, 0x00000000e0d00000| Untracked 
|  14|0x00000000e0e00000, 0x00000000e0e00000, 0x00000000e0f00000|  0%| F|  |TAMS 0x00000000e0e00000, 0x00000000e0e00000| Untracked 
|  15|0x00000000e0f00000, 0x00000000e0f00000, 0x00000000e1000000|  0%| F|  |TAMS 0x00000000e0f00000, 0x00000000e0f00000| Untracked 
|  16|0x00000000e1000000, 0x00000000e1000000, 0x00000000e1100000|  0%| F|  |TAMS 0x00000000e1000000, 0x00000000e1000000| Untracked 
|  17|0x00000000e1100000, 0x00000000e1100000, 0x00000000e1200000|  0%| F|  |TAMS 0x00000000e1100000, 0x00000000e1100000| Untracked 
|  18|0x00000000e1200000, 0x00000000e1200000, 0x00000000e1300000|  0%| F|  |TAMS 0x00000000e1200000, 0x00000000e1200000| Untracked 
|  19|0x00000000e1300000, 0x00000000e1300000, 0x00000000e1400000|  0%| F|  |TAMS 0x00000000e1300000, 0x00000000e1300000| Untracked 
|  20|0x00000000e1400000, 0x00000000e1400000, 0x00000000e1500000|  0%| F|  |TAMS 0x00000000e1400000, 0x00000000e1400000| Untracked 
|  21|0x00000000e1500000, 0x00000000e1500000, 0x00000000e1600000|  0%| F|  |TAMS 0x00000000e1500000, 0x00000000e1500000| Untracked 
|  22|0x00000000e1600000, 0x00000000e1600000, 0x00000000e1700000|  0%| F|  |TAMS 0x00000000e1600000, 0x00000000e1600000| Untracked 
|  23|0x00000000e1700000, 0x00000000e1700000, 0x00000000e1800000|  0%| F|  |TAMS 0x00000000e1700000, 0x00000000e1700000| Untracked 
|  24|0x00000000e1800000, 0x00000000e1800000, 0x00000000e1900000|  0%| F|  |TAMS 0x00000000e1800000, 0x00000000e1800000| Untracked 
|  25|0x00000000e1900000, 0x00000000e1900000, 0x00000000e1a00000|  0%| F|  |TAMS 0x00000000e1900000, 0x00000000e1900000| Untracked 
|  26|0x00000000e1a00000, 0x00000000e1a00000, 0x00000000e1b00000|  0%| F|  |TAMS 0x00000000e1a00000, 0x00000000e1a00000| Untracked 
|  27|0x00000000e1b00000, 0x00000000e1b00000, 0x00000000e1c00000|  0%| F|  |TAMS 0x00000000e1b00000, 0x00000000e1b00000| Untracked 
|  28|0x00000000e1c00000, 0x00000000e1c00000, 0x00000000e1d00000|  0%| F|  |TAMS 0x00000000e1c00000, 0x00000000e1c00000| Untracked 
|  29|0x00000000e1d00000, 0x00000000e1d00000, 0x00000000e1e00000|  0%| F|  |TAMS 0x00000000e1d00000, 0x00000000e1d00000| Untracked 
|  30|0x00000000e1e00000, 0x00000000e1e00000, 0x00000000e1f00000|  0%| F|  |TAMS 0x00000000e1e00000, 0x00000000e1e00000| Untracked 
|  31|0x00000000e1f00000, 0x00000000e1f00000, 0x00000000e2000000|  0%| F|  |TAMS 0x00000000e1f00000, 0x00000000e1f00000| Untracked 
|  32|0x00000000e2000000, 0x00000000e2000000, 0x00000000e2100000|  0%| F|  |TAMS 0x00000000e2000000, 0x00000000e2000000| Untracked 
|  33|0x00000000e2100000, 0x00000000e2100000, 0x00000000e2200000|  0%| F|  |TAMS 0x00000000e2100000, 0x00000000e2100000| Untracked 
|  34|0x00000000e2200000, 0x00000000e2200000, 0x00000000e2300000|  0%| F|  |TAMS 0x00000000e2200000, 0x00000000e2200000| Untracked 
|  35|0x00000000e2300000, 0x00000000e2300000, 0x00000000e2400000|  0%| F|  |TAMS 0x00000000e2300000, 0x00000000e2300000| Untracked 
|  36|0x00000000e2400000, 0x00000000e2400000, 0x00000000e2500000|  0%| F|  |TAMS 0x00000000e2400000, 0x00000000e2400000| Untracked 
|  37|0x00000000e2500000, 0x00000000e2500000, 0x00000000e2600000|  0%| F|  |TAMS 0x00000000e2500000, 0x00000000e2500000| Untracked 
|  38|0x00000000e2600000, 0x00000000e2600000, 0x00000000e2700000|  0%| F|  |TAMS 0x00000000e2600000, 0x00000000e2600000| Untracked 
|  39|0x00000000e2700000, 0x00000000e2700000, 0x00000000e2800000|  0%| F|  |TAMS 0x00000000e2700000, 0x00000000e2700000| Untracked 
|  40|0x00000000e2800000, 0x00000000e2800000, 0x00000000e2900000|  0%| F|  |TAMS 0x00000000e2800000, 0x00000000e2800000| Untracked 
|  41|0x00000000e2900000, 0x00000000e2900000, 0x00000000e2a00000|  0%| F|  |TAMS 0x00000000e2900000, 0x00000000e2900000| Untracked 
|  42|0x00000000e2a00000, 0x00000000e2a00000, 0x00000000e2b00000|  0%| F|  |TAMS 0x00000000e2a00000, 0x00000000e2a00000| Untracked 
|  43|0x00000000e2b00000, 0x00000000e2b00000, 0x00000000e2c00000|  0%| F|  |TAMS 0x00000000e2b00000, 0x00000000e2b00000| Untracked 
|  44|0x00000000e2c00000, 0x00000000e2c00000, 0x00000000e2d00000|  0%| F|  |TAMS 0x00000000e2c00000, 0x00000000e2c00000| Untracked 
|  45|0x00000000e2d00000, 0x00000000e2d00000, 0x00000000e2e00000|  0%| F|  |TAMS 0x00000000e2d00000, 0x00000000e2d00000| Untracked 
|  46|0x00000000e2e00000, 0x00000000e2e00000, 0x00000000e2f00000|  0%| F|  |TAMS 0x00000000e2e00000, 0x00000000e2e00000| Untracked 
|  47|0x00000000e2f00000, 0x00000000e2f00000, 0x00000000e3000000|  0%| F|  |TAMS 0x00000000e2f00000, 0x00000000e2f00000| Untracked 
|  48|0x00000000e3000000, 0x00000000e3000000, 0x00000000e3100000|  0%| F|  |TAMS 0x00000000e3000000, 0x00000000e3000000| Untracked 
|  49|0x00000000e3100000, 0x00000000e3100000, 0x00000000e3200000|  0%| F|  |TAMS 0x00000000e3100000, 0x00000000e3100000| Untracked 
|  50|0x00000000e3200000, 0x00000000e3200000, 0x00000000e3300000|  0%| F|  |TAMS 0x00000000e3200000, 0x00000000e3200000| Untracked 
|  51|0x00000000e3300000, 0x00000000e3300000, 0x00000000e3400000|  0%| F|  |TAMS 0x00000000e3300000, 0x00000000e3300000| Untracked 
|  52|0x00000000e3400000, 0x00000000e3400000, 0x00000000e3500000|  0%| F|  |TAMS 0x00000000e3400000, 0x00000000e3400000| Untracked 
|  53|0x00000000e3500000, 0x00000000e3500000, 0x00000000e3600000|  0%| F|  |TAMS 0x00000000e3500000, 0x00000000e3500000| Untracked 
|  54|0x00000000e3600000, 0x00000000e3600000, 0x00000000e3700000|  0%| F|  |TAMS 0x00000000e3600000, 0x00000000e3600000| Untracked 
|  55|0x00000000e3700000, 0x00000000e3700000, 0x00000000e3800000|  0%| F|  |TAMS 0x00000000e3700000, 0x00000000e3700000| Untracked 
|  56|0x00000000e3800000, 0x00000000e3800000, 0x00000000e3900000|  0%| F|  |TAMS 0x00000000e3800000, 0x00000000e3800000| Untracked 
|  57|0x00000000e3900000, 0x00000000e3900000, 0x00000000e3a00000|  0%| F|  |TAMS 0x00000000e3900000, 0x00000000e3900000| Untracked 
|  58|0x00000000e3a00000, 0x00000000e3a00000, 0x00000000e3b00000|  0%| F|  |TAMS 0x00000000e3a00000, 0x00000000e3a00000| Untracked 
|  59|0x00000000e3b00000, 0x00000000e3b00000, 0x00000000e3c00000|  0%| F|  |TAMS 0x00000000e3b00000, 0x00000000e3b00000| Untracked 
|  60|0x00000000e3c00000, 0x00000000e3c00000, 0x00000000e3d00000|  0%| F|  |TAMS 0x00000000e3c00000, 0x00000000e3c00000| Untracked 
|  61|0x00000000e3d00000, 0x00000000e3d00000, 0x00000000e3e00000|  0%| F|  |TAMS 0x00000000e3d00000, 0x00000000e3d00000| Untracked 
|  62|0x00000000e3e00000, 0x00000000e3e00000, 0x00000000e3f00000|  0%| F|  |TAMS 0x00000000e3e00000, 0x00000000e3e00000| Untracked 
|  63|0x00000000e3f00000, 0x00000000e3f00000, 0x00000000e4000000|  0%| F|  |TAMS 0x00000000e3f00000, 0x00000000e3f00000| Untracked 
|  64|0x00000000e4000000, 0x00000000e4000000, 0x00000000e4100000|  0%| F|  |TAMS 0x00000000e4000000, 0x00000000e4000000| Untracked 
|  65|0x00000000e4100000, 0x00000000e4100000, 0x00000000e4200000|  0%| F|  |TAMS 0x00000000e4100000, 0x00000000e4100000| Untracked 
|  66|0x00000000e4200000, 0x00000000e4200000, 0x00000000e4300000|  0%| F|  |TAMS 0x00000000e4200000, 0x00000000e4200000| Untracked 
|  67|0x00000000e4300000, 0x00000000e4300000, 0x00000000e4400000|  0%| F|  |TAMS 0x00000000e4300000, 0x00000000e4300000| Untracked 
|  68|0x00000000e4400000, 0x00000000e4400000, 0x00000000e4500000|  0%| F|  |TAMS 0x00000000e4400000, 0x00000000e4400000| Untracked 
|  69|0x00000000e4500000, 0x00000000e4500000, 0x00000000e4600000|  0%| F|  |TAMS 0x00000000e4500000, 0x00000000e4500000| Untracked 
|  70|0x00000000e4600000, 0x00000000e4600000, 0x00000000e4700000|  0%| F|  |TAMS 0x00000000e4600000, 0x00000000e4600000| Untracked 
|  71|0x00000000e4700000, 0x00000000e4700000, 0x00000000e4800000|  0%| F|  |TAMS 0x00000000e4700000, 0x00000000e4700000| Untracked 
|  72|0x00000000e4800000, 0x00000000e4800000, 0x00000000e4900000|  0%| F|  |TAMS 0x00000000e4800000, 0x00000000e4800000| Untracked 
|  73|0x00000000e4900000, 0x00000000e4900000, 0x00000000e4a00000|  0%| F|  |TAMS 0x00000000e4900000, 0x00000000e4900000| Untracked 
|  74|0x00000000e4a00000, 0x00000000e4a00000, 0x00000000e4b00000|  0%| F|  |TAMS 0x00000000e4a00000, 0x00000000e4a00000| Untracked 
|  75|0x00000000e4b00000, 0x00000000e4b00000, 0x00000000e4c00000|  0%| F|  |TAMS 0x00000000e4b00000, 0x00000000e4b00000| Untracked 
|  76|0x00000000e4c00000, 0x00000000e4c00000, 0x00000000e4d00000|  0%| F|  |TAMS 0x00000000e4c00000, 0x00000000e4c00000| Untracked 
|  77|0x00000000e4d00000, 0x00000000e4d00000, 0x00000000e4e00000|  0%| F|  |TAMS 0x00000000e4d00000, 0x00000000e4d00000| Untracked 
|  78|0x00000000e4e00000, 0x00000000e4e00000, 0x00000000e4f00000|  0%| F|  |TAMS 0x00000000e4e00000, 0x00000000e4e00000| Untracked 
|  79|0x00000000e4f00000, 0x00000000e4f00000, 0x00000000e5000000|  0%| F|  |TAMS 0x00000000e4f00000, 0x00000000e4f00000| Untracked 
|  80|0x00000000e5000000, 0x00000000e5000000, 0x00000000e5100000|  0%| F|  |TAMS 0x00000000e5000000, 0x00000000e5000000| Untracked 
|  81|0x00000000e5100000, 0x00000000e5100000, 0x00000000e5200000|  0%| F|  |TAMS 0x00000000e5100000, 0x00000000e5100000| Untracked 
|  82|0x00000000e5200000, 0x00000000e5200000, 0x00000000e5300000|  0%| F|  |TAMS 0x00000000e5200000, 0x00000000e5200000| Untracked 
|  83|0x00000000e5300000, 0x00000000e5300000, 0x00000000e5400000|  0%| F|  |TAMS 0x00000000e5300000, 0x00000000e5300000| Untracked 
|  84|0x00000000e5400000, 0x00000000e5400000, 0x00000000e5500000|  0%| F|  |TAMS 0x00000000e5400000, 0x00000000e5400000| Untracked 
|  85|0x00000000e5500000, 0x00000000e5500000, 0x00000000e5600000|  0%| F|  |TAMS 0x00000000e5500000, 0x00000000e5500000| Untracked 
|  86|0x00000000e5600000, 0x00000000e5600000, 0x00000000e5700000|  0%| F|  |TAMS 0x00000000e5600000, 0x00000000e5600000| Untracked 
|  87|0x00000000e5700000, 0x00000000e5700000, 0x00000000e5800000|  0%| F|  |TAMS 0x00000000e5700000, 0x00000000e5700000| Untracked 
|  88|0x00000000e5800000, 0x00000000e5800000, 0x00000000e5900000|  0%| F|  |TAMS 0x00000000e5800000, 0x00000000e5800000| Untracked 
|  89|0x00000000e5900000, 0x00000000e5900000, 0x00000000e5a00000|  0%| F|  |TAMS 0x00000000e5900000, 0x00000000e5900000| Untracked 
|  90|0x00000000e5a00000, 0x00000000e5a00000, 0x00000000e5b00000|  0%| F|  |TAMS 0x00000000e5a00000, 0x00000000e5a00000| Untracked 
|  91|0x00000000e5b00000, 0x00000000e5b00000, 0x00000000e5c00000|  0%| F|  |TAMS 0x00000000e5b00000, 0x00000000e5b00000| Untracked 
|  92|0x00000000e5c00000, 0x00000000e5c00000, 0x00000000e5d00000|  0%| F|  |TAMS 0x00000000e5c00000, 0x00000000e5c00000| Untracked 
|  93|0x00000000e5d00000, 0x00000000e5d00000, 0x00000000e5e00000|  0%| F|  |TAMS 0x00000000e5d00000, 0x00000000e5d00000| Untracked 
|  94|0x00000000e5e00000, 0x00000000e5e00000, 0x00000000e5f00000|  0%| F|  |TAMS 0x00000000e5e00000, 0x00000000e5e00000| Untracked 
|  95|0x00000000e5f00000, 0x00000000e5f00000, 0x00000000e6000000|  0%| F|  |TAMS 0x00000000e5f00000, 0x00000000e5f00000| Untracked 
|  96|0x00000000e6000000, 0x00000000e6000000, 0x00000000e6100000|  0%| F|  |TAMS 0x00000000e6000000, 0x00000000e6000000| Untracked 
|  97|0x00000000e6100000, 0x00000000e6100000, 0x00000000e6200000|  0%| F|  |TAMS 0x00000000e6100000, 0x00000000e6100000| Untracked 
|  98|0x00000000e6200000, 0x00000000e6200000, 0x00000000e6300000|  0%| F|  |TAMS 0x00000000e6200000, 0x00000000e6200000| Untracked 
|  99|0x00000000e6300000, 0x00000000e6300000, 0x00000000e6400000|  0%| F|  |TAMS 0x00000000e6300000, 0x00000000e6300000| Untracked 
| 100|0x00000000e6400000, 0x00000000e6400000, 0x00000000e6500000|  0%| F|  |TAMS 0x00000000e6400000, 0x00000000e6400000| Untracked 
| 101|0x00000000e6500000, 0x00000000e6500000, 0x00000000e6600000|  0%| F|  |TAMS 0x00000000e6500000, 0x00000000e6500000| Untracked 
| 102|0x00000000e6600000, 0x00000000e6600000, 0x00000000e6700000|  0%| F|  |TAMS 0x00000000e6600000, 0x00000000e6600000| Untracked 
| 103|0x00000000e6700000, 0x00000000e6700000, 0x00000000e6800000|  0%| F|  |TAMS 0x00000000e6700000, 0x00000000e6700000| Untracked 
| 104|0x00000000e6800000, 0x00000000e6800000, 0x00000000e6900000|  0%| F|  |TAMS 0x00000000e6800000, 0x00000000e6800000| Untracked 
| 105|0x00000000e6900000, 0x00000000e6900000, 0x00000000e6a00000|  0%| F|  |TAMS 0x00000000e6900000, 0x00000000e6900000| Untracked 
| 106|0x00000000e6a00000, 0x00000000e6a00000, 0x00000000e6b00000|  0%| F|  |TAMS 0x00000000e6a00000, 0x00000000e6a00000| Untracked 
| 107|0x00000000e6b00000, 0x00000000e6b00000, 0x00000000e6c00000|  0%| F|  |TAMS 0x00000000e6b00000, 0x00000000e6b00000| Untracked 
| 108|0x00000000e6c00000, 0x00000000e6c00000, 0x00000000e6d00000|  0%| F|  |TAMS 0x00000000e6c00000, 0x00000000e6c00000| Untracked 
| 109|0x00000000e6d00000, 0x00000000e6d00000, 0x00000000e6e00000|  0%| F|  |TAMS 0x00000000e6d00000, 0x00000000e6d00000| Untracked 
| 110|0x00000000e6e00000, 0x00000000e6e00000, 0x00000000e6f00000|  0%| F|  |TAMS 0x00000000e6e00000, 0x00000000e6e00000| Untracked 
| 111|0x00000000e6f00000, 0x00000000e6f00000, 0x00000000e7000000|  0%| F|  |TAMS 0x00000000e6f00000, 0x00000000e6f00000| Untracked 
| 112|0x00000000e7000000, 0x00000000e7000000, 0x00000000e7100000|  0%| F|  |TAMS 0x00000000e7000000, 0x00000000e7000000| Untracked 
| 113|0x00000000e7100000, 0x00000000e7100000, 0x00000000e7200000|  0%| F|  |TAMS 0x00000000e7100000, 0x00000000e7100000| Untracked 
| 114|0x00000000e7200000, 0x00000000e7200000, 0x00000000e7300000|  0%| F|  |TAMS 0x00000000e7200000, 0x00000000e7200000| Untracked 
| 115|0x00000000e7300000, 0x00000000e7300000, 0x00000000e7400000|  0%| F|  |TAMS 0x00000000e7300000, 0x00000000e7300000| Untracked 
| 116|0x00000000e7400000, 0x00000000e7400000, 0x00000000e7500000|  0%| F|  |TAMS 0x00000000e7400000, 0x00000000e7400000| Untracked 
| 117|0x00000000e7500000, 0x00000000e7500000, 0x00000000e7600000|  0%| F|  |TAMS 0x00000000e7500000, 0x00000000e7500000| Untracked 
| 118|0x00000000e7600000, 0x00000000e7600000, 0x00000000e7700000|  0%| F|  |TAMS 0x00000000e7600000, 0x00000000e7600000| Untracked 
| 119|0x00000000e7700000, 0x00000000e7700000, 0x00000000e7800000|  0%| F|  |TAMS 0x00000000e7700000, 0x00000000e7700000| Untracked 
| 120|0x00000000e7800000, 0x00000000e7800000, 0x00000000e7900000|  0%| F|  |TAMS 0x00000000e7800000, 0x00000000e7800000| Untracked 
| 121|0x00000000e7900000, 0x00000000e7900000, 0x00000000e7a00000|  0%| F|  |TAMS 0x00000000e7900000, 0x00000000e7900000| Untracked 
| 122|0x00000000e7a00000, 0x00000000e7a00000, 0x00000000e7b00000|  0%| F|  |TAMS 0x00000000e7a00000, 0x00000000e7a00000| Untracked 
| 123|0x00000000e7b00000, 0x00000000e7b00000, 0x00000000e7c00000|  0%| F|  |TAMS 0x00000000e7b00000, 0x00000000e7b00000| Untracked 
| 124|0x00000000e7c00000, 0x00000000e7c00000, 0x00000000e7d00000|  0%| F|  |TAMS 0x00000000e7c00000, 0x00000000e7c00000| Untracked 
| 125|0x00000000e7d00000, 0x00000000e7d00000, 0x00000000e7e00000|  0%| F|  |TAMS 0x00000000e7d00000, 0x00000000e7d00000| Untracked 
| 126|0x00000000e7e00000, 0x00000000e7e00000, 0x00000000e7f00000|  0%| F|  |TAMS 0x00000000e7e00000, 0x00000000e7e00000| Untracked 
| 127|0x00000000e7f00000, 0x00000000e7f00000, 0x00000000e8000000|  0%| F|  |TAMS 0x00000000e7f00000, 0x00000000e7f00000| Untracked 
| 128|0x00000000e8000000, 0x00000000e8000000, 0x00000000e8100000|  0%| F|  |TAMS 0x00000000e8000000, 0x00000000e8000000| Untracked 
| 129|0x00000000e8100000, 0x00000000e8100000, 0x00000000e8200000|  0%| F|  |TAMS 0x00000000e8100000, 0x00000000e8100000| Untracked 
| 130|0x00000000e8200000, 0x00000000e8200000, 0x00000000e8300000|  0%| F|  |TAMS 0x00000000e8200000, 0x00000000e8200000| Untracked 
| 131|0x00000000e8300000, 0x00000000e8300000, 0x00000000e8400000|  0%| F|  |TAMS 0x00000000e8300000, 0x00000000e8300000| Untracked 
| 132|0x00000000e8400000, 0x00000000e8400000, 0x00000000e8500000|  0%| F|  |TAMS 0x00000000e8400000, 0x00000000e8400000| Untracked 
| 133|0x00000000e8500000, 0x00000000e8500000, 0x00000000e8600000|  0%| F|  |TAMS 0x00000000e8500000, 0x00000000e8500000| Untracked 
| 134|0x00000000e8600000, 0x00000000e8600000, 0x00000000e8700000|  0%| F|  |TAMS 0x00000000e8600000, 0x00000000e8600000| Untracked 
| 135|0x00000000e8700000, 0x00000000e8700000, 0x00000000e8800000|  0%| F|  |TAMS 0x00000000e8700000, 0x00000000e8700000| Untracked 
| 136|0x00000000e8800000, 0x00000000e8800000, 0x00000000e8900000|  0%| F|  |TAMS 0x00000000e8800000, 0x00000000e8800000| Untracked 
| 137|0x00000000e8900000, 0x00000000e8900000, 0x00000000e8a00000|  0%| F|  |TAMS 0x00000000e8900000, 0x00000000e8900000| Untracked 
| 138|0x00000000e8a00000, 0x00000000e8a00000, 0x00000000e8b00000|  0%| F|  |TAMS 0x00000000e8a00000, 0x00000000e8a00000| Untracked 
| 139|0x00000000e8b00000, 0x00000000e8b00000, 0x00000000e8c00000|  0%| F|  |TAMS 0x00000000e8b00000, 0x00000000e8b00000| Untracked 
| 140|0x00000000e8c00000, 0x00000000e8c00000, 0x00000000e8d00000|  0%| F|  |TAMS 0x00000000e8c00000, 0x00000000e8c00000| Untracked 
| 141|0x00000000e8d00000, 0x00000000e8d00000, 0x00000000e8e00000|  0%| F|  |TAMS 0x00000000e8d00000, 0x00000000e8d00000| Untracked 
| 142|0x00000000e8e00000, 0x00000000e8e00000, 0x00000000e8f00000|  0%| F|  |TAMS 0x00000000e8e00000, 0x00000000e8e00000| Untracked 
| 143|0x00000000e8f00000, 0x00000000e8f00000, 0x00000000e9000000|  0%| F|  |TAMS 0x00000000e8f00000, 0x00000000e8f00000| Untracked 
| 144|0x00000000e9000000, 0x00000000e9000000, 0x00000000e9100000|  0%| F|  |TAMS 0x00000000e9000000, 0x00000000e9000000| Untracked 
| 145|0x00000000e9100000, 0x00000000e9200000, 0x00000000e9200000|100%| S|CS|TAMS 0x00000000e9100000, 0x00000000e9100000| Complete 
| 146|0x00000000e9200000, 0x00000000e9300000, 0x00000000e9300000|100%| S|CS|TAMS 0x00000000e9200000, 0x00000000e9200000| Complete 
| 147|0x00000000e9300000, 0x00000000e9400000, 0x00000000e9400000|100%| S|CS|TAMS 0x00000000e9300000, 0x00000000e9300000| Complete 
| 148|0x00000000e9400000, 0x00000000e9500000, 0x00000000e9500000|100%| S|CS|TAMS 0x00000000e9400000, 0x00000000e9400000| Complete 
| 149|0x00000000e9500000, 0x00000000e9600000, 0x00000000e9600000|100%| S|CS|TAMS 0x00000000e9500000, 0x00000000e9500000| Complete 
| 150|0x00000000e9600000, 0x00000000e9700000, 0x00000000e9700000|100%| S|CS|TAMS 0x00000000e9600000, 0x00000000e9600000| Complete 
| 151|0x00000000e9700000, 0x00000000e9800000, 0x00000000e9800000|100%| S|CS|TAMS 0x00000000e9700000, 0x00000000e9700000| Complete 
| 152|0x00000000e9800000, 0x00000000e9900000, 0x00000000e9900000|100%| S|CS|TAMS 0x00000000e9800000, 0x00000000e9800000| Complete 
| 153|0x00000000e9900000, 0x00000000e9a00000, 0x00000000e9a00000|100%| S|CS|TAMS 0x00000000e9900000, 0x00000000e9900000| Complete 
| 154|0x00000000e9a00000, 0x00000000e9b00000, 0x00000000e9b00000|100%| S|CS|TAMS 0x00000000e9a00000, 0x00000000e9a00000| Complete 
| 155|0x00000000e9b00000, 0x00000000e9c00000, 0x00000000e9c00000|100%| S|CS|TAMS 0x00000000e9b00000, 0x00000000e9b00000| Complete 
| 156|0x00000000e9c00000, 0x00000000e9d00000, 0x00000000e9d00000|100%| S|CS|TAMS 0x00000000e9c00000, 0x00000000e9c00000| Complete 
| 157|0x00000000e9d00000, 0x00000000e9e00000, 0x00000000e9e00000|100%| S|CS|TAMS 0x00000000e9d00000, 0x00000000e9d00000| Complete 
| 158|0x00000000e9e00000, 0x00000000e9e00000, 0x00000000e9f00000|  0%| F|  |TAMS 0x00000000e9e00000, 0x00000000e9e00000| Untracked 
| 159|0x00000000e9f00000, 0x00000000e9f00000, 0x00000000ea000000|  0%| F|  |TAMS 0x00000000e9f00000, 0x00000000e9f00000| Untracked 
| 160|0x00000000ea000000, 0x00000000ea000000, 0x00000000ea100000|  0%| F|  |TAMS 0x00000000ea000000, 0x00000000ea000000| Untracked 
| 161|0x00000000ea100000, 0x00000000ea100000, 0x00000000ea200000|  0%| F|  |TAMS 0x00000000ea100000, 0x00000000ea100000| Untracked 
| 162|0x00000000ea200000, 0x00000000ea200000, 0x00000000ea300000|  0%| F|  |TAMS 0x00000000ea200000, 0x00000000ea200000| Untracked 
| 163|0x00000000ea300000, 0x00000000ea300000, 0x00000000ea400000|  0%| F|  |TAMS 0x00000000ea300000, 0x00000000ea300000| Untracked 
| 164|0x00000000ea400000, 0x00000000ea400000, 0x00000000ea500000|  0%| F|  |TAMS 0x00000000ea400000, 0x00000000ea400000| Untracked 
| 165|0x00000000ea500000, 0x00000000ea500000, 0x00000000ea600000|  0%| F|  |TAMS 0x00000000ea500000, 0x00000000ea500000| Untracked 
| 166|0x00000000ea600000, 0x00000000ea600000, 0x00000000ea700000|  0%| F|  |TAMS 0x00000000ea600000, 0x00000000ea600000| Untracked 
| 167|0x00000000ea700000, 0x00000000ea700000, 0x00000000ea800000|  0%| F|  |TAMS 0x00000000ea700000, 0x00000000ea700000| Untracked 
| 168|0x00000000ea800000, 0x00000000ea800000, 0x00000000ea900000|  0%| F|  |TAMS 0x00000000ea800000, 0x00000000ea800000| Untracked 
| 169|0x00000000ea900000, 0x00000000ea900000, 0x00000000eaa00000|  0%| F|  |TAMS 0x00000000ea900000, 0x00000000ea900000| Untracked 
| 170|0x00000000eaa00000, 0x00000000eaa00000, 0x00000000eab00000|  0%| F|  |TAMS 0x00000000eaa00000, 0x00000000eaa00000| Untracked 
| 171|0x00000000eab00000, 0x00000000eab00000, 0x00000000eac00000|  0%| F|  |TAMS 0x00000000eab00000, 0x00000000eab00000| Untracked 
| 172|0x00000000eac00000, 0x00000000eac00000, 0x00000000ead00000|  0%| F|  |TAMS 0x00000000eac00000, 0x00000000eac00000| Untracked 
| 173|0x00000000ead00000, 0x00000000ead00000, 0x00000000eae00000|  0%| F|  |TAMS 0x00000000ead00000, 0x00000000ead00000| Untracked 
| 174|0x00000000eae00000, 0x00000000eae00000, 0x00000000eaf00000|  0%| F|  |TAMS 0x00000000eae00000, 0x00000000eae00000| Untracked 
| 175|0x00000000eaf00000, 0x00000000eaf00000, 0x00000000eb000000|  0%| F|  |TAMS 0x00000000eaf00000, 0x00000000eaf00000| Untracked 
| 176|0x00000000eb000000, 0x00000000eb000000, 0x00000000eb100000|  0%| F|  |TAMS 0x00000000eb000000, 0x00000000eb000000| Untracked 
| 177|0x00000000eb100000, 0x00000000eb100000, 0x00000000eb200000|  0%| F|  |TAMS 0x00000000eb100000, 0x00000000eb100000| Untracked 
| 178|0x00000000eb200000, 0x00000000eb200000, 0x00000000eb300000|  0%| F|  |TAMS 0x00000000eb200000, 0x00000000eb200000| Untracked 
| 179|0x00000000eb300000, 0x00000000eb300000, 0x00000000eb400000|  0%| F|  |TAMS 0x00000000eb300000, 0x00000000eb300000| Untracked 
| 180|0x00000000eb400000, 0x00000000eb400000, 0x00000000eb500000|  0%| F|  |TAMS 0x00000000eb400000, 0x00000000eb400000| Untracked 
| 181|0x00000000eb500000, 0x00000000eb500000, 0x00000000eb600000|  0%| F|  |TAMS 0x00000000eb500000, 0x00000000eb500000| Untracked 
| 182|0x00000000eb600000, 0x00000000eb600000, 0x00000000eb700000|  0%| F|  |TAMS 0x00000000eb600000, 0x00000000eb600000| Untracked 
| 183|0x00000000eb700000, 0x00000000eb700000, 0x00000000eb800000|  0%| F|  |TAMS 0x00000000eb700000, 0x00000000eb700000| Untracked 
| 184|0x00000000eb800000, 0x00000000eb800000, 0x00000000eb900000|  0%| F|  |TAMS 0x00000000eb800000, 0x00000000eb800000| Untracked 
| 185|0x00000000eb900000, 0x00000000eb900000, 0x00000000eba00000|  0%| F|  |TAMS 0x00000000eb900000, 0x00000000eb900000| Untracked 
| 186|0x00000000eba00000, 0x00000000eba00000, 0x00000000ebb00000|  0%| F|  |TAMS 0x00000000eba00000, 0x00000000eba00000| Untracked 
| 187|0x00000000ebb00000, 0x00000000ebb00000, 0x00000000ebc00000|  0%| F|  |TAMS 0x00000000ebb00000, 0x00000000ebb00000| Untracked 
| 188|0x00000000ebc00000, 0x00000000ebc00000, 0x00000000ebd00000|  0%| F|  |TAMS 0x00000000ebc00000, 0x00000000ebc00000| Untracked 
| 189|0x00000000ebd00000, 0x00000000ebd00000, 0x00000000ebe00000|  0%| F|  |TAMS 0x00000000ebd00000, 0x00000000ebd00000| Untracked 
| 190|0x00000000ebe00000, 0x00000000ebe00000, 0x00000000ebf00000|  0%| F|  |TAMS 0x00000000ebe00000, 0x00000000ebe00000| Untracked 
| 191|0x00000000ebf00000, 0x00000000ebf00000, 0x00000000ec000000|  0%| F|  |TAMS 0x00000000ebf00000, 0x00000000ebf00000| Untracked 
| 192|0x00000000ec000000, 0x00000000ec000000, 0x00000000ec100000|  0%| F|  |TAMS 0x00000000ec000000, 0x00000000ec000000| Untracked 
| 193|0x00000000ec100000, 0x00000000ec100000, 0x00000000ec200000|  0%| F|  |TAMS 0x00000000ec100000, 0x00000000ec100000| Untracked 
| 194|0x00000000ec200000, 0x00000000ec200000, 0x00000000ec300000|  0%| F|  |TAMS 0x00000000ec200000, 0x00000000ec200000| Untracked 
| 195|0x00000000ec300000, 0x00000000ec300000, 0x00000000ec400000|  0%| F|  |TAMS 0x00000000ec300000, 0x00000000ec300000| Untracked 
| 196|0x00000000ec400000, 0x00000000ec400000, 0x00000000ec500000|  0%| F|  |TAMS 0x00000000ec400000, 0x00000000ec400000| Untracked 
| 197|0x00000000ec500000, 0x00000000ec500000, 0x00000000ec600000|  0%| F|  |TAMS 0x00000000ec500000, 0x00000000ec500000| Untracked 
| 198|0x00000000ec600000, 0x00000000ec600000, 0x00000000ec700000|  0%| F|  |TAMS 0x00000000ec600000, 0x00000000ec600000| Untracked 
| 199|0x00000000ec700000, 0x00000000ec700000, 0x00000000ec800000|  0%| F|  |TAMS 0x00000000ec700000, 0x00000000ec700000| Untracked 
| 200|0x00000000ec800000, 0x00000000ec800000, 0x00000000ec900000|  0%| F|  |TAMS 0x00000000ec800000, 0x00000000ec800000| Untracked 
| 201|0x00000000ec900000, 0x00000000ec900000, 0x00000000eca00000|  0%| F|  |TAMS 0x00000000ec900000, 0x00000000ec900000| Untracked 
| 202|0x00000000eca00000, 0x00000000eca00000, 0x00000000ecb00000|  0%| F|  |TAMS 0x00000000eca00000, 0x00000000eca00000| Untracked 
| 203|0x00000000ecb00000, 0x00000000ecb00000, 0x00000000ecc00000|  0%| F|  |TAMS 0x00000000ecb00000, 0x00000000ecb00000| Untracked 
| 204|0x00000000ecc00000, 0x00000000ecc00000, 0x00000000ecd00000|  0%| F|  |TAMS 0x00000000ecc00000, 0x00000000ecc00000| Untracked 
| 205|0x00000000ecd00000, 0x00000000ecd00000, 0x00000000ece00000|  0%| F|  |TAMS 0x00000000ecd00000, 0x00000000ecd00000| Untracked 
| 206|0x00000000ece00000, 0x00000000ece00000, 0x00000000ecf00000|  0%| F|  |TAMS 0x00000000ece00000, 0x00000000ece00000| Untracked 
| 207|0x00000000ecf00000, 0x00000000ecf00000, 0x00000000ed000000|  0%| F|  |TAMS 0x00000000ecf00000, 0x00000000ecf00000| Untracked 
| 208|0x00000000ed000000, 0x00000000ed000000, 0x00000000ed100000|  0%| F|  |TAMS 0x00000000ed000000, 0x00000000ed000000| Untracked 
| 209|0x00000000ed100000, 0x00000000ed100000, 0x00000000ed200000|  0%| F|  |TAMS 0x00000000ed100000, 0x00000000ed100000| Untracked 
| 210|0x00000000ed200000, 0x00000000ed200000, 0x00000000ed300000|  0%| F|  |TAMS 0x00000000ed200000, 0x00000000ed200000| Untracked 
| 211|0x00000000ed300000, 0x00000000ed300000, 0x00000000ed400000|  0%| F|  |TAMS 0x00000000ed300000, 0x00000000ed300000| Untracked 
| 212|0x00000000ed400000, 0x00000000ed400000, 0x00000000ed500000|  0%| F|  |TAMS 0x00000000ed400000, 0x00000000ed400000| Untracked 
| 213|0x00000000ed500000, 0x00000000ed500000, 0x00000000ed600000|  0%| F|  |TAMS 0x00000000ed500000, 0x00000000ed500000| Untracked 
| 214|0x00000000ed600000, 0x00000000ed600000, 0x00000000ed700000|  0%| F|  |TAMS 0x00000000ed600000, 0x00000000ed600000| Untracked 
| 215|0x00000000ed700000, 0x00000000ed700000, 0x00000000ed800000|  0%| F|  |TAMS 0x00000000ed700000, 0x00000000ed700000| Untracked 
| 216|0x00000000ed800000, 0x00000000ed800000, 0x00000000ed900000|  0%| F|  |TAMS 0x00000000ed800000, 0x00000000ed800000| Untracked 
| 217|0x00000000ed900000, 0x00000000ed900000, 0x00000000eda00000|  0%| F|  |TAMS 0x00000000ed900000, 0x00000000ed900000| Untracked 
| 218|0x00000000eda00000, 0x00000000eda80000, 0x00000000edb00000| 50%| E|  |TAMS 0x00000000eda00000, 0x00000000eda00000| Complete 
| 219|0x00000000edb00000, 0x00000000edc00000, 0x00000000edc00000|100%| E|CS|TAMS 0x00000000edb00000, 0x00000000edb00000| Complete 
| 220|0x00000000edc00000, 0x00000000edd00000, 0x00000000edd00000|100%| E|CS|TAMS 0x00000000edc00000, 0x00000000edc00000| Complete 
| 221|0x00000000edd00000, 0x00000000ede00000, 0x00000000ede00000|100%| E|CS|TAMS 0x00000000edd00000, 0x00000000edd00000| Complete 
| 222|0x00000000ede00000, 0x00000000edf00000, 0x00000000edf00000|100%| E|CS|TAMS 0x00000000ede00000, 0x00000000ede00000| Complete 
| 223|0x00000000edf00000, 0x00000000ee000000, 0x00000000ee000000|100%| E|CS|TAMS 0x00000000edf00000, 0x00000000edf00000| Complete 
| 224|0x00000000ee000000, 0x00000000ee100000, 0x00000000ee100000|100%| E|CS|TAMS 0x00000000ee000000, 0x00000000ee000000| Complete 
| 225|0x00000000ee100000, 0x00000000ee200000, 0x00000000ee200000|100%| E|CS|TAMS 0x00000000ee100000, 0x00000000ee100000| Complete 
| 226|0x00000000ee200000, 0x00000000ee300000, 0x00000000ee300000|100%| E|CS|TAMS 0x00000000ee200000, 0x00000000ee200000| Complete 
| 227|0x00000000ee300000, 0x00000000ee400000, 0x00000000ee400000|100%| E|CS|TAMS 0x00000000ee300000, 0x00000000ee300000| Complete 
| 228|0x00000000ee400000, 0x00000000ee500000, 0x00000000ee500000|100%| E|CS|TAMS 0x00000000ee400000, 0x00000000ee400000| Complete 
| 229|0x00000000ee500000, 0x00000000ee600000, 0x00000000ee600000|100%| E|CS|TAMS 0x00000000ee500000, 0x00000000ee500000| Complete 
| 230|0x00000000ee600000, 0x00000000ee700000, 0x00000000ee700000|100%| E|  |TAMS 0x00000000ee600000, 0x00000000ee600000| Complete 
| 231|0x00000000ee700000, 0x00000000ee800000, 0x00000000ee800000|100%| E|CS|TAMS 0x00000000ee700000, 0x00000000ee700000| Complete 
| 232|0x00000000ee800000, 0x00000000ee900000, 0x00000000ee900000|100%| E|CS|TAMS 0x00000000ee800000, 0x00000000ee800000| Complete 
| 233|0x00000000ee900000, 0x00000000eea00000, 0x00000000eea00000|100%| E|CS|TAMS 0x00000000ee900000, 0x00000000ee900000| Complete 
| 234|0x00000000eea00000, 0x00000000eeb00000, 0x00000000eeb00000|100%| E|CS|TAMS 0x00000000eea00000, 0x00000000eea00000| Complete 
| 235|0x00000000eeb00000, 0x00000000eec00000, 0x00000000eec00000|100%| E|CS|TAMS 0x00000000eeb00000, 0x00000000eeb00000| Complete 
| 236|0x00000000eec00000, 0x00000000eed00000, 0x00000000eed00000|100%| E|CS|TAMS 0x00000000eec00000, 0x00000000eec00000| Complete 
| 237|0x00000000eed00000, 0x00000000eee00000, 0x00000000eee00000|100%| E|CS|TAMS 0x00000000eed00000, 0x00000000eed00000| Complete 
| 238|0x00000000eee00000, 0x00000000eef00000, 0x00000000eef00000|100%| E|CS|TAMS 0x00000000eee00000, 0x00000000eee00000| Complete 
| 239|0x00000000eef00000, 0x00000000ef000000, 0x00000000ef000000|100%| E|CS|TAMS 0x00000000eef00000, 0x00000000eef00000| Complete 
| 240|0x00000000ef000000, 0x00000000ef100000, 0x00000000ef100000|100%| E|CS|TAMS 0x00000000ef000000, 0x00000000ef000000| Complete 
| 241|0x00000000ef100000, 0x00000000ef200000, 0x00000000ef200000|100%| E|CS|TAMS 0x00000000ef100000, 0x00000000ef100000| Complete 
| 242|0x00000000ef200000, 0x00000000ef300000, 0x00000000ef300000|100%| E|CS|TAMS 0x00000000ef200000, 0x00000000ef200000| Complete 
| 243|0x00000000ef300000, 0x00000000ef400000, 0x00000000ef400000|100%| E|CS|TAMS 0x00000000ef300000, 0x00000000ef300000| Complete 
| 244|0x00000000ef400000, 0x00000000ef500000, 0x00000000ef500000|100%| E|CS|TAMS 0x00000000ef400000, 0x00000000ef400000| Complete 
| 245|0x00000000ef500000, 0x00000000ef600000, 0x00000000ef600000|100%| E|CS|TAMS 0x00000000ef500000, 0x00000000ef500000| Complete 
| 246|0x00000000ef600000, 0x00000000ef700000, 0x00000000ef700000|100%| E|CS|TAMS 0x00000000ef600000, 0x00000000ef600000| Complete 
| 247|0x00000000ef700000, 0x00000000ef800000, 0x00000000ef800000|100%| E|CS|TAMS 0x00000000ef700000, 0x00000000ef700000| Complete 
| 248|0x00000000ef800000, 0x00000000ef900000, 0x00000000ef900000|100%| E|CS|TAMS 0x00000000ef800000, 0x00000000ef800000| Complete 
| 249|0x00000000ef900000, 0x00000000efa00000, 0x00000000efa00000|100%| E|CS|TAMS 0x00000000ef900000, 0x00000000ef900000| Complete 
| 250|0x00000000efa00000, 0x00000000efb00000, 0x00000000efb00000|100%| E|CS|TAMS 0x00000000efa00000, 0x00000000efa00000| Complete 
| 251|0x00000000efb00000, 0x00000000efc00000, 0x00000000efc00000|100%| E|CS|TAMS 0x00000000efb00000, 0x00000000efb00000| Complete 
| 252|0x00000000efc00000, 0x00000000efd00000, 0x00000000efd00000|100%| E|CS|TAMS 0x00000000efc00000, 0x00000000efc00000| Complete 
| 253|0x00000000efd00000, 0x00000000efe00000, 0x00000000efe00000|100%| E|CS|TAMS 0x00000000efd00000, 0x00000000efd00000| Complete 
| 254|0x00000000efe00000, 0x00000000eff00000, 0x00000000eff00000|100%| E|CS|TAMS 0x00000000efe00000, 0x00000000efe00000| Complete 
| 255|0x00000000eff00000, 0x00000000f0000000, 0x00000000f0000000|100%| E|CS|TAMS 0x00000000eff00000, 0x00000000eff00000| Complete 

Card table byte_map: [0x000001f23e110000,0x000001f23e210000] _byte_map_base: 0x000001f23da10000

Marking Bits (Prev, Next): (CMBitMap*) 0x000001f226c6f510, (CMBitMap*) 0x000001f226c6f550
 Prev Bits: [0x000001f23e310000, 0x000001f23eb10000)
 Next Bits: [0x000001f23eb10000, 0x000001f23f310000)

Polling page: 0x000001f224b90000

Metaspace:

Usage:
  Non-class:     15.80 MB used.
      Class:      2.45 MB used.
       Both:     18.25 MB used.

Virtual space:
  Non-class space:       64.00 MB reserved,      15.94 MB ( 25%) committed,  1 nodes.
      Class space:      320.00 MB reserved,       2.62 MB ( <1%) committed,  1 nodes.
             Both:      384.00 MB reserved,      18.56 MB (  5%) committed. 

Chunk freelists:
   Non-Class:  15.90 MB
       Class:  13.42 MB
        Both:  29.32 MB

MaxMetaspaceSize: 384.00 MB
CompressedClassSpaceSize: 320.00 MB
Initial GC threshold: 21.00 MB
Current GC threshold: 21.00 MB
CDS: on
MetaspaceReclaimPolicy: balanced
 - commit_granule_bytes: 65536.
 - commit_granule_words: 8192.
 - virtual_space_node_default_size: 8388608.
 - enlarge_chunks_in_place: 1.
 - new_chunks_are_fully_committed: 0.
 - uncommit_free_chunks: 1.
 - use_allocation_guard: 0.
 - handle_deallocations: 1.


Internal statistics:

num_allocs_failed_limit: 0.
num_arena_births: 190.
num_arena_deaths: 0.
num_vsnodes_births: 2.
num_vsnodes_deaths: 0.
num_space_committed: 297.
num_space_uncommitted: 0.
num_chunks_returned_to_freelist: 0.
num_chunks_taken_from_freelist: 825.
num_chunk_merges: 0.
num_chunk_splits: 559.
num_chunks_enlarged: 408.
num_inconsistent_stats: 0.

CodeHeap 'non-profiled nmethods': size=119168Kb used=1409Kb max_used=1409Kb free=117758Kb
 bounds [0x000001f236330000, 0x000001f2365a0000, 0x000001f23d790000]
CodeHeap 'profiled nmethods': size=119104Kb used=5391Kb max_used=5391Kb free=113712Kb
 bounds [0x000001f22e790000, 0x000001f22ece0000, 0x000001f235be0000]
CodeHeap 'non-nmethods': size=7488Kb used=2926Kb max_used=2974Kb free=4561Kb
 bounds [0x000001f235be0000, 0x000001f235ed0000, 0x000001f236330000]
 total_blobs=3195 nmethods=2645 adapters=459
 compilation: enabled
              stopped_count=0, restarted_count=0
 full_count=0

Compilation events (20 events):
Event: 1.922 Thread 0x000001f242537120 2636       4       java.util.ArrayList::indexOfRange (71 bytes)
Event: 1.922 Thread 0x000001f24251f460 2635       3       org.gradle.internal.service.DefaultServiceRegistry$CollectingVisitor::visit (25 bytes)
Event: 1.922 Thread 0x000001f2423f1790 nmethod 2632 0x000001f22eccf210 code [0x000001f22eccf3c0, 0x000001f22eccf4c8]
Event: 1.923 Thread 0x000001f24251f460 nmethod 2635 0x000001f22eccf590 code [0x000001f22eccf740, 0x000001f22eccfa38]
Event: 1.923 Thread 0x000001f25d2b1a70 nmethod 2634 0x000001f22eccfb90 code [0x000001f22eccfd80, 0x000001f22ecd0198]
Event: 1.923 Thread 0x000001f242534dd0 nmethod 2633 0x000001f22ecd0310 code [0x000001f22ecd0500, 0x000001f22ecd0a98]
Event: 1.924 Thread 0x000001f242537120 nmethod 2636 0x000001f23647a210 code [0x000001f23647a3a0, 0x000001f23647a4d8]
Event: 1.938 Thread 0x000001f25d2b1a70 2637       3       java.util.HashMap::put (13 bytes)
Event: 1.939 Thread 0x000001f25d2b1a70 nmethod 2637 0x000001f22ecd0c90 code [0x000001f22ecd0e60, 0x000001f22ecd1158]
Event: 1.943 Thread 0x000001f242537120 2638   !   4       java.util.concurrent.ConcurrentHashMap::transfer (849 bytes)
Event: 1.962 Thread 0x000001f242537120 nmethod 2638 0x000001f23647a610 code [0x000001f23647a7e0, 0x000001f23647bd98]
Event: 1.964 Thread 0x000001f242537120 2639       4       java.util.ArrayDeque::pollFirst (36 bytes)
Event: 1.965 Thread 0x000001f242537120 nmethod 2639 0x000001f23647c510 code [0x000001f23647c6a0, 0x000001f23647c7b8]
Event: 1.971 Thread 0x000001f242534dd0 2640       3       java.lang.Class::copyConstructors (38 bytes)
Event: 1.971 Thread 0x000001f242534dd0 nmethod 2640 0x000001f22ecd1290 code [0x000001f22ecd1500, 0x000001f22ecd2058]
Event: 1.974 Thread 0x000001f24278a840 nmethod 2533 0x000001f23647c890 code [0x000001f23647d080, 0x000001f236487b28]
Event: 1.980 Thread 0x000001f24251f460 2642       3       java.lang.Class::isLocalOrAnonymousClass (5 bytes)
Event: 1.980 Thread 0x000001f25d2b1a70 2643       3       java.lang.Class::hasEnclosingMethodInfo (17 bytes)
Event: 1.980 Thread 0x000001f24251f460 nmethod 2642 0x000001f22ecd2510 code [0x000001f22ecd26c0, 0x000001f22ecd28d8]
Event: 1.980 Thread 0x000001f25d2b1a70 nmethod 2643 0x000001f22ecd2990 code [0x000001f22ecd2b40, 0x000001f22ecd2d18]

GC Heap History (6 events):
Event: 0.226 GC heap before
{Heap before GC invocations=0 (full 0):
 garbage-first heap   total 262144K, used 23552K [0x00000000e0000000, 0x0000000100000000)
  region size 1024K, 23 young (23552K), 0 survivors (0K)
 Metaspace       used 834K, committed 960K, reserved 393216K
  class space    used 61K, committed 128K, reserved 327680K
}
Event: 0.229 GC heap after
{Heap after GC invocations=1 (full 0):
 garbage-first heap   total 262144K, used 1578K [0x00000000e0000000, 0x0000000100000000)
  region size 1024K, 2 young (2048K), 2 survivors (2048K)
 Metaspace       used 834K, committed 960K, reserved 393216K
  class space    used 61K, committed 128K, reserved 327680K
}
Event: 0.655 GC heap before
{Heap before GC invocations=1 (full 0):
 garbage-first heap   total 262144K, used 42538K [0x00000000e0000000, 0x0000000100000000)
  region size 1024K, 38 young (38912K), 2 survivors (2048K)
 Metaspace       used 4633K, committed 4800K, reserved 393216K
  class space    used 574K, committed 640K, reserved 327680K
}
Event: 0.669 GC heap after
{Heap after GC invocations=2 (full 0):
 garbage-first heap   total 262144K, used 11431K [0x00000000e0000000, 0x0000000100000000)
  region size 1024K, 5 young (5120K), 5 survivors (5120K)
 Metaspace       used 4633K, committed 4800K, reserved 393216K
  class space    used 574K, committed 640K, reserved 327680K
}
Event: 1.583 GC heap before
{Heap before GC invocations=2 (full 0):
 garbage-first heap   total 262144K, used 107687K [0x00000000e0000000, 0x0000000100000000)
  region size 1024K, 98 young (100352K), 5 survivors (5120K)
 Metaspace       used 13500K, committed 13760K, reserved 393216K
  class space    used 1821K, committed 1984K, reserved 327680K
}
Event: 1.602 GC heap after
{Heap after GC invocations=3 (full 0):
 garbage-first heap   total 262144K, used 20850K [0x00000000e0000000, 0x0000000100000000)
  region size 1024K, 13 young (13312K), 13 survivors (13312K)
 Metaspace       used 13500K, committed 13760K, reserved 393216K
  class space    used 1821K, committed 1984K, reserved 327680K
}

Dll operation events (15 events):
Event: 0.006 Loaded shared library C:\Program Files\Eclipse Adoptium\jdk-17.0.16.8-hotspot\bin\java.dll
Event: 0.022 Loaded shared library C:\Program Files\Eclipse Adoptium\jdk-17.0.16.8-hotspot\bin\jsvml.dll
Event: 0.062 Loaded shared library C:\Program Files\Eclipse Adoptium\jdk-17.0.16.8-hotspot\bin\zip.dll
Event: 0.064 Loaded shared library C:\Program Files\Eclipse Adoptium\jdk-17.0.16.8-hotspot\bin\instrument.dll
Event: 0.068 Loaded shared library C:\Program Files\Eclipse Adoptium\jdk-17.0.16.8-hotspot\bin\net.dll
Event: 0.069 Loaded shared library C:\Program Files\Eclipse Adoptium\jdk-17.0.16.8-hotspot\bin\nio.dll
Event: 0.070 Loaded shared library C:\Program Files\Eclipse Adoptium\jdk-17.0.16.8-hotspot\bin\zip.dll
Event: 0.232 Loaded shared library C:\Program Files\Eclipse Adoptium\jdk-17.0.16.8-hotspot\bin\jimage.dll
Event: 0.382 Loaded shared library C:\Program Files\Eclipse Adoptium\jdk-17.0.16.8-hotspot\bin\verify.dll
Event: 0.403 Loaded shared library C:\Users\Admin\.gradle\native\660c5614fbf4a5f2a75b1949f50a0caf5cd603558e7d8a26e50b933a0cfb79d1\windows-amd64\native-platform.dll
Event: 0.418 Loaded shared library C:\Users\Admin\.gradle\native\0.2.8\x86_64-windows-gnu\gradle-fileevents.dll
Event: 1.032 Loaded shared library C:\Program Files\Eclipse Adoptium\jdk-17.0.16.8-hotspot\bin\management.dll
Event: 1.034 Loaded shared library C:\Program Files\Eclipse Adoptium\jdk-17.0.16.8-hotspot\bin\management_ext.dll
Event: 1.166 Loaded shared library C:\Program Files\Eclipse Adoptium\jdk-17.0.16.8-hotspot\bin\extnet.dll
Event: 1.338 Loaded shared library C:\Program Files\Eclipse Adoptium\jdk-17.0.16.8-hotspot\bin\sunmscapi.dll

Deoptimization events (20 events):
Event: 1.733 Thread 0x000001f2422d3160 DEOPT PACKING pc=0x000001f236432c14 sp=0x00000087407fa330
Event: 1.733 Thread 0x000001f2422d3160 DEOPT UNPACKING pc=0x000001f235c369a3 sp=0x00000087407fa260 mode 2
Event: 1.749 Thread 0x000001f2422d3160 Uncommon trap: trap_request=0xffffff45 fr.pc=0x000001f236350b3c relative=0x0000000000000a9c
Event: 1.749 Thread 0x000001f2422d3160 Uncommon trap: reason=unstable_if action=reinterpret pc=0x000001f236350b3c method=java.io.WinNTFileSystem.resolve(Ljava/lang/String;Ljava/lang/String;)Ljava/lang/String; @ 19 c2
Event: 1.749 Thread 0x000001f2422d3160 DEOPT PACKING pc=0x000001f236350b3c sp=0x00000087407fae90
Event: 1.749 Thread 0x000001f2422d3160 DEOPT UNPACKING pc=0x000001f235c369a3 sp=0x00000087407fae38 mode 2
Event: 1.750 Thread 0x000001f2422d3160 Uncommon trap: trap_request=0xffffff45 fr.pc=0x000001f23635ee18 relative=0x00000000000005d8
Event: 1.750 Thread 0x000001f2422d3160 Uncommon trap: reason=unstable_if action=reinterpret pc=0x000001f23635ee18 method=java.io.File.getName()Ljava/lang/String; @ 16 c2
Event: 1.750 Thread 0x000001f2422d3160 DEOPT PACKING pc=0x000001f23635ee18 sp=0x00000087407fae40
Event: 1.750 Thread 0x000001f2422d3160 DEOPT UNPACKING pc=0x000001f235c369a3 sp=0x00000087407fae10 mode 2
Event: 1.792 Thread 0x000001f2422d3160 Uncommon trap: trap_request=0xffffff45 fr.pc=0x000001f236427bf8 relative=0x00000000000000d8
Event: 1.792 Thread 0x000001f2422d3160 Uncommon trap: reason=unstable_if action=reinterpret pc=0x000001f236427bf8 method=java.util.HashMap.hash(Ljava/lang/Object;)I @ 1 c2
Event: 1.792 Thread 0x000001f2422d3160 DEOPT PACKING pc=0x000001f236427bf8 sp=0x00000087407fbb80
Event: 1.792 Thread 0x000001f2422d3160 DEOPT UNPACKING pc=0x000001f235c369a3 sp=0x00000087407fbac0 mode 2
Event: 1.917 Thread 0x000001f2422d3160 DEOPT PACKING pc=0x000001f22ebb7e4a sp=0x00000087407fb520
Event: 1.917 Thread 0x000001f2422d3160 DEOPT UNPACKING pc=0x000001f235c37143 sp=0x00000087407faa30 mode 0
Event: 1.935 Thread 0x000001f2422d3160 DEOPT PACKING pc=0x000001f22ebb7e29 sp=0x00000087407f9680
Event: 1.935 Thread 0x000001f2422d3160 DEOPT UNPACKING pc=0x000001f235c37143 sp=0x00000087407f8b90 mode 0
Event: 1.943 Thread 0x000001f2422d3160 DEOPT PACKING pc=0x000001f22ebb7e4a sp=0x00000087407f54c0
Event: 1.943 Thread 0x000001f2422d3160 DEOPT UNPACKING pc=0x000001f235c37143 sp=0x00000087407f49d0 mode 0

Classes loaded (20 events):
Event: 1.733 Loading class sun/security/provider/ByteArrayAccess$LE
Event: 1.733 Loading class sun/security/provider/ByteArrayAccess$LE done
Event: 1.749 Loading class java/io/File$TempDirectory
Event: 1.749 Loading class java/io/File$TempDirectory done
Event: 1.773 Loading class java/util/concurrent/Semaphore
Event: 1.774 Loading class java/util/concurrent/Semaphore done
Event: 1.777 Loading class java/nio/file/FileVisitOption
Event: 1.777 Loading class java/nio/file/FileVisitOption done
Event: 1.779 Loading class java/util/stream/ReduceOps$1
Event: 1.779 Loading class java/util/stream/ReduceOps$1 done
Event: 1.779 Loading class java/util/stream/ReduceOps$1ReducingSink
Event: 1.779 Loading class java/util/stream/ReduceOps$1ReducingSink done
Event: 1.813 Loading class java/util/function/UnaryOperator
Event: 1.813 Loading class java/util/function/UnaryOperator done
Event: 1.839 Loading class java/util/Collections$2
Event: 1.839 Loading class java/util/Collections$2 done
Event: 1.985 Loading class java/security/InvalidKeyException
Event: 1.985 Loading class java/security/KeyException
Event: 1.985 Loading class java/security/KeyException done
Event: 1.985 Loading class java/security/InvalidKeyException done

Classes unloaded (0 events):
No events

Classes redefined (0 events):
No events

Internal exceptions (20 events):
Event: 1.299 Thread 0x000001f226c3e8b0 Implicit null exception at 0x000001f236380cf2 to 0x000001f2363812c8
Event: 1.303 Thread 0x000001f226c3e8b0 Exception <a 'java/lang/NoSuchMethodError'{0x00000000eb3b0320}: 'java.lang.Object java.lang.invoke.DirectMethodHandle$Holder.newInvokeSpecial(java.lang.Object, java.lang.Object, java.lang.Object, java.lang.Object, java.lang.Object)'> (0x00000000eb3b0320) 
thrown [s\src\hotspot\share\interpreter\linkResolver.cpp, line 759]
Event: 1.379 Thread 0x000001f2422d1d20 Exception <a 'java/lang/NoSuchMethodError'{0x00000000eb067c50}: 'void java.lang.invoke.DirectMethodHandle$Holder.invokeSpecial(java.lang.Object, java.lang.Object, java.lang.Object)'> (0x00000000eb067c50) 
thrown [s\src\hotspot\share\interpreter\linkResolver.cpp, line 759]
Event: 1.423 Thread 0x000001f2422d3160 Exception <a 'java/lang/NoSuchMethodError'{0x00000000eaa066c0}: 'long java.lang.invoke.DirectMethodHandle$Holder.invokeInterface(java.lang.Object, java.lang.Object)'> (0x00000000eaa066c0) 
thrown [s\src\hotspot\share\interpreter\linkResolver.cpp, line 759]
Event: 1.470 Thread 0x000001f2422d3160 Exception <a 'java/lang/NoSuchMethodError'{0x00000000ea61c5e8}: 'void java.lang.invoke.DirectMethodHandle$Holder.invokeStatic(java.lang.Object, java.lang.Object)'> (0x00000000ea61c5e8) 
thrown [s\src\hotspot\share\interpreter\linkResolver.cpp, line 759]
Event: 1.497 Thread 0x000001f2422d3160 Exception <a 'java/lang/NoSuchMethodError'{0x00000000ea46aaf8}: 'int java.lang.invoke.DirectMethodHandle$Holder.invokeVirtual(java.lang.Object, java.lang.Object, java.lang.Object)'> (0x00000000ea46aaf8) 
thrown [s\src\hotspot\share\interpreter\linkResolver.cpp, line 759]
Event: 1.530 Thread 0x000001f2422d3160 Exception <a 'java/lang/NoSuchMethodError'{0x00000000ea1314e0}: 'java.lang.Object java.lang.invoke.DirectMethodHandle$Holder.newInvokeSpecial(java.lang.Object, java.lang.Object, java.lang.Object, java.lang.Object, java.lang.Object, java.lang.Object)'> (0x00000000ea1314e0) 
thrown [s\src\hotspot\share\interpreter\linkResolver.cpp, line 759]
Event: 1.569 Thread 0x000001f2422d3160 Exception <a 'java/lang/NoSuchMethodError'{0x00000000e9e19738}: 'void java.lang.invoke.DelegatingMethodHandle$Holder.reinvoke_L(java.lang.Object, java.lang.Object, java.lang.Object, java.lang.Object, java.lang.Object, java.lang.Object, java.lang.Object, java.lang.Object, java.lang.Object, java.lang.Object)'> (0x00000000e9e19738) 
thrown [s\src\hotspot\share\interpreter\linkResolver.cpp, line 759]
Event: 1.570 Thread 0x000001f2422d3160 Exception <a 'java/lang/NoSuchMethodError'{0x00000000e9e21ba8}: 'java.lang.Object java.lang.invoke.DirectMethodHandle$Holder.invokeSpecial(java.lang.Object, java.lang.Object, java.lang.Object, java.lang.Object, java.lang.Object, java.lang.Object, java.lang.Object, java.lang.Object, java.lang.Object, java.lang.Object)'> (0x00000000e9e21ba8) 
thrown [s\src\hotspot\share\interpreter\linkResolver.cpp, line 759]
Event: 1.570 Thread 0x000001f2422d3160 Exception <a 'java/lang/NoSuchMethodError'{0x00000000e9e26478}: 'java.lang.Object java.lang.invoke.Invokers$Holder.invoker(java.lang.Object, java.lang.Object, java.lang.Object, java.lang.Object, java.lang.Object, java.lang.Object, java.lang.Object, java.lang.Object, java.lang.Object, java.lang.Object)'> (0x00000000e9e26478) 
thrown [s\src\hotspot\share\interpreter\linkResolver.cpp, line 759]
Event: 1.570 Thread 0x000001f2422d3160 Exception <a 'java/lang/NoSuchMethodError'{0x00000000e9e2c080}: 'java.lang.Object java.lang.invoke.DirectMethodHandle$Holder.invokeSpecial(java.lang.Object, java.lang.Object, java.lang.Object, java.lang.Object, java.lang.Object, java.lang.Object, java.lang.Object, java.lang.Object, java.lang.Object, java.lang.Object, java.lang.Object)'> (0x00000000e9e2c080) 
thrown [s\src\hotspot\share\interpreter\linkResolver.cpp, line 759]
Event: 1.686 Thread 0x000001f2422d3160 Exception <a 'java/lang/NoSuchMethodError'{0x00000000ef7b72e8}: 'java.lang.Object java.lang.invoke.DirectMethodHandle$Holder.newInvokeSpecial(java.lang.Object, java.lang.Object, int)'> (0x00000000ef7b72e8) 
thrown [s\src\hotspot\share\interpreter\linkResolver.cpp, line 759]
Event: 1.724 Thread 0x000001f2422d3160 Exception <a 'java/lang/NoSuchMethodError'{0x00000000ef4783b8}: 'int java.lang.invoke.DirectMethodHandle$Holder.invokeStatic(java.lang.Object, java.lang.Object, int)'> (0x00000000ef4783b8) 
thrown [s\src\hotspot\share\interpreter\linkResolver.cpp, line 759]
Event: 1.756 Thread 0x000001f2422d3160 Exception <a 'java/lang/NoSuchMethodError'{0x00000000ef2d7870}: 'void java.lang.invoke.DirectMethodHandle$Holder.invokeStatic(java.lang.Object, java.lang.Object, java.lang.Object, java.lang.Object)'> (0x00000000ef2d7870) 
thrown [s\src\hotspot\share\interpreter\linkResolver.cpp, line 759]
Event: 1.756 Thread 0x000001f2422d3160 Exception <a 'java/lang/NoSuchMethodError'{0x00000000ef2dbd10}: 'void java.lang.invoke.DirectMethodHandle$Holder.invokeStaticInit(java.lang.Object, java.lang.Object, java.lang.Object, java.lang.Object)'> (0x00000000ef2dbd10) 
thrown [s\src\hotspot\share\interpreter\linkResolver.cpp, line 759]
Event: 1.762 Thread 0x000001f2422d3160 Exception <a 'java/lang/NoSuchMethodError'{0x00000000ef1562f0}: 'java.lang.Object java.lang.invoke.DirectMethodHandle$Holder.invokeInterface(java.lang.Object, java.lang.Object, java.lang.Object)'> (0x00000000ef1562f0) 
thrown [s\src\hotspot\share\interpreter\linkResolver.cpp, line 759]
Event: 1.778 Thread 0x000001f2422d3160 Exception <a 'java/lang/NoSuchMethodError'{0x00000000ef0457b0}: 'int java.lang.invoke.DirectMethodHandle$Holder.invokeSpecialIFC(java.lang.Object, java.lang.Object, java.lang.Object, java.lang.Object)'> (0x00000000ef0457b0) 
thrown [s\src\hotspot\share\interpreter\linkResolver.cpp, line 759]
Event: 1.778 Thread 0x000001f2422d3160 Exception <a 'java/lang/IncompatibleClassChangeError'{0x00000000ef054598}: Found class java.lang.Object, but interface was expected> (0x00000000ef054598) 
thrown [s\src\hotspot\share\interpreter\linkResolver.cpp, line 826]
Event: 1.792 Thread 0x000001f2422d3160 Implicit null exception at 0x000001f236427b58 to 0x000001f236427bee
Event: 1.830 Thread 0x000001f2422d3160 Exception <a 'java/lang/IncompatibleClassChangeError'{0x00000000eeb89378}: Found class java.lang.Object, but interface was expected> (0x00000000eeb89378) 
thrown [s\src\hotspot\share\interpreter\linkResolver.cpp, line 826]

VM Operations (20 events):
Event: 1.114 Executing VM operation: ICBufferFull
Event: 1.114 Executing VM operation: ICBufferFull done
Event: 1.164 Executing VM operation: HandshakeAllThreads
Event: 1.164 Executing VM operation: HandshakeAllThreads done
Event: 1.206 Executing VM operation: HandshakeAllThreads
Event: 1.206 Executing VM operation: HandshakeAllThreads done
Event: 1.220 Executing VM operation: HandshakeAllThreads
Event: 1.220 Executing VM operation: HandshakeAllThreads done
Event: 1.244 Executing VM operation: HandshakeAllThreads
Event: 1.244 Executing VM operation: HandshakeAllThreads done
Event: 1.341 Executing VM operation: HandshakeAllThreads
Event: 1.341 Executing VM operation: HandshakeAllThreads done
Event: 1.573 Executing VM operation: ICBufferFull
Event: 1.573 Executing VM operation: ICBufferFull done
Event: 1.583 Executing VM operation: G1CollectForAllocation
Event: 1.602 Executing VM operation: G1CollectForAllocation done
Event: 1.823 Executing VM operation: HandshakeAllThreads
Event: 1.823 Executing VM operation: HandshakeAllThreads done
Event: 1.823 Executing VM operation: HandshakeAllThreads
Event: 1.823 Executing VM operation: HandshakeAllThreads done

Memory protections (0 events):
No events

Nmethod flushes (0 events):
No events

Events (20 events):
Event: 0.054 Thread 0x000001f2423f1790 Thread added: 0x000001f242537120
Event: 0.076 Thread 0x000001f226c3e8b0 Thread added: 0x000001f2422d2230
Event: 0.223 Thread 0x000001f2423f1790 Thread added: 0x000001f242844f10
Event: 0.224 Thread 0x000001f2423f0130 Thread added: 0x000001f24278a840
Event: 0.224 Thread 0x000001f2423f0130 Thread added: 0x000001f24278ad60
Event: 0.493 Thread 0x000001f2423f1790 Thread added: 0x000001f25d2b1a70
Event: 1.059 Thread 0x000001f226c3e8b0 Thread added: 0x000001f2422d0df0
Event: 1.264 Thread 0x000001f226c3e8b0 Thread added: 0x000001f2422d1810
Event: 1.306 Thread 0x000001f226c3e8b0 Thread added: 0x000001f2422d3b80
Event: 1.357 Thread 0x000001f2422d1810 Thread added: 0x000001f2422d1d20
Event: 1.359 Thread 0x000001f2422d1d20 Thread added: 0x000001f2422d2c50
Event: 1.376 Thread 0x000001f2422d1d20 Thread added: 0x000001f2422d2740
Event: 1.380 Thread 0x000001f2422d1d20 Thread added: 0x000001f2422d3160
Event: 1.386 Thread 0x000001f2422d3160 Thread added: 0x000001f25e16fae0
Event: 1.388 Thread 0x000001f2422d3160 Thread added: 0x000001f25e168b80
Event: 1.392 Thread 0x000001f2422d3160 Thread added: 0x000001f25e16a4d0
Event: 1.685 Thread 0x000001f2422d3160 Thread added: 0x000001f25e169090
Event: 1.690 Thread 0x000001f2422d3160 Thread added: 0x000001f25e169ab0
Event: 1.724 Thread 0x000001f24278ad60 Thread exited: 0x000001f24278ad60
Event: 1.741 Thread 0x000001f2422d3160 Thread added: 0x000001f25e16e190


Dynamic libraries:
0x00007ff717840000 - 0x00007ff71784e000 	C:\Program Files\Eclipse Adoptium\jdk-17.0.16.8-hotspot\bin\java.exe
0x00007ffb85690000 - 0x00007ffb858a7000 	C:\Windows\SYSTEM32\ntdll.dll
0x00007ffb844c0000 - 0x00007ffb84584000 	C:\Windows\System32\KERNEL32.DLL
0x00007ffb829a0000 - 0x00007ffb82d57000 	C:\Windows\System32\KERNELBASE.dll
0x00007ffb82f30000 - 0x00007ffb83041000 	C:\Windows\System32\ucrtbase.dll
0x00007ffb6be20000 - 0x00007ffb6be3e000 	C:\Program Files\Eclipse Adoptium\jdk-17.0.16.8-hotspot\bin\VCRUNTIME140.dll
0x00007ffb6be40000 - 0x00007ffb6be57000 	C:\Program Files\Eclipse Adoptium\jdk-17.0.16.8-hotspot\bin\jli.dll
0x00007ffb834a0000 - 0x00007ffb8364f000 	C:\Windows\System32\USER32.dll
0x00007ffb832d0000 - 0x00007ffb832f6000 	C:\Windows\System32\win32u.dll
0x00007ffb84b30000 - 0x00007ffb84b59000 	C:\Windows\System32\GDI32.dll
0x00007ffb68690000 - 0x00007ffb68923000 	C:\Windows\WinSxS\amd64_microsoft.windows.common-controls_6595b64144ccf1df_6.0.22621.3672_none_2713b9d173822955\COMCTL32.dll
0x00007ffb82de0000 - 0x00007ffb82ef8000 	C:\Windows\System32\gdi32full.dll
0x00007ffb84c90000 - 0x00007ffb84d37000 	C:\Windows\System32\msvcrt.dll
0x00007ffb83050000 - 0x00007ffb830ea000 	C:\Windows\System32\msvcp_win.dll
0x00007ffb84640000 - 0x00007ffb84671000 	C:\Windows\System32\IMM32.DLL
0x00007ffb6be10000 - 0x00007ffb6be1c000 	C:\Program Files\Eclipse Adoptium\jdk-17.0.16.8-hotspot\bin\vcruntime140_1.dll
0x00007ffb69ba0000 - 0x00007ffb69c2d000 	C:\Program Files\Eclipse Adoptium\jdk-17.0.16.8-hotspot\bin\msvcp140.dll
0x00007ffae68e0000 - 0x00007ffae754b000 	C:\Program Files\Eclipse Adoptium\jdk-17.0.16.8-hotspot\bin\server\jvm.dll
0x00007ffb83960000 - 0x00007ffb83a12000 	C:\Windows\System32\ADVAPI32.dll
0x00007ffb84590000 - 0x00007ffb84638000 	C:\Windows\System32\sechost.dll
0x00007ffb82f00000 - 0x00007ffb82f28000 	C:\Windows\System32\bcrypt.dll
0x00007ffb84680000 - 0x00007ffb84794000 	C:\Windows\System32\RPCRT4.dll
0x00007ffb84d40000 - 0x00007ffb84db1000 	C:\Windows\System32\WS2_32.dll
0x00007ffb77a90000 - 0x00007ffb77a9a000 	C:\Windows\SYSTEM32\VERSION.dll
0x00007ffb81810000 - 0x00007ffb8185d000 	C:\Windows\SYSTEM32\POWRPROF.dll
0x00007ffb78fb0000 - 0x00007ffb78fe4000 	C:\Windows\SYSTEM32\WINMM.dll
0x00007ffb817f0000 - 0x00007ffb81803000 	C:\Windows\SYSTEM32\UMPDC.dll
0x00007ffb81a40000 - 0x00007ffb81a58000 	C:\Windows\SYSTEM32\kernel.appcore.dll
0x00007ffb6be00000 - 0x00007ffb6be0a000 	C:\Program Files\Eclipse Adoptium\jdk-17.0.16.8-hotspot\bin\jimage.dll
0x00007ffb7fb50000 - 0x00007ffb7fd82000 	C:\Windows\SYSTEM32\DBGHELP.DLL
0x00007ffb83aa0000 - 0x00007ffb83e2e000 	C:\Windows\System32\combase.dll
0x00007ffb833c0000 - 0x00007ffb83497000 	C:\Windows\System32\OLEAUT32.dll
0x00007ffb66ae0000 - 0x00007ffb66b12000 	C:\Windows\SYSTEM32\dbgcore.DLL
0x00007ffb82d60000 - 0x00007ffb82ddb000 	C:\Windows\System32\bcryptPrimitives.dll
0x00007ffb6bdf0000 - 0x00007ffb6bdfe000 	C:\Program Files\Eclipse Adoptium\jdk-17.0.16.8-hotspot\bin\instrument.dll
0x00007ffb69b70000 - 0x00007ffb69b95000 	C:\Program Files\Eclipse Adoptium\jdk-17.0.16.8-hotspot\bin\java.dll
0x00007ffb284d0000 - 0x00007ffb285a7000 	C:\Program Files\Eclipse Adoptium\jdk-17.0.16.8-hotspot\bin\jsvml.dll
0x00007ffb84de0000 - 0x00007ffb85649000 	C:\Windows\System32\SHELL32.dll
0x00007ffb808d0000 - 0x00007ffb811cf000 	C:\Windows\SYSTEM32\windows.storage.dll
0x00007ffb80790000 - 0x00007ffb808cf000 	C:\Windows\SYSTEM32\wintypes.dll
0x00007ffb849d0000 - 0x00007ffb84ac9000 	C:\Windows\System32\SHCORE.dll
0x00007ffb84960000 - 0x00007ffb849be000 	C:\Windows\System32\shlwapi.dll
0x00007ffb828d0000 - 0x00007ffb828f7000 	C:\Windows\SYSTEM32\profapi.dll
0x00007ffb69b50000 - 0x00007ffb69b68000 	C:\Program Files\Eclipse Adoptium\jdk-17.0.16.8-hotspot\bin\zip.dll
0x00007ffb69b30000 - 0x00007ffb69b49000 	C:\Program Files\Eclipse Adoptium\jdk-17.0.16.8-hotspot\bin\net.dll
0x00007ffb7c2b0000 - 0x00007ffb7c3e6000 	C:\Windows\SYSTEM32\WINHTTP.dll
0x00007ffb81f00000 - 0x00007ffb81f69000 	C:\Windows\system32\mswsock.dll
0x00007ffb284b0000 - 0x00007ffb284c6000 	C:\Program Files\Eclipse Adoptium\jdk-17.0.16.8-hotspot\bin\nio.dll
0x00007ffb6b580000 - 0x00007ffb6b590000 	C:\Program Files\Eclipse Adoptium\jdk-17.0.16.8-hotspot\bin\verify.dll
0x00007ffb285b0000 - 0x00007ffb285d7000 	C:\Users\Admin\.gradle\native\660c5614fbf4a5f2a75b1949f50a0caf5cd603558e7d8a26e50b933a0cfb79d1\windows-amd64\native-platform.dll
0x00007ffb28430000 - 0x00007ffb284a7000 	C:\Users\Admin\.gradle\native\0.2.8\x86_64-windows-gnu\gradle-fileevents.dll
0x00007ffb7f3f0000 - 0x00007ffb7f3fa000 	C:\Program Files\Eclipse Adoptium\jdk-17.0.16.8-hotspot\bin\management.dll
0x00007ffb7f3e0000 - 0x00007ffb7f3eb000 	C:\Program Files\Eclipse Adoptium\jdk-17.0.16.8-hotspot\bin\management_ext.dll
0x00007ffb84b60000 - 0x00007ffb84b68000 	C:\Windows\System32\PSAPI.DLL
0x00007ffb814a0000 - 0x00007ffb814cd000 	C:\Windows\SYSTEM32\IPHLPAPI.DLL
0x00007ffb849c0000 - 0x00007ffb849c9000 	C:\Windows\System32\NSI.dll
0x00007ffb7c110000 - 0x00007ffb7c129000 	C:\Windows\SYSTEM32\dhcpcsvc6.DLL
0x00007ffb7c0f0000 - 0x00007ffb7c10f000 	C:\Windows\SYSTEM32\dhcpcsvc.DLL
0x00007ffb81510000 - 0x00007ffb81612000 	C:\Windows\SYSTEM32\DNSAPI.dll
0x00007ffb7eba0000 - 0x00007ffb7eba9000 	C:\Program Files\Eclipse Adoptium\jdk-17.0.16.8-hotspot\bin\extnet.dll
0x00007ffb82150000 - 0x00007ffb8216b000 	C:\Windows\SYSTEM32\CRYPTSP.dll
0x00007ffb81a00000 - 0x00007ffb81a35000 	C:\Windows\system32\rsaenh.dll
0x00007ffb81fb0000 - 0x00007ffb81fd8000 	C:\Windows\SYSTEM32\USERENV.dll
0x00007ffb82110000 - 0x00007ffb8211c000 	C:\Windows\SYSTEM32\CRYPTBASE.dll
0x00007ffb7e0a0000 - 0x00007ffb7e0ae000 	C:\Program Files\Eclipse Adoptium\jdk-17.0.16.8-hotspot\bin\sunmscapi.dll
0x00007ffb830f0000 - 0x00007ffb83256000 	C:\Windows\System32\CRYPT32.dll
0x00007ffb82340000 - 0x00007ffb8236d000 	C:\Windows\SYSTEM32\ncrypt.dll
0x00007ffb82300000 - 0x00007ffb82337000 	C:\Windows\SYSTEM32\NTASN1.dll
0x00007ffb4c020000 - 0x00007ffb4c028000 	C:\Windows\system32\wshunix.dll

dbghelp: loaded successfully - version: 4.0.5 - missing functions: none
symbol engine: initialized successfully - sym options: 0x614 - pdb path: .;C:\Program Files\Eclipse Adoptium\jdk-17.0.16.8-hotspot\bin;C:\Windows\SYSTEM32;C:\Windows\WinSxS\amd64_microsoft.windows.common-controls_6595b64144ccf1df_6.0.22621.3672_none_2713b9d173822955;C:\Program Files\Eclipse Adoptium\jdk-17.0.16.8-hotspot\bin\server;C:\Users\Admin\.gradle\native\660c5614fbf4a5f2a75b1949f50a0caf5cd603558e7d8a26e50b933a0cfb79d1\windows-amd64;C:\Users\Admin\.gradle\native\0.2.8\x86_64-windows-gnu

VM Arguments:
jvm_args: --add-opens=java.base/java.lang=ALL-UNNAMED --add-opens=java.base/java.lang.invoke=ALL-UNNAMED --add-opens=java.base/java.util=ALL-UNNAMED --add-opens=java.prefs/java.util.prefs=ALL-UNNAMED --add-exports=jdk.compiler/com.sun.tools.javac.api=ALL-UNNAMED --add-exports=jdk.compiler/com.sun.tools.javac.util=ALL-UNNAMED --add-opens=java.base/java.util=ALL-UNNAMED --add-opens=java.prefs/java.util.prefs=ALL-UNNAMED --add-opens=java.base/java.nio.charset=ALL-UNNAMED --add-opens=java.base/java.net=ALL-UNNAMED --add-opens=java.base/java.util.concurrent=ALL-UNNAMED --add-opens=java.base/java.util.concurrent.atomic=ALL-UNNAMED --add-opens=java.xml/javax.xml.namespace=ALL-UNNAMED --add-opens=java.base/java.time=ALL-UNNAMED -XX:MaxMetaspaceSize=384m -XX:+HeapDumpOnOutOfMemoryError -Xms256m -Xmx512m -Dfile.encoding=UTF-8 -Duser.country=US -Duser.language=en -Duser.variant -javaagent:C:\Users\Admin\.gradle\wrapper\dists\gradle-9.2.1-bin\2t0n5ozlw9xmuyvbp7dnzaxug\gradle-9.2.1\lib\agents\gradle-instrumentation-agent-9.2.1.jar 
java_command: org.gradle.launcher.daemon.bootstrap.GradleDaemon 9.2.1
java_class_path (initial): C:\Users\Admin\.gradle\wrapper\dists\gradle-9.2.1-bin\2t0n5ozlw9xmuyvbp7dnzaxug\gradle-9.2.1\lib\gradle-daemon-main-9.2.1.jar
Launcher Type: SUN_STANDARD

[Global flags]
     intx CICompilerCount                          = 12                                        {product} {ergonomic}
   size_t CompressedClassSpaceSize                 = 335544320                                 {product} {ergonomic}
     uint ConcGCThreads                            = 3                                         {product} {ergonomic}
     uint G1ConcRefinementThreads                  = 13                                        {product} {ergonomic}
   size_t G1HeapRegionSize                         = 1048576                                   {product} {ergonomic}
    uintx GCDrainStackTargetSize                   = 64                                        {product} {ergonomic}
     bool HeapDumpOnOutOfMemoryError               = true                                   {manageable} {command line}
   size_t InitialHeapSize                          = 268435456                                 {product} {command line}
   size_t MarkStackSize                            = 4194304                                   {product} {ergonomic}
   size_t MaxHeapSize                              = 536870912                                 {product} {command line}
   size_t MaxMetaspaceSize                         = 402653184                                 {product} {command line}
   size_t MaxNewSize                               = 321912832                                 {product} {ergonomic}
   size_t MinHeapDeltaBytes                        = 1048576                                   {product} {ergonomic}
   size_t MinHeapSize                              = 268435456                                 {product} {command line}
    uintx NonNMethodCodeHeapSize                   = 7602480                                {pd product} {ergonomic}
    uintx NonProfiledCodeHeapSize                  = 122027880                              {pd product} {ergonomic}
    uintx ProfiledCodeHeapSize                     = 122027880                              {pd product} {ergonomic}
    uintx ReservedCodeCacheSize                    = 251658240                              {pd product} {ergonomic}
     bool SegmentedCodeCache                       = true                                      {product} {ergonomic}
   size_t SoftMaxHeapSize                          = 536870912                              {manageable} {ergonomic}
     bool UseCompressedClassPointers               = true                           {product lp64_product} {ergonomic}
     bool UseCompressedOops                        = true                           {product lp64_product} {ergonomic}
     bool UseG1GC                                  = true                                      {product} {ergonomic}
     bool UseLargePagesIndividualAllocation        = false                                  {pd product} {ergonomic}

Logging:
Log output configuration:
 #0: stdout all=warning uptime,level,tags
 #1: stderr all=off uptime,level,tags

Environment Variables:
JAVA_HOME=C:\Program Files\Eclipse Adoptium\jdk-17.0.16.8-hotspot\
PATH=C:\Program Files\Eclipse Adoptium\jdk-17.0.16.8-hotspot\bin;C:\Program Files\Common Files\Oracle\Java\javapath;C:\Windows\system32;C:\Windows;C:\Windows\System32\Wbem;C:\Windows\System32\WindowsPowerShell\v1.0\;C:\Windows\System32\OpenSSH\;C:\Program Files\Eclipse Adoptium\jdk-17.0.16.8-hotspot\\bin;D:\Git\cmd;C:\Users\Admin\AppData\Local\Programs\Python\Python314\;C:\Users\Admin\AppData\Local\Programs\Python\Python314\Scripts\;;C:\Program Files\NVIDIA Corporation\NVIDIA App\NvDLISR;C:\Program Files (x86)\NVIDIA Corporation\PhysX\Common;C:\Program Files\dotnet\;C:\Program Files\Microsoft SQL Server\170\Tools\Binn\;C:\Program Files\Microsoft SQL Server\Client SDK\ODBC\170\Tools\Binn\;C:\Program Files (x86)\Microsoft SQL Server\170\Tools\Binn\;C:\Program Files\Microsoft SQL Server\Client SDK\ODBC\180\Tools\Binn\;C:\Program Files\Microsoft SQL Server\170\DTS\Binn\;C:\Program Files\nodejs\;C:\ProgramData\chocolatey\bin;C:\Program Files\Docker\Docker\resources\bin;C:\Program Files (x86)\Microsoft SQL Server\160\DTS\Binn\;C:\Program Files\cursor\resources\app\bin;C:\Program Files\Eclipse Adoptium\jdk-17.0.16.8-hotspot\bin;C:\Program Files\Common Files\Oracle\Java\javapath;C:\Windows\system32;C:\Windows;C:\Windows\System32\Wbem;C:\Windows\System32\WindowsPowerShell\v1.0\;C:\Windows\System32\OpenSSH\;C:\Program Files\Eclipse Adoptium\jdk-17.0.16.8-hotspot\\bin;D:\Git\cmd;C:\Program Files\NVIDIA Corporation\NVIDIA App\NvDLISR;C:\Program Files\Docker\Docker\resources\bin;C:\Users\Admin\AppData\Local\Programs\Python\Python314\;C:\Users\Admin\AppData\Local\Programs\Python\Python314\Scripts\;C:\Users\Admin\AppData\Local\Microsoft\WindowsApps;D:\Microsoft VS Code\bin;C:\Users\Admin\AppData\Local\Python\bin;C:\Users\Admin\AppData\Local\Python\pythoncore-3.14-64\;C:\Users\Admin\AppData\Local\Python\pythoncore-3.14-64\Scripts";C:\Users\Admin\.dotnet\tools;C:\Users\Admin\AppData\Roaming\npm;C:\Users\Admin\AppData\Local\Programs\Antigravity\bin
USERNAME=Admin
OS=Windows_NT
PROCESSOR_IDENTIFIER=Intel64 Family 6 Model 154 Stepping 3, GenuineIntel
TMP=C:\Users\Admin\AppData\Local\Temp
TEMP=C:\Users\Admin\AppData\Local\Temp



Periodic native trim disabled


---------------  S Y S T E M  ---------------

OS:
 Windows 11 , 64 bit Build 22621 (10.0.22621.3958)
OS uptime: 0 days 23:57 hours
Hyper-V role detected

CPU: total 16 (initial active 16) (8 cores per cpu, 2 threads per core) family 6 model 154 stepping 3 microcode 0x41b, cx8, cmov, fxsr, ht, mmx, 3dnowpref, sse, sse2, sse3, ssse3, sse4.1, sse4.2, popcnt, lzcnt, tsc, tscinvbit, avx, avx2, aes, erms, clmul, bmi1, bmi2, adx, sha, fma, vzeroupper, clflush, clflushopt, clwb, hv
Processor Information for processor 0
  Max Mhz: 3100, Current Mhz: 3100, Mhz Limit: 3100
Processor Information for processor 1
  Max Mhz: 3100, Current Mhz: 3100, Mhz Limit: 3100
Processor Information for processor 2
  Max Mhz: 3100, Current Mhz: 3100, Mhz Limit: 3100
Processor Information for processor 3
  Max Mhz: 3100, Current Mhz: 3100, Mhz Limit: 3100
Processor Information for processor 4
  Max Mhz: 3100, Current Mhz: 3100, Mhz Limit: 3100
Processor Information for processor 5
  Max Mhz: 3100, Current Mhz: 3100, Mhz Limit: 3100
Processor Information for processor 6
  Max Mhz: 3100, Current Mhz: 3100, Mhz Limit: 3100
Processor Information for processor 7
  Max Mhz: 3100, Current Mhz: 3100, Mhz Limit: 3100
Processor Information for processor 8
  Max Mhz: 3100, Current Mhz: 2232, Mhz Limit: 2232
Processor Information for processor 9
  Max Mhz: 3100, Current Mhz: 1488, Mhz Limit: 2232
Processor Information for processor 10
  Max Mhz: 3100, Current Mhz: 1488, Mhz Limit: 2232
Processor Information for processor 11
  Max Mhz: 3100, Current Mhz: 1488, Mhz Limit: 2232
Processor Information for processor 12
  Max Mhz: 3100, Current Mhz: 1488, Mhz Limit: 2232
Processor Information for processor 13
  Max Mhz: 3100, Current Mhz: 1488, Mhz Limit: 2232
Processor Information for processor 14
  Max Mhz: 3100, Current Mhz: 1488, Mhz Limit: 2232
Processor Information for processor 15
  Max Mhz: 3100, Current Mhz: 1488, Mhz Limit: 2232

Memory: 4k page, system-wide physical 24280M (12423M free)
TotalPageFile size 27736M (AvailPageFile size 14785M)
current process WorkingSet (physical memory assigned to process): 259M, peak: 260M
current process commit charge ("private bytes"): 463M, peak: 463M

vm_info: OpenJDK 64-Bit Server VM (17.0.16+8) for windows-amd64 JRE (17.0.16+8), built on Jul 16 2025 10:37:56 by "admin" with MS VC++ 17.7 (VS2022)

END.
